15:47:33 INFO  : Registering command handlers for SDK TCF services
15:47:33 INFO  : Launching XSCT server: xsct.bat -interactive C:\Users\zande\Documents\VSCODE\SchoolStuff\ece153a\Labs\HardwareSetup\Lab3b\Lab3b.sdk\temp_xsdb_launch_script.tcl
15:47:35 INFO  : XSCT server has started successfully.
15:47:36 INFO  : Successfully done setting XSCT server connection channel  
15:47:36 INFO  : Successfully done setting SDK workspace  
15:47:36 INFO  : Processing command line option -hwspec C:/Users/zande/Documents/VSCODE/SchoolStuff/ece153a/Labs/HardwareSetup/Lab3b/Lab3b.sdk/system_wrapper.hdf.
15:51:23 INFO  : Refreshed build settings on project lab3b
15:52:18 INFO  : Inferring section assignments and sizes from elf file: C:\Users\zande\Documents\VSCODE\SchoolStuff\ece153a\Labs\HardwareSetup\Lab3b\Lab3b.sdk\lab3b\Debug\lab3b.elf
15:53:13 INFO  : Successfully generated C:\Users\zande\Documents\VSCODE\SchoolStuff\ece153a\Labs\HardwareSetup\Lab3b\Lab3b.sdk\lab3b\src\lscript.ld.
15:53:13 INFO  : Applying linker script to all configurations of project lab3b.
15:53:13 INFO  : Setting rebuild state to true for all configurations of project lab3b.
15:53:37 INFO  : 'targets -set -filter {jtag_cable_name =~ "Digilent Nexys A7 -100T 210292B62099A" && level==0} -index 0' command is executed.
15:53:37 INFO  : 'fpga -state' command is executed.
15:53:37 INFO  : Connected to target on host '127.0.0.1' and port '3121'.
15:53:37 INFO  : Jtag cable 'Digilent Nexys A7 -100T 210292B62099A' is selected.
15:53:37 INFO  : 'jtag frequency' command is executed.
15:53:37 INFO  : 'configparams mdm-detect-bscan-mask 2' command is executed.
15:53:37 INFO  : Context for processor 'microblaze_0' is selected.
15:53:37 INFO  : Processor reset is completed for 'microblaze_0'.
15:53:37 INFO  : Context for processor 'microblaze_0' is selected.
15:53:37 INFO  : The application 'C:/Users/zande/Documents/VSCODE/SchoolStuff/ece153a/Labs/HardwareSetup/Lab3b/Lab3b.sdk/lab3b/Debug/lab3b.elf' is downloaded to processor 'microblaze_0'.
15:53:37 INFO  : ----------------XSDB Script----------------
connect -url tcp:127.0.0.1:3121
configparams mdm-detect-bscan-mask 2
targets -set -nocase -filter {name =~ "microblaze*#0" && bscan=="USER2"  && jtag_cable_name =~ "Digilent Nexys A7 -100T 210292B62099A"} -index 0
rst -processor
targets -set -nocase -filter {name =~ "microblaze*#0" && bscan=="USER2"  && jtag_cable_name =~ "Digilent Nexys A7 -100T 210292B62099A"} -index 0
dow C:/Users/zande/Documents/VSCODE/SchoolStuff/ece153a/Labs/HardwareSetup/Lab3b/Lab3b.sdk/lab3b/Debug/lab3b.elf
----------------End of Script----------------

15:53:37 INFO  : Memory regions updated for context MicroBlaze #0
15:53:37 INFO  : Memory regions updated for context MicroBlaze Debug Module at USER2
15:53:37 INFO  : Context for processor 'microblaze_0' is selected.
15:53:37 INFO  : 'con' command is executed.
15:53:37 INFO  : ----------------XSDB Script (After Launch)----------------
targets -set -nocase -filter {name =~ "microblaze*#0" && bscan=="USER2"  && jtag_cable_name =~ "Digilent Nexys A7 -100T 210292B62099A"} -index 0
con
----------------End of Script----------------

15:53:37 INFO  : Launch script is exported to file 'C:\Users\zande\Documents\VSCODE\SchoolStuff\ece153a\Labs\HardwareSetup\Lab3b\Lab3b.sdk\.sdk\launch_scripts\xilinx_c-c++_application_(system_debugger)\system_debugger_using_debug_lab3b.elf_on_local.tcl'
15:54:37 INFO  : Disconnected from the channel tcfchan#1.
15:54:38 INFO  : 'targets -set -filter {jtag_cable_name =~ "Digilent Nexys A7 -100T 210292B62099A" && level==0} -index 0' command is executed.
15:54:38 INFO  : 'fpga -state' command is executed.
15:54:38 INFO  : Connected to target on host '127.0.0.1' and port '3121'.
15:54:39 INFO  : Jtag cable 'Digilent Nexys A7 -100T 210292B62099A' is selected.
15:54:39 INFO  : 'jtag frequency' command is executed.
15:54:39 INFO  : 'configparams mdm-detect-bscan-mask 2' command is executed.
15:54:39 INFO  : Context for processor 'microblaze_0' is selected.
15:54:39 INFO  : System reset is completed.
15:54:42 INFO  : 'after 3000' command is executed.
15:54:42 INFO  : Context for processor 'microblaze_0' is selected.
15:54:42 INFO  : The application 'C:/Users/zande/Documents/VSCODE/SchoolStuff/ece153a/Labs/HardwareSetup/Lab3b/Lab3b.sdk/lab3b/Debug/lab3b.elf' is downloaded to processor 'microblaze_0'.
15:54:42 INFO  : ----------------XSDB Script----------------
connect -url tcp:127.0.0.1:3121
configparams mdm-detect-bscan-mask 2
targets -set -nocase -filter {name =~ "microblaze*#0" && bscan=="USER2"  && jtag_cable_name =~ "Digilent Nexys A7 -100T 210292B62099A"} -index 0
rst -system
after 3000
targets -set -nocase -filter {name =~ "microblaze*#0" && bscan=="USER2"  && jtag_cable_name =~ "Digilent Nexys A7 -100T 210292B62099A"} -index 0
dow C:/Users/zande/Documents/VSCODE/SchoolStuff/ece153a/Labs/HardwareSetup/Lab3b/Lab3b.sdk/lab3b/Debug/lab3b.elf
----------------End of Script----------------

15:54:42 INFO  : Memory regions updated for context MicroBlaze #0
15:54:42 INFO  : Memory regions updated for context MicroBlaze Debug Module at USER2
15:54:42 INFO  : Context for processor 'microblaze_0' is selected.
15:54:42 INFO  : 'con' command is executed.
15:54:42 INFO  : ----------------XSDB Script (After Launch)----------------
targets -set -nocase -filter {name =~ "microblaze*#0" && bscan=="USER2"  && jtag_cable_name =~ "Digilent Nexys A7 -100T 210292B62099A"} -index 0
con
----------------End of Script----------------

15:54:42 INFO  : Launch script is exported to file 'C:\Users\zande\Documents\VSCODE\SchoolStuff\ece153a\Labs\HardwareSetup\Lab3b\Lab3b.sdk\.sdk\launch_scripts\xilinx_c-c++_application_(system_debugger)\system_debugger_using_debug_lab3b.elf_on_local.tcl'
15:55:01 INFO  : Connected to target on host '127.0.0.1' and port '3121'.
15:55:01 INFO  : 'targets -set -filter {jtag_cable_name =~ "Digilent Nexys A7 -100T 210292B62099A" && level==0} -index 0' command is executed.
15:55:03 INFO  : FPGA configured successfully with bitstream "C:/Users/zande/Documents/VSCODE/SchoolStuff/ece153a/Labs/HardwareSetup/Lab3b/Lab3b.sdk/system_wrapper_hw_platform_0/download.bit"
15:55:22 INFO  : Disconnected from the channel tcfchan#2.
15:55:23 INFO  : 'targets -set -filter {jtag_cable_name =~ "Digilent Nexys A7 -100T 210292B62099A" && level==0} -index 0' command is executed.
15:55:23 INFO  : 'fpga -state' command is executed.
15:55:23 INFO  : Connected to target on host '127.0.0.1' and port '3121'.
15:55:23 INFO  : Jtag cable 'Digilent Nexys A7 -100T 210292B62099A' is selected.
15:55:23 INFO  : 'jtag frequency' command is executed.
15:55:23 INFO  : 'configparams mdm-detect-bscan-mask 2' command is executed.
15:55:23 INFO  : Context for processor 'microblaze_0' is selected.
15:55:23 INFO  : System reset is completed.
15:55:26 INFO  : 'after 3000' command is executed.
15:55:26 INFO  : Context for processor 'microblaze_0' is selected.
15:55:26 INFO  : The application 'C:/Users/zande/Documents/VSCODE/SchoolStuff/ece153a/Labs/HardwareSetup/Lab3b/Lab3b.sdk/lab3b/Debug/lab3b.elf' is downloaded to processor 'microblaze_0'.
15:55:26 INFO  : ----------------XSDB Script----------------
connect -url tcp:127.0.0.1:3121
configparams mdm-detect-bscan-mask 2
targets -set -nocase -filter {name =~ "microblaze*#0" && bscan=="USER2"  && jtag_cable_name =~ "Digilent Nexys A7 -100T 210292B62099A"} -index 0
rst -system
after 3000
targets -set -nocase -filter {name =~ "microblaze*#0" && bscan=="USER2"  && jtag_cable_name =~ "Digilent Nexys A7 -100T 210292B62099A"} -index 0
dow C:/Users/zande/Documents/VSCODE/SchoolStuff/ece153a/Labs/HardwareSetup/Lab3b/Lab3b.sdk/lab3b/Debug/lab3b.elf
----------------End of Script----------------

15:55:26 INFO  : Memory regions updated for context MicroBlaze #0
15:55:26 INFO  : Memory regions updated for context MicroBlaze Debug Module at USER2
15:55:27 INFO  : Context for processor 'microblaze_0' is selected.
15:55:27 INFO  : 'con' command is executed.
15:55:27 INFO  : ----------------XSDB Script (After Launch)----------------
targets -set -nocase -filter {name =~ "microblaze*#0" && bscan=="USER2"  && jtag_cable_name =~ "Digilent Nexys A7 -100T 210292B62099A"} -index 0
con
----------------End of Script----------------

15:55:27 INFO  : Launch script is exported to file 'C:\Users\zande\Documents\VSCODE\SchoolStuff\ece153a\Labs\HardwareSetup\Lab3b\Lab3b.sdk\.sdk\launch_scripts\xilinx_c-c++_application_(system_debugger)\system_debugger_using_debug_lab3b.elf_on_local.tcl'
15:55:40 INFO  : Disconnected from the channel tcfchan#3.
15:55:41 INFO  : 'targets -set -filter {jtag_cable_name =~ "Digilent Nexys A7 -100T 210292B62099A" && level==0} -index 0' command is executed.
15:55:41 INFO  : 'fpga -state' command is executed.
15:55:41 INFO  : Connected to target on host '127.0.0.1' and port '3121'.
15:55:42 INFO  : Jtag cable 'Digilent Nexys A7 -100T 210292B62099A' is selected.
15:55:42 INFO  : 'jtag frequency' command is executed.
15:55:42 INFO  : 'configparams mdm-detect-bscan-mask 2' command is executed.
15:55:42 INFO  : Context for processor 'microblaze_0' is selected.
15:55:42 INFO  : System reset is completed.
15:55:45 INFO  : 'after 3000' command is executed.
15:55:45 INFO  : Context for processor 'microblaze_0' is selected.
15:55:45 INFO  : The application 'C:/Users/zande/Documents/VSCODE/SchoolStuff/ece153a/Labs/HardwareSetup/Lab3b/Lab3b.sdk/lab3b/Debug/lab3b.elf' is downloaded to processor 'microblaze_0'.
15:55:45 INFO  : ----------------XSDB Script----------------
connect -url tcp:127.0.0.1:3121
configparams mdm-detect-bscan-mask 2
targets -set -nocase -filter {name =~ "microblaze*#0" && bscan=="USER2"  && jtag_cable_name =~ "Digilent Nexys A7 -100T 210292B62099A"} -index 0
rst -system
after 3000
targets -set -nocase -filter {name =~ "microblaze*#0" && bscan=="USER2"  && jtag_cable_name =~ "Digilent Nexys A7 -100T 210292B62099A"} -index 0
dow C:/Users/zande/Documents/VSCODE/SchoolStuff/ece153a/Labs/HardwareSetup/Lab3b/Lab3b.sdk/lab3b/Debug/lab3b.elf
----------------End of Script----------------

15:55:45 INFO  : Memory regions updated for context MicroBlaze #0
15:55:45 INFO  : Memory regions updated for context MicroBlaze Debug Module at USER2
15:55:45 INFO  : Context for processor 'microblaze_0' is selected.
15:55:45 INFO  : 'con' command is executed.
15:55:45 INFO  : ----------------XSDB Script (After Launch)----------------
targets -set -nocase -filter {name =~ "microblaze*#0" && bscan=="USER2"  && jtag_cable_name =~ "Digilent Nexys A7 -100T 210292B62099A"} -index 0
con
----------------End of Script----------------

15:55:45 INFO  : Launch script is exported to file 'C:\Users\zande\Documents\VSCODE\SchoolStuff\ece153a\Labs\HardwareSetup\Lab3b\Lab3b.sdk\.sdk\launch_scripts\xilinx_c-c++_application_(system_debugger)\system_debugger_using_debug_lab3b.elf_on_local.tcl'
15:56:23 INFO  : Disconnected from the channel tcfchan#4.
19:32:28 INFO  : Registering command handlers for SDK TCF services
19:32:29 INFO  : Launching XSCT server: xsct.bat -interactive C:\Users\zande\Documents\VSCODE\SchoolStuff\ece153a\Labs\HardwareSetup\Lab3b\Lab3b.sdk\temp_xsdb_launch_script.tcl
19:32:31 INFO  : XSCT server has started successfully.
19:32:31 INFO  : Successfully done setting XSCT server connection channel  
19:32:31 INFO  : Successfully done setting SDK workspace  
19:32:31 INFO  : Processing command line option -hwspec C:/Users/zande/Documents/VSCODE/SchoolStuff/ece153a/Labs/HardwareSetup/Lab3b/Lab3b.sdk/system_wrapper.hdf.
19:32:31 INFO  : Checking for hwspec changes in the project system_wrapper_hw_platform_0.
23:51:56 INFO  : Connected to target on host '127.0.0.1' and port '3121'.
23:51:56 INFO  : 'targets -set -filter {jtag_cable_name =~ "Digilent Nexys A7 -100T 210292B62099A" && level==0} -index 0' command is executed.
23:51:58 INFO  : FPGA configured successfully with bitstream "C:/Users/zande/Documents/VSCODE/SchoolStuff/ece153a/Labs/HardwareSetup/Lab3b/Lab3b.sdk/system_wrapper_hw_platform_0/download.bit"
23:52:28 INFO  : 'targets -set -filter {jtag_cable_name =~ "Digilent Nexys A7 -100T 210292B62099A" && level==0} -index 0' command is executed.
23:52:28 INFO  : 'fpga -state' command is executed.
23:52:28 INFO  : Connected to target on host '127.0.0.1' and port '3121'.
23:52:28 INFO  : Jtag cable 'Digilent Nexys A7 -100T 210292B62099A' is selected.
23:52:28 INFO  : 'jtag frequency' command is executed.
23:52:28 INFO  : 'configparams mdm-detect-bscan-mask 2' command is executed.
23:52:28 INFO  : Context for processor 'microblaze_0' is selected.
23:52:28 INFO  : System reset is completed.
23:52:31 INFO  : 'after 3000' command is executed.
23:52:31 INFO  : Context for processor 'microblaze_0' is selected.
23:52:32 INFO  : The application 'C:/Users/zande/Documents/VSCODE/SchoolStuff/ece153a/Labs/HardwareSetup/Lab3b/Lab3b.sdk/lab3b/Debug/lab3b.elf' is downloaded to processor 'microblaze_0'.
23:52:32 INFO  : ----------------XSDB Script----------------
connect -url tcp:127.0.0.1:3121
configparams mdm-detect-bscan-mask 2
targets -set -nocase -filter {name =~ "microblaze*#0" && bscan=="USER2"  && jtag_cable_name =~ "Digilent Nexys A7 -100T 210292B62099A"} -index 0
rst -system
after 3000
targets -set -nocase -filter {name =~ "microblaze*#0" && bscan=="USER2"  && jtag_cable_name =~ "Digilent Nexys A7 -100T 210292B62099A"} -index 0
dow C:/Users/zande/Documents/VSCODE/SchoolStuff/ece153a/Labs/HardwareSetup/Lab3b/Lab3b.sdk/lab3b/Debug/lab3b.elf
----------------End of Script----------------

23:52:32 INFO  : Memory regions updated for context MicroBlaze #0
23:52:32 INFO  : Memory regions updated for context MicroBlaze Debug Module at USER2
23:52:32 INFO  : Context for processor 'microblaze_0' is selected.
23:52:32 INFO  : 'con' command is executed.
23:52:32 INFO  : ----------------XSDB Script (After Launch)----------------
targets -set -nocase -filter {name =~ "microblaze*#0" && bscan=="USER2"  && jtag_cable_name =~ "Digilent Nexys A7 -100T 210292B62099A"} -index 0
con
----------------End of Script----------------

23:52:32 INFO  : Launch script is exported to file 'C:\Users\zande\Documents\VSCODE\SchoolStuff\ece153a\Labs\HardwareSetup\Lab3b\Lab3b.sdk\.sdk\launch_scripts\xilinx_c-c++_application_(system_debugger)\system_debugger_using_debug_lab3b.elf_on_local.tcl'
23:55:45 INFO  : Disconnected from the channel tcfchan#1.
23:55:46 INFO  : 'targets -set -filter {jtag_cable_name =~ "Digilent Nexys A7 -100T 210292B62099A" && level==0} -index 0' command is executed.
23:55:46 INFO  : 'fpga -state' command is executed.
23:55:46 INFO  : Connected to target on host '127.0.0.1' and port '3121'.
23:55:46 INFO  : Jtag cable 'Digilent Nexys A7 -100T 210292B62099A' is selected.
23:55:46 INFO  : 'jtag frequency' command is executed.
23:55:46 INFO  : 'configparams mdm-detect-bscan-mask 2' command is executed.
23:55:46 INFO  : Context for processor 'microblaze_0' is selected.
23:55:46 INFO  : System reset is completed.
23:55:49 INFO  : 'after 3000' command is executed.
23:55:49 INFO  : Context for processor 'microblaze_0' is selected.
23:55:49 INFO  : The application 'C:/Users/zande/Documents/VSCODE/SchoolStuff/ece153a/Labs/HardwareSetup/Lab3b/Lab3b.sdk/lab3b/Debug/lab3b.elf' is downloaded to processor 'microblaze_0'.
23:55:49 INFO  : ----------------XSDB Script----------------
connect -url tcp:127.0.0.1:3121
configparams mdm-detect-bscan-mask 2
targets -set -nocase -filter {name =~ "microblaze*#0" && bscan=="USER2"  && jtag_cable_name =~ "Digilent Nexys A7 -100T 210292B62099A"} -index 0
rst -system
after 3000
targets -set -nocase -filter {name =~ "microblaze*#0" && bscan=="USER2"  && jtag_cable_name =~ "Digilent Nexys A7 -100T 210292B62099A"} -index 0
dow C:/Users/zande/Documents/VSCODE/SchoolStuff/ece153a/Labs/HardwareSetup/Lab3b/Lab3b.sdk/lab3b/Debug/lab3b.elf
----------------End of Script----------------

23:55:49 INFO  : Memory regions updated for context MicroBlaze #0
23:55:49 INFO  : Memory regions updated for context MicroBlaze Debug Module at USER2
23:55:49 INFO  : Context for processor 'microblaze_0' is selected.
23:55:49 INFO  : 'con' command is executed.
23:55:49 INFO  : ----------------XSDB Script (After Launch)----------------
targets -set -nocase -filter {name =~ "microblaze*#0" && bscan=="USER2"  && jtag_cable_name =~ "Digilent Nexys A7 -100T 210292B62099A"} -index 0
con
----------------End of Script----------------

23:55:49 INFO  : Launch script is exported to file 'C:\Users\zande\Documents\VSCODE\SchoolStuff\ece153a\Labs\HardwareSetup\Lab3b\Lab3b.sdk\.sdk\launch_scripts\xilinx_c-c++_application_(system_debugger)\system_debugger_using_debug_lab3b.elf_on_local.tcl'
23:56:03 INFO  : Disconnected from the channel tcfchan#2.
23:56:04 INFO  : 'targets -set -filter {jtag_cable_name =~ "Digilent Nexys A7 -100T 210292B62099A" && level==0} -index 0' command is executed.
23:56:04 INFO  : 'fpga -state' command is executed.
23:56:04 INFO  : Connected to target on host '127.0.0.1' and port '3121'.
23:56:04 INFO  : Jtag cable 'Digilent Nexys A7 -100T 210292B62099A' is selected.
23:56:04 INFO  : 'jtag frequency' command is executed.
23:56:04 INFO  : 'configparams mdm-detect-bscan-mask 2' command is executed.
23:56:04 INFO  : Context for processor 'microblaze_0' is selected.
23:56:04 INFO  : System reset is completed.
23:56:07 INFO  : 'after 3000' command is executed.
23:56:07 INFO  : Context for processor 'microblaze_0' is selected.
23:56:08 INFO  : The application 'C:/Users/zande/Documents/VSCODE/SchoolStuff/ece153a/Labs/HardwareSetup/Lab3b/Lab3b.sdk/lab3b/Debug/lab3b.elf' is downloaded to processor 'microblaze_0'.
23:56:08 INFO  : ----------------XSDB Script----------------
connect -url tcp:127.0.0.1:3121
configparams mdm-detect-bscan-mask 2
targets -set -nocase -filter {name =~ "microblaze*#0" && bscan=="USER2"  && jtag_cable_name =~ "Digilent Nexys A7 -100T 210292B62099A"} -index 0
rst -system
after 3000
targets -set -nocase -filter {name =~ "microblaze*#0" && bscan=="USER2"  && jtag_cable_name =~ "Digilent Nexys A7 -100T 210292B62099A"} -index 0
dow C:/Users/zande/Documents/VSCODE/SchoolStuff/ece153a/Labs/HardwareSetup/Lab3b/Lab3b.sdk/lab3b/Debug/lab3b.elf
----------------End of Script----------------

23:56:08 INFO  : Memory regions updated for context MicroBlaze #0
23:56:08 INFO  : Memory regions updated for context MicroBlaze Debug Module at USER2
23:56:08 INFO  : Context for processor 'microblaze_0' is selected.
23:56:08 INFO  : 'con' command is executed.
23:56:08 INFO  : ----------------XSDB Script (After Launch)----------------
targets -set -nocase -filter {name =~ "microblaze*#0" && bscan=="USER2"  && jtag_cable_name =~ "Digilent Nexys A7 -100T 210292B62099A"} -index 0
con
----------------End of Script----------------

23:56:08 INFO  : Launch script is exported to file 'C:\Users\zande\Documents\VSCODE\SchoolStuff\ece153a\Labs\HardwareSetup\Lab3b\Lab3b.sdk\.sdk\launch_scripts\xilinx_c-c++_application_(system_debugger)\system_debugger_using_debug_lab3b.elf_on_local.tcl'
23:57:15 INFO  : Disconnected from the channel tcfchan#3.
23:57:16 INFO  : 'targets -set -filter {jtag_cable_name =~ "Digilent Nexys A7 -100T 210292B62099A" && level==0} -index 0' command is executed.
23:57:16 INFO  : 'fpga -state' command is executed.
23:57:16 INFO  : Connected to target on host '127.0.0.1' and port '3121'.
23:57:16 INFO  : Jtag cable 'Digilent Nexys A7 -100T 210292B62099A' is selected.
23:57:16 INFO  : 'jtag frequency' command is executed.
23:57:16 INFO  : 'configparams mdm-detect-bscan-mask 2' command is executed.
23:57:16 INFO  : Context for processor 'microblaze_0' is selected.
23:57:16 INFO  : System reset is completed.
23:57:19 INFO  : 'after 3000' command is executed.
23:57:19 INFO  : Context for processor 'microblaze_0' is selected.
23:57:20 INFO  : The application 'C:/Users/zande/Documents/VSCODE/SchoolStuff/ece153a/Labs/HardwareSetup/Lab3b/Lab3b.sdk/lab3b/Debug/lab3b.elf' is downloaded to processor 'microblaze_0'.
23:57:20 INFO  : ----------------XSDB Script----------------
connect -url tcp:127.0.0.1:3121
configparams mdm-detect-bscan-mask 2
targets -set -nocase -filter {name =~ "microblaze*#0" && bscan=="USER2"  && jtag_cable_name =~ "Digilent Nexys A7 -100T 210292B62099A"} -index 0
rst -system
after 3000
targets -set -nocase -filter {name =~ "microblaze*#0" && bscan=="USER2"  && jtag_cable_name =~ "Digilent Nexys A7 -100T 210292B62099A"} -index 0
dow C:/Users/zande/Documents/VSCODE/SchoolStuff/ece153a/Labs/HardwareSetup/Lab3b/Lab3b.sdk/lab3b/Debug/lab3b.elf
----------------End of Script----------------

23:57:20 INFO  : Memory regions updated for context MicroBlaze #0
23:57:20 INFO  : Memory regions updated for context MicroBlaze Debug Module at USER2
23:57:20 INFO  : Context for processor 'microblaze_0' is selected.
23:57:20 INFO  : 'con' command is executed.
23:57:20 INFO  : ----------------XSDB Script (After Launch)----------------
targets -set -nocase -filter {name =~ "microblaze*#0" && bscan=="USER2"  && jtag_cable_name =~ "Digilent Nexys A7 -100T 210292B62099A"} -index 0
con
----------------End of Script----------------

23:57:20 INFO  : Launch script is exported to file 'C:\Users\zande\Documents\VSCODE\SchoolStuff\ece153a\Labs\HardwareSetup\Lab3b\Lab3b.sdk\.sdk\launch_scripts\xilinx_c-c++_application_(system_debugger)\system_debugger_using_debug_lab3b.elf_on_local.tcl'
23:59:19 INFO  : Disconnected from the channel tcfchan#4.
23:59:20 INFO  : 'targets -set -filter {jtag_cable_name =~ "Digilent Nexys A7 -100T 210292B62099A" && level==0} -index 0' command is executed.
23:59:20 INFO  : 'fpga -state' command is executed.
23:59:20 INFO  : Connected to target on host '127.0.0.1' and port '3121'.
23:59:20 INFO  : Jtag cable 'Digilent Nexys A7 -100T 210292B62099A' is selected.
23:59:20 INFO  : 'jtag frequency' command is executed.
23:59:20 INFO  : 'configparams mdm-detect-bscan-mask 2' command is executed.
23:59:20 INFO  : Context for processor 'microblaze_0' is selected.
23:59:20 INFO  : System reset is completed.
23:59:23 INFO  : 'after 3000' command is executed.
23:59:23 INFO  : Context for processor 'microblaze_0' is selected.
23:59:24 INFO  : The application 'C:/Users/zande/Documents/VSCODE/SchoolStuff/ece153a/Labs/HardwareSetup/Lab3b/Lab3b.sdk/lab3b/Debug/lab3b.elf' is downloaded to processor 'microblaze_0'.
23:59:24 INFO  : ----------------XSDB Script----------------
connect -url tcp:127.0.0.1:3121
configparams mdm-detect-bscan-mask 2
targets -set -nocase -filter {name =~ "microblaze*#0" && bscan=="USER2"  && jtag_cable_name =~ "Digilent Nexys A7 -100T 210292B62099A"} -index 0
rst -system
after 3000
targets -set -nocase -filter {name =~ "microblaze*#0" && bscan=="USER2"  && jtag_cable_name =~ "Digilent Nexys A7 -100T 210292B62099A"} -index 0
dow C:/Users/zande/Documents/VSCODE/SchoolStuff/ece153a/Labs/HardwareSetup/Lab3b/Lab3b.sdk/lab3b/Debug/lab3b.elf
----------------End of Script----------------

23:59:24 INFO  : Memory regions updated for context MicroBlaze #0
23:59:24 INFO  : Memory regions updated for context MicroBlaze Debug Module at USER2
23:59:24 INFO  : Context for processor 'microblaze_0' is selected.
23:59:24 INFO  : 'con' command is executed.
23:59:24 INFO  : ----------------XSDB Script (After Launch)----------------
targets -set -nocase -filter {name =~ "microblaze*#0" && bscan=="USER2"  && jtag_cable_name =~ "Digilent Nexys A7 -100T 210292B62099A"} -index 0
con
----------------End of Script----------------

23:59:24 INFO  : Launch script is exported to file 'C:\Users\zande\Documents\VSCODE\SchoolStuff\ece153a\Labs\HardwareSetup\Lab3b\Lab3b.sdk\.sdk\launch_scripts\xilinx_c-c++_application_(system_debugger)\system_debugger_using_debug_lab3b.elf_on_local.tcl'
00:03:04 INFO  : Disconnected from the channel tcfchan#5.
00:03:05 INFO  : 'targets -set -filter {jtag_cable_name =~ "Digilent Nexys A7 -100T 210292B62099A" && level==0} -index 0' command is executed.
00:03:05 INFO  : 'fpga -state' command is executed.
00:03:05 INFO  : Connected to target on host '127.0.0.1' and port '3121'.
00:03:05 INFO  : Jtag cable 'Digilent Nexys A7 -100T 210292B62099A' is selected.
00:03:05 INFO  : 'jtag frequency' command is executed.
00:03:05 INFO  : 'configparams mdm-detect-bscan-mask 2' command is executed.
00:03:05 INFO  : Context for processor 'microblaze_0' is selected.
00:03:05 INFO  : System reset is completed.
00:03:08 INFO  : 'after 3000' command is executed.
00:03:08 INFO  : Context for processor 'microblaze_0' is selected.
00:03:08 INFO  : The application 'C:/Users/zande/Documents/VSCODE/SchoolStuff/ece153a/Labs/HardwareSetup/Lab3b/Lab3b.sdk/lab3b/Debug/lab3b.elf' is downloaded to processor 'microblaze_0'.
00:03:08 INFO  : ----------------XSDB Script----------------
connect -url tcp:127.0.0.1:3121
configparams mdm-detect-bscan-mask 2
targets -set -nocase -filter {name =~ "microblaze*#0" && bscan=="USER2"  && jtag_cable_name =~ "Digilent Nexys A7 -100T 210292B62099A"} -index 0
rst -system
after 3000
targets -set -nocase -filter {name =~ "microblaze*#0" && bscan=="USER2"  && jtag_cable_name =~ "Digilent Nexys A7 -100T 210292B62099A"} -index 0
dow C:/Users/zande/Documents/VSCODE/SchoolStuff/ece153a/Labs/HardwareSetup/Lab3b/Lab3b.sdk/lab3b/Debug/lab3b.elf
----------------End of Script----------------

00:03:08 INFO  : Memory regions updated for context MicroBlaze #0
00:03:08 INFO  : Memory regions updated for context MicroBlaze Debug Module at USER2
00:03:08 INFO  : Context for processor 'microblaze_0' is selected.
00:03:08 INFO  : 'con' command is executed.
00:03:08 INFO  : ----------------XSDB Script (After Launch)----------------
targets -set -nocase -filter {name =~ "microblaze*#0" && bscan=="USER2"  && jtag_cable_name =~ "Digilent Nexys A7 -100T 210292B62099A"} -index 0
con
----------------End of Script----------------

00:03:08 INFO  : Launch script is exported to file 'C:\Users\zande\Documents\VSCODE\SchoolStuff\ece153a\Labs\HardwareSetup\Lab3b\Lab3b.sdk\.sdk\launch_scripts\xilinx_c-c++_application_(system_debugger)\system_debugger_using_debug_lab3b.elf_on_local.tcl'
00:03:51 INFO  : Disconnected from the channel tcfchan#6.
00:03:52 INFO  : 'targets -set -filter {jtag_cable_name =~ "Digilent Nexys A7 -100T 210292B62099A" && level==0} -index 0' command is executed.
00:03:52 INFO  : 'fpga -state' command is executed.
00:03:52 INFO  : Connected to target on host '127.0.0.1' and port '3121'.
00:03:52 INFO  : Jtag cable 'Digilent Nexys A7 -100T 210292B62099A' is selected.
00:03:52 INFO  : 'jtag frequency' command is executed.
00:03:52 INFO  : 'configparams mdm-detect-bscan-mask 2' command is executed.
00:03:52 INFO  : Context for processor 'microblaze_0' is selected.
00:03:52 INFO  : System reset is completed.
00:03:55 INFO  : 'after 3000' command is executed.
00:03:55 INFO  : Context for processor 'microblaze_0' is selected.
00:03:56 INFO  : The application 'C:/Users/zande/Documents/VSCODE/SchoolStuff/ece153a/Labs/HardwareSetup/Lab3b/Lab3b.sdk/lab3b/Debug/lab3b.elf' is downloaded to processor 'microblaze_0'.
00:03:56 INFO  : ----------------XSDB Script----------------
connect -url tcp:127.0.0.1:3121
configparams mdm-detect-bscan-mask 2
targets -set -nocase -filter {name =~ "microblaze*#0" && bscan=="USER2"  && jtag_cable_name =~ "Digilent Nexys A7 -100T 210292B62099A"} -index 0
rst -system
after 3000
targets -set -nocase -filter {name =~ "microblaze*#0" && bscan=="USER2"  && jtag_cable_name =~ "Digilent Nexys A7 -100T 210292B62099A"} -index 0
dow C:/Users/zande/Documents/VSCODE/SchoolStuff/ece153a/Labs/HardwareSetup/Lab3b/Lab3b.sdk/lab3b/Debug/lab3b.elf
----------------End of Script----------------

00:03:56 INFO  : Memory regions updated for context MicroBlaze #0
00:03:56 INFO  : Memory regions updated for context MicroBlaze Debug Module at USER2
00:03:56 INFO  : Context for processor 'microblaze_0' is selected.
00:03:56 INFO  : 'con' command is executed.
00:03:56 INFO  : ----------------XSDB Script (After Launch)----------------
targets -set -nocase -filter {name =~ "microblaze*#0" && bscan=="USER2"  && jtag_cable_name =~ "Digilent Nexys A7 -100T 210292B62099A"} -index 0
con
----------------End of Script----------------

00:03:56 INFO  : Launch script is exported to file 'C:\Users\zande\Documents\VSCODE\SchoolStuff\ece153a\Labs\HardwareSetup\Lab3b\Lab3b.sdk\.sdk\launch_scripts\xilinx_c-c++_application_(system_debugger)\system_debugger_using_debug_lab3b.elf_on_local.tcl'
