#-----------------------------------------------------------
# Vivado v2019.1 (64-bit)
# SW Build 2552052 on Fri May 24 14:49:42 MDT 2019
# IP Build 2548770 on Fri May 24 18:01:18 MDT 2019
# Start of session at: Thu Nov  2 13:10:35 2023
# Process ID: 12340
# Current directory: C:/Users/zande/Documents/VSCODE/SchoolStuff/ece153a/Labs/HardwareSetup/lab1a_project
# Command line: vivado.exe -gui_launcher_event rodinguilauncherevent5084 C:\Users\zande\Documents\VSCODE\SchoolStuff\ece153a\Labs\HardwareSetup\lab1a_project\lab_1a.xpr
# Log file: C:/Users/zande/Documents/VSCODE/SchoolStuff/ece153a/Labs/HardwareSetup/lab1a_project/vivado.log
# Journal file: C:/Users/zande/Documents/VSCODE/SchoolStuff/ece153a/Labs/HardwareSetup/lab1a_project\vivado.jou
#-----------------------------------------------------------
start_gui
open_project C:/Users/zande/Documents/VSCODE/SchoolStuff/ece153a/Labs/HardwareSetup/lab1a_project/lab_1a.xpr
INFO: [ProjectBase 1-489] The host OS only allows 260 characters in a normal path. The project is stored in a path with more than 80 characters. If you experience issues with IP, Block Designs, or files not being found, please consider moving the project to a location with a shorter path. Alternately consider using the OS subst command to map part of the path to a drive letter.
Current project path is 'C:/Users/zande/Documents/VSCODE/SchoolStuff/ece153a/Labs/HardwareSetup/lab1a_project'
Scanning sources...
Finished scanning sources
INFO: [IP_Flow 19-234] Refreshing IP repositories
INFO: [IP_Flow 19-1700] Loaded user IP repository 'c:/Users/zande/Documents/VSCODE/SchoolStuff/ece153a/Labs/lab_files_2022/vivado/seven/ip_repo'.
INFO: [IP_Flow 19-2313] Loaded Vivado IP repository 'C:/Xilinx/Vivado/2019.1/data/ip'.
open_project: Time (s): cpu = 00:00:06 ; elapsed = 00:00:11 . Memory (MB): peak = 846.871 ; gain = 158.977
update_compile_order -fileset sources_1
save_project_as lab2b C:/Users/zande/Documents/VSCODE/SchoolStuff/ece153a/Labs/HardwareSetup/lab2b -force
save_project_as: Time (s): cpu = 00:00:02 ; elapsed = 00:00:10 . Memory (MB): peak = 1333.609 ; gain = 7.207
open_bd_design {C:/Users/zande/Documents/VSCODE/SchoolStuff/ece153a/Labs/HardwareSetup/lab2b/lab2b.srcs/sources_1/bd/system/system.bd}
Adding component instance block -- xilinx.com:ip:mig_7series:4.2 - mig_7series_0
Adding component instance block -- xilinx.com:ip:microblaze:11.0 - microblaze_0
Adding component instance block -- xilinx.com:ip:lmb_v10:3.0 - dlmb_v10
Adding component instance block -- xilinx.com:ip:lmb_v10:3.0 - ilmb_v10
Adding component instance block -- xilinx.com:ip:lmb_bram_if_cntlr:4.0 - dlmb_bram_if_cntlr
Adding component instance block -- xilinx.com:ip:lmb_bram_if_cntlr:4.0 - ilmb_bram_if_cntlr
Adding component instance block -- xilinx.com:ip:blk_mem_gen:8.4 - lmb_bram
Adding component instance block -- xilinx.com:ip:axi_interconnect:2.1 - microblaze_0_axi_periph
Adding component instance block -- xilinx.com:ip:axi_crossbar:2.1 - xbar
Adding component instance block -- xilinx.com:ip:axi_intc:4.1 - microblaze_0_axi_intc
Adding component instance block -- xilinx.com:ip:xlconcat:2.1 - microblaze_0_xlconcat
Adding component instance block -- xilinx.com:ip:mdm:3.2 - mdm_1
Adding component instance block -- xilinx.com:ip:proc_sys_reset:5.0 - rst_mig_7series_0_100M
Adding component instance block -- xilinx.com:ip:smartconnect:1.0 - axi_smc
Adding component instance block -- xilinx.com:ip:axi_timer:2.0 - axi_timer_0
Adding component instance block -- xilinx.com:ip:axi_timer:2.0 - axi_timer_1
Adding component instance block -- xilinx.com:ip:axi_gpio:2.0 - axi_gpio_led
Adding component instance block -- xilinx.com:ip:axi_gpio:2.0 - axi_gpio_btn
Adding component instance block -- HLS_Pulsar:user:sevenSeg:1.0 - sevenSeg_0
Successfully read diagram <system> from BD file <C:/Users/zande/Documents/VSCODE/SchoolStuff/ece153a/Labs/HardwareSetup/lab2b/lab2b.srcs/sources_1/bd/system/system.bd>
exit
INFO: [Common 17-206] Exiting Vivado at Thu Nov  2 13:13:15 2023...
