
*** Running vivado
    with args -log system_wrapper.vds -m64 -product Vivado -mode batch -messageDb vivado.pb -notrace -source system_wrapper.tcl


****** Vivado v2019.1 (64-bit)
  **** SW Build 2552052 on Fri May 24 14:49:42 MDT 2019
  **** IP Build 2548770 on Fri May 24 18:01:18 MDT 2019
    ** Copyright 1986-2019 Xilinx, Inc. All Rights Reserved.

source system_wrapper.tcl -notrace
INFO: [IP_Flow 19-234] Refreshing IP repositories
INFO: [IP_Flow 19-1700] Loaded user IP repository 'c:/Users/zande/Documents/VSCODE/SchoolStuff/ece153a/Labs/lab_files_2022/vivado/seven/ip_repo'.
INFO: [IP_Flow 19-2313] Loaded Vivado IP repository 'C:/Xilinx/Vivado/2019.1/data/ip'.
WARNING: [IP_Flow 19-4995] The host OS only allows 260 characters in a normal path. The IP cache path is more than 80 characters. If you experience issues with IP caching, please consider changing the IP cache to a location with a shorter path. Alternately consider using the OS subst command to map part of the path to a drive letter. 
Current IP cache path is c:/Users/zande/Documents/VSCODE/SchoolStuff/ece153a/Labs/HardwareSetup/lab2b/lab2b.cache/ip 
Command: synth_design -top system_wrapper -part xc7a100tcsg324-1
Starting synth_design
Attempting to get a license for feature 'Synthesis' and/or device 'xc7a100t'
INFO: [Common 17-349] Got license for feature 'Synthesis' and/or device 'xc7a100t'
INFO: [Device 21-403] Loading part xc7a100tcsg324-1
INFO: Launching helper process for spawning children vivado processes
INFO: Helper process launched with PID 21280 
---------------------------------------------------------------------------------
Starting RTL Elaboration : Time (s): cpu = 00:00:02 ; elapsed = 00:00:02 . Memory (MB): peak = 761.367 ; gain = 178.348
---------------------------------------------------------------------------------
INFO: [Synth 8-6157] synthesizing module 'system_wrapper' [C:/Users/zande/Documents/VSCODE/SchoolStuff/ece153a/Labs/HardwareSetup/lab2b/lab2b.srcs/sources_1/bd/system/hdl/system_wrapper.v:12]
INFO: [Synth 8-6157] synthesizing module 'system' [C:/Users/zande/Documents/VSCODE/SchoolStuff/ece153a/Labs/HardwareSetup/lab2b/lab2b.srcs/sources_1/bd/system/synth/system.v:1859]
INFO: [Synth 8-6157] synthesizing module 'system_axi_quad_spi_0_0' [C:/Users/zande/Documents/VSCODE/SchoolStuff/ece153a/Labs/HardwareSetup/lab2b/lab2b.runs/synth_1/.Xil/Vivado-3152-Alexander-PC/realtime/system_axi_quad_spi_0_0_stub.v:6]
INFO: [Synth 8-6155] done synthesizing module 'system_axi_quad_spi_0_0' (1#1) [C:/Users/zande/Documents/VSCODE/SchoolStuff/ece153a/Labs/HardwareSetup/lab2b/lab2b.runs/synth_1/.Xil/Vivado-3152-Alexander-PC/realtime/system_axi_quad_spi_0_0_stub.v:6]
WARNING: [Synth 8-7023] instance 'SPI' of module 'system_axi_quad_spi_0_0' has 33 connections declared, but only 27 given [C:/Users/zande/Documents/VSCODE/SchoolStuff/ece153a/Labs/HardwareSetup/lab2b/lab2b.srcs/sources_1/bd/system/synth/system.v:2301]
INFO: [Synth 8-6157] synthesizing module 'system_axi_gpio_0_3' [C:/Users/zande/Documents/VSCODE/SchoolStuff/ece153a/Labs/HardwareSetup/lab2b/lab2b.runs/synth_1/.Xil/Vivado-3152-Alexander-PC/realtime/system_axi_gpio_0_3_stub.v:6]
INFO: [Synth 8-6155] done synthesizing module 'system_axi_gpio_0_3' (2#1) [C:/Users/zande/Documents/VSCODE/SchoolStuff/ece153a/Labs/HardwareSetup/lab2b/lab2b.runs/synth_1/.Xil/Vivado-3152-Alexander-PC/realtime/system_axi_gpio_0_3_stub.v:6]
INFO: [Synth 8-6157] synthesizing module 'system_axi_gpio_0_1' [C:/Users/zande/Documents/VSCODE/SchoolStuff/ece153a/Labs/HardwareSetup/lab2b/lab2b.runs/synth_1/.Xil/Vivado-3152-Alexander-PC/realtime/system_axi_gpio_0_1_stub.v:6]
INFO: [Synth 8-6155] done synthesizing module 'system_axi_gpio_0_1' (3#1) [C:/Users/zande/Documents/VSCODE/SchoolStuff/ece153a/Labs/HardwareSetup/lab2b/lab2b.runs/synth_1/.Xil/Vivado-3152-Alexander-PC/realtime/system_axi_gpio_0_1_stub.v:6]
INFO: [Synth 8-6157] synthesizing module 'system_axi_gpio_0_5' [C:/Users/zande/Documents/VSCODE/SchoolStuff/ece153a/Labs/HardwareSetup/lab2b/lab2b.runs/synth_1/.Xil/Vivado-3152-Alexander-PC/realtime/system_axi_gpio_0_5_stub.v:6]
INFO: [Synth 8-6155] done synthesizing module 'system_axi_gpio_0_5' (4#1) [C:/Users/zande/Documents/VSCODE/SchoolStuff/ece153a/Labs/HardwareSetup/lab2b/lab2b.runs/synth_1/.Xil/Vivado-3152-Alexander-PC/realtime/system_axi_gpio_0_5_stub.v:6]
INFO: [Synth 8-6157] synthesizing module 'system_axi_gpio_0_0' [C:/Users/zande/Documents/VSCODE/SchoolStuff/ece153a/Labs/HardwareSetup/lab2b/lab2b.runs/synth_1/.Xil/Vivado-3152-Alexander-PC/realtime/system_axi_gpio_0_0_stub.v:6]
INFO: [Synth 8-6155] done synthesizing module 'system_axi_gpio_0_0' (5#1) [C:/Users/zande/Documents/VSCODE/SchoolStuff/ece153a/Labs/HardwareSetup/lab2b/lab2b.runs/synth_1/.Xil/Vivado-3152-Alexander-PC/realtime/system_axi_gpio_0_0_stub.v:6]
INFO: [Synth 8-6157] synthesizing module 'system_axi_smc_0' [C:/Users/zande/Documents/VSCODE/SchoolStuff/ece153a/Labs/HardwareSetup/lab2b/lab2b.runs/synth_1/.Xil/Vivado-3152-Alexander-PC/realtime/system_axi_smc_0_stub.v:6]
INFO: [Synth 8-6155] done synthesizing module 'system_axi_smc_0' (6#1) [C:/Users/zande/Documents/VSCODE/SchoolStuff/ece153a/Labs/HardwareSetup/lab2b/lab2b.runs/synth_1/.Xil/Vivado-3152-Alexander-PC/realtime/system_axi_smc_0_stub.v:6]
INFO: [Synth 8-6157] synthesizing module 'system_axi_timer_0_0' [C:/Users/zande/Documents/VSCODE/SchoolStuff/ece153a/Labs/HardwareSetup/lab2b/lab2b.runs/synth_1/.Xil/Vivado-3152-Alexander-PC/realtime/system_axi_timer_0_0_stub.v:6]
INFO: [Synth 8-6155] done synthesizing module 'system_axi_timer_0_0' (7#1) [C:/Users/zande/Documents/VSCODE/SchoolStuff/ece153a/Labs/HardwareSetup/lab2b/lab2b.runs/synth_1/.Xil/Vivado-3152-Alexander-PC/realtime/system_axi_timer_0_0_stub.v:6]
WARNING: [Synth 8-7023] instance 'axi_timer_0' of module 'system_axi_timer_0_0' has 26 connections declared, but only 23 given [C:/Users/zande/Documents/VSCODE/SchoolStuff/ece153a/Labs/HardwareSetup/lab2b/lab2b.srcs/sources_1/bd/system/synth/system.v:2499]
INFO: [Synth 8-6157] synthesizing module 'system_axi_timer_1_0' [C:/Users/zande/Documents/VSCODE/SchoolStuff/ece153a/Labs/HardwareSetup/lab2b/lab2b.runs/synth_1/.Xil/Vivado-3152-Alexander-PC/realtime/system_axi_timer_1_0_stub.v:6]
INFO: [Synth 8-6155] done synthesizing module 'system_axi_timer_1_0' (8#1) [C:/Users/zande/Documents/VSCODE/SchoolStuff/ece153a/Labs/HardwareSetup/lab2b/lab2b.runs/synth_1/.Xil/Vivado-3152-Alexander-PC/realtime/system_axi_timer_1_0_stub.v:6]
WARNING: [Synth 8-7023] instance 'axi_timer_1' of module 'system_axi_timer_1_0' has 26 connections declared, but only 23 given [C:/Users/zande/Documents/VSCODE/SchoolStuff/ece153a/Labs/HardwareSetup/lab2b/lab2b.srcs/sources_1/bd/system/synth/system.v:2523]
INFO: [Synth 8-6157] synthesizing module 'system_clk_wiz_0_0' [C:/Users/zande/Documents/VSCODE/SchoolStuff/ece153a/Labs/HardwareSetup/lab2b/lab2b.runs/synth_1/.Xil/Vivado-3152-Alexander-PC/realtime/system_clk_wiz_0_0_stub.v:5]
INFO: [Synth 8-6155] done synthesizing module 'system_clk_wiz_0_0' (9#1) [C:/Users/zande/Documents/VSCODE/SchoolStuff/ece153a/Labs/HardwareSetup/lab2b/lab2b.runs/synth_1/.Xil/Vivado-3152-Alexander-PC/realtime/system_clk_wiz_0_0_stub.v:5]
INFO: [Synth 8-6157] synthesizing module 'system_mdm_1_0' [C:/Users/zande/Documents/VSCODE/SchoolStuff/ece153a/Labs/HardwareSetup/lab2b/lab2b.runs/synth_1/.Xil/Vivado-3152-Alexander-PC/realtime/system_mdm_1_0_stub.v:6]
INFO: [Synth 8-6155] done synthesizing module 'system_mdm_1_0' (10#1) [C:/Users/zande/Documents/VSCODE/SchoolStuff/ece153a/Labs/HardwareSetup/lab2b/lab2b.runs/synth_1/.Xil/Vivado-3152-Alexander-PC/realtime/system_mdm_1_0_stub.v:6]
INFO: [Synth 8-6157] synthesizing module 'system_microblaze_0_0' [C:/Users/zande/Documents/VSCODE/SchoolStuff/ece153a/Labs/HardwareSetup/lab2b/lab2b.runs/synth_1/.Xil/Vivado-3152-Alexander-PC/realtime/system_microblaze_0_0_stub.v:6]
INFO: [Synth 8-6155] done synthesizing module 'system_microblaze_0_0' (11#1) [C:/Users/zande/Documents/VSCODE/SchoolStuff/ece153a/Labs/HardwareSetup/lab2b/lab2b.runs/synth_1/.Xil/Vivado-3152-Alexander-PC/realtime/system_microblaze_0_0_stub.v:6]
WARNING: [Synth 8-7023] instance 'microblaze_0' of module 'system_microblaze_0_0' has 126 connections declared, but only 108 given [C:/Users/zande/Documents/VSCODE/SchoolStuff/ece153a/Labs/HardwareSetup/lab2b/lab2b.srcs/sources_1/bd/system/synth/system.v:2583]
INFO: [Synth 8-6157] synthesizing module 'system_microblaze_0_axi_intc_0' [C:/Users/zande/Documents/VSCODE/SchoolStuff/ece153a/Labs/HardwareSetup/lab2b/lab2b.runs/synth_1/.Xil/Vivado-3152-Alexander-PC/realtime/system_microblaze_0_axi_intc_0_stub.v:6]
INFO: [Synth 8-6155] done synthesizing module 'system_microblaze_0_axi_intc_0' (12#1) [C:/Users/zande/Documents/VSCODE/SchoolStuff/ece153a/Labs/HardwareSetup/lab2b/lab2b.runs/synth_1/.Xil/Vivado-3152-Alexander-PC/realtime/system_microblaze_0_axi_intc_0_stub.v:6]
INFO: [Synth 8-6157] synthesizing module 'system_microblaze_0_axi_periph_0' [C:/Users/zande/Documents/VSCODE/SchoolStuff/ece153a/Labs/HardwareSetup/lab2b/lab2b.srcs/sources_1/bd/system/synth/system.v:3096]
INFO: [Synth 8-6157] synthesizing module 'm00_couplers_imp_1RZ0IW6' [C:/Users/zande/Documents/VSCODE/SchoolStuff/ece153a/Labs/HardwareSetup/lab2b/lab2b.srcs/sources_1/bd/system/synth/system.v:12]
INFO: [Synth 8-6155] done synthesizing module 'm00_couplers_imp_1RZ0IW6' (13#1) [C:/Users/zande/Documents/VSCODE/SchoolStuff/ece153a/Labs/HardwareSetup/lab2b/lab2b.srcs/sources_1/bd/system/synth/system.v:12]
INFO: [Synth 8-6157] synthesizing module 'm01_couplers_imp_K87I2F' [C:/Users/zande/Documents/VSCODE/SchoolStuff/ece153a/Labs/HardwareSetup/lab2b/lab2b.srcs/sources_1/bd/system/synth/system.v:144]
INFO: [Synth 8-6155] done synthesizing module 'm01_couplers_imp_K87I2F' (14#1) [C:/Users/zande/Documents/VSCODE/SchoolStuff/ece153a/Labs/HardwareSetup/lab2b/lab2b.srcs/sources_1/bd/system/synth/system.v:144]
INFO: [Synth 8-6157] synthesizing module 'm02_couplers_imp_QYRHL1' [C:/Users/zande/Documents/VSCODE/SchoolStuff/ece153a/Labs/HardwareSetup/lab2b/lab2b.srcs/sources_1/bd/system/synth/system.v:276]
INFO: [Synth 8-6155] done synthesizing module 'm02_couplers_imp_QYRHL1' (15#1) [C:/Users/zande/Documents/VSCODE/SchoolStuff/ece153a/Labs/HardwareSetup/lab2b/lab2b.srcs/sources_1/bd/system/synth/system.v:276]
INFO: [Synth 8-6157] synthesizing module 'm03_couplers_imp_1LIFQL0' [C:/Users/zande/Documents/VSCODE/SchoolStuff/ece153a/Labs/HardwareSetup/lab2b/lab2b.srcs/sources_1/bd/system/synth/system.v:408]
INFO: [Synth 8-6155] done synthesizing module 'm03_couplers_imp_1LIFQL0' (16#1) [C:/Users/zande/Documents/VSCODE/SchoolStuff/ece153a/Labs/HardwareSetup/lab2b/lab2b.srcs/sources_1/bd/system/synth/system.v:408]
INFO: [Synth 8-6157] synthesizing module 'm04_couplers_imp_E2VWV5' [C:/Users/zande/Documents/VSCODE/SchoolStuff/ece153a/Labs/HardwareSetup/lab2b/lab2b.srcs/sources_1/bd/system/synth/system.v:540]
INFO: [Synth 8-6155] done synthesizing module 'm04_couplers_imp_E2VWV5' (17#1) [C:/Users/zande/Documents/VSCODE/SchoolStuff/ece153a/Labs/HardwareSetup/lab2b/lab2b.srcs/sources_1/bd/system/synth/system.v:540]
INFO: [Synth 8-6157] synthesizing module 'm05_couplers_imp_17ILSXC' [C:/Users/zande/Documents/VSCODE/SchoolStuff/ece153a/Labs/HardwareSetup/lab2b/lab2b.srcs/sources_1/bd/system/synth/system.v:672]
INFO: [Synth 8-6155] done synthesizing module 'm05_couplers_imp_17ILSXC' (18#1) [C:/Users/zande/Documents/VSCODE/SchoolStuff/ece153a/Labs/HardwareSetup/lab2b/lab2b.srcs/sources_1/bd/system/synth/system.v:672]
INFO: [Synth 8-6157] synthesizing module 'm06_couplers_imp_1E95TTU' [C:/Users/zande/Documents/VSCODE/SchoolStuff/ece153a/Labs/HardwareSetup/lab2b/lab2b.srcs/sources_1/bd/system/synth/system.v:804]
INFO: [Synth 8-6155] done synthesizing module 'm06_couplers_imp_1E95TTU' (19#1) [C:/Users/zande/Documents/VSCODE/SchoolStuff/ece153a/Labs/HardwareSetup/lab2b/lab2b.srcs/sources_1/bd/system/synth/system.v:804]
INFO: [Synth 8-6157] synthesizing module 'm07_couplers_imp_7MB6C3' [C:/Users/zande/Documents/VSCODE/SchoolStuff/ece153a/Labs/HardwareSetup/lab2b/lab2b.srcs/sources_1/bd/system/synth/system.v:950]
INFO: [Synth 8-6155] done synthesizing module 'm07_couplers_imp_7MB6C3' (20#1) [C:/Users/zande/Documents/VSCODE/SchoolStuff/ece153a/Labs/HardwareSetup/lab2b/lab2b.srcs/sources_1/bd/system/synth/system.v:950]
INFO: [Synth 8-6157] synthesizing module 'm08_couplers_imp_15IETBD' [C:/Users/zande/Documents/VSCODE/SchoolStuff/ece153a/Labs/HardwareSetup/lab2b/lab2b.srcs/sources_1/bd/system/synth/system.v:1082]
INFO: [Synth 8-6155] done synthesizing module 'm08_couplers_imp_15IETBD' (21#1) [C:/Users/zande/Documents/VSCODE/SchoolStuff/ece153a/Labs/HardwareSetup/lab2b/lab2b.srcs/sources_1/bd/system/synth/system.v:1082]
INFO: [Synth 8-6157] synthesizing module 'm09_couplers_imp_GMVR08' [C:/Users/zande/Documents/VSCODE/SchoolStuff/ece153a/Labs/HardwareSetup/lab2b/lab2b.srcs/sources_1/bd/system/synth/system.v:1214]
INFO: [Synth 8-6155] done synthesizing module 'm09_couplers_imp_GMVR08' (22#1) [C:/Users/zande/Documents/VSCODE/SchoolStuff/ece153a/Labs/HardwareSetup/lab2b/lab2b.srcs/sources_1/bd/system/synth/system.v:1214]
INFO: [Synth 8-6157] synthesizing module 'm10_couplers_imp_QYIUP1' [C:/Users/zande/Documents/VSCODE/SchoolStuff/ece153a/Labs/HardwareSetup/lab2b/lab2b.srcs/sources_1/bd/system/synth/system.v:1346]
INFO: [Synth 8-6155] done synthesizing module 'm10_couplers_imp_QYIUP1' (23#1) [C:/Users/zande/Documents/VSCODE/SchoolStuff/ece153a/Labs/HardwareSetup/lab2b/lab2b.srcs/sources_1/bd/system/synth/system.v:1346]
INFO: [Synth 8-6157] synthesizing module 's00_couplers_imp_1LZPV07' [C:/Users/zande/Documents/VSCODE/SchoolStuff/ece153a/Labs/HardwareSetup/lab2b/lab2b.srcs/sources_1/bd/system/synth/system.v:1712]
INFO: [Synth 8-6155] done synthesizing module 's00_couplers_imp_1LZPV07' (24#1) [C:/Users/zande/Documents/VSCODE/SchoolStuff/ece153a/Labs/HardwareSetup/lab2b/lab2b.srcs/sources_1/bd/system/synth/system.v:1712]
INFO: [Synth 8-6157] synthesizing module 'system_xbar_0' [C:/Users/zande/Documents/VSCODE/SchoolStuff/ece153a/Labs/HardwareSetup/lab2b/lab2b.runs/synth_1/.Xil/Vivado-3152-Alexander-PC/realtime/system_xbar_0_stub.v:6]
INFO: [Synth 8-6155] done synthesizing module 'system_xbar_0' (25#1) [C:/Users/zande/Documents/VSCODE/SchoolStuff/ece153a/Labs/HardwareSetup/lab2b/lab2b.runs/synth_1/.Xil/Vivado-3152-Alexander-PC/realtime/system_xbar_0_stub.v:6]
WARNING: [Synth 8-689] width (21) of port connection 'm_axi_arprot' does not match port width (33) of module 'system_xbar_0' [C:/Users/zande/Documents/VSCODE/SchoolStuff/ece153a/Labs/HardwareSetup/lab2b/lab2b.srcs/sources_1/bd/system/synth/system.v:4677]
WARNING: [Synth 8-689] width (21) of port connection 'm_axi_awprot' does not match port width (33) of module 'system_xbar_0' [C:/Users/zande/Documents/VSCODE/SchoolStuff/ece153a/Labs/HardwareSetup/lab2b/lab2b.srcs/sources_1/bd/system/synth/system.v:4681]
INFO: [Synth 8-6155] done synthesizing module 'system_microblaze_0_axi_periph_0' (26#1) [C:/Users/zande/Documents/VSCODE/SchoolStuff/ece153a/Labs/HardwareSetup/lab2b/lab2b.srcs/sources_1/bd/system/synth/system.v:3096]
INFO: [Synth 8-6157] synthesizing module 'microblaze_0_local_memory_imp_OGE0N8' [C:/Users/zande/Documents/VSCODE/SchoolStuff/ece153a/Labs/HardwareSetup/lab2b/lab2b.srcs/sources_1/bd/system/synth/system.v:1478]
INFO: [Synth 8-6157] synthesizing module 'system_dlmb_bram_if_cntlr_0' [C:/Users/zande/Documents/VSCODE/SchoolStuff/ece153a/Labs/HardwareSetup/lab2b/lab2b.runs/synth_1/.Xil/Vivado-3152-Alexander-PC/realtime/system_dlmb_bram_if_cntlr_0_stub.v:6]
INFO: [Synth 8-6155] done synthesizing module 'system_dlmb_bram_if_cntlr_0' (27#1) [C:/Users/zande/Documents/VSCODE/SchoolStuff/ece153a/Labs/HardwareSetup/lab2b/lab2b.runs/synth_1/.Xil/Vivado-3152-Alexander-PC/realtime/system_dlmb_bram_if_cntlr_0_stub.v:6]
INFO: [Synth 8-6157] synthesizing module 'system_dlmb_v10_0' [C:/Users/zande/Documents/VSCODE/SchoolStuff/ece153a/Labs/HardwareSetup/lab2b/lab2b.runs/synth_1/.Xil/Vivado-3152-Alexander-PC/realtime/system_dlmb_v10_0_stub.v:6]
INFO: [Synth 8-6155] done synthesizing module 'system_dlmb_v10_0' (28#1) [C:/Users/zande/Documents/VSCODE/SchoolStuff/ece153a/Labs/HardwareSetup/lab2b/lab2b.runs/synth_1/.Xil/Vivado-3152-Alexander-PC/realtime/system_dlmb_v10_0_stub.v:6]
WARNING: [Synth 8-7023] instance 'dlmb_v10' of module 'system_dlmb_v10_0' has 25 connections declared, but only 24 given [C:/Users/zande/Documents/VSCODE/SchoolStuff/ece153a/Labs/HardwareSetup/lab2b/lab2b.srcs/sources_1/bd/system/synth/system.v:1624]
INFO: [Synth 8-6157] synthesizing module 'system_ilmb_bram_if_cntlr_0' [C:/Users/zande/Documents/VSCODE/SchoolStuff/ece153a/Labs/HardwareSetup/lab2b/lab2b.runs/synth_1/.Xil/Vivado-3152-Alexander-PC/realtime/system_ilmb_bram_if_cntlr_0_stub.v:6]
INFO: [Synth 8-6155] done synthesizing module 'system_ilmb_bram_if_cntlr_0' (29#1) [C:/Users/zande/Documents/VSCODE/SchoolStuff/ece153a/Labs/HardwareSetup/lab2b/lab2b.runs/synth_1/.Xil/Vivado-3152-Alexander-PC/realtime/system_ilmb_bram_if_cntlr_0_stub.v:6]
INFO: [Synth 8-6157] synthesizing module 'system_ilmb_v10_0' [C:/Users/zande/Documents/VSCODE/SchoolStuff/ece153a/Labs/HardwareSetup/lab2b/lab2b.runs/synth_1/.Xil/Vivado-3152-Alexander-PC/realtime/system_ilmb_v10_0_stub.v:6]
INFO: [Synth 8-6155] done synthesizing module 'system_ilmb_v10_0' (30#1) [C:/Users/zande/Documents/VSCODE/SchoolStuff/ece153a/Labs/HardwareSetup/lab2b/lab2b.runs/synth_1/.Xil/Vivado-3152-Alexander-PC/realtime/system_ilmb_v10_0_stub.v:6]
WARNING: [Synth 8-7023] instance 'ilmb_v10' of module 'system_ilmb_v10_0' has 25 connections declared, but only 24 given [C:/Users/zande/Documents/VSCODE/SchoolStuff/ece153a/Labs/HardwareSetup/lab2b/lab2b.srcs/sources_1/bd/system/synth/system.v:1670]
INFO: [Synth 8-6157] synthesizing module 'system_lmb_bram_0' [C:/Users/zande/Documents/VSCODE/SchoolStuff/ece153a/Labs/HardwareSetup/lab2b/lab2b.runs/synth_1/.Xil/Vivado-3152-Alexander-PC/realtime/system_lmb_bram_0_stub.v:6]
INFO: [Synth 8-6155] done synthesizing module 'system_lmb_bram_0' (31#1) [C:/Users/zande/Documents/VSCODE/SchoolStuff/ece153a/Labs/HardwareSetup/lab2b/lab2b.runs/synth_1/.Xil/Vivado-3152-Alexander-PC/realtime/system_lmb_bram_0_stub.v:6]
WARNING: [Synth 8-7023] instance 'lmb_bram' of module 'system_lmb_bram_0' has 16 connections declared, but only 14 given [C:/Users/zande/Documents/VSCODE/SchoolStuff/ece153a/Labs/HardwareSetup/lab2b/lab2b.srcs/sources_1/bd/system/synth/system.v:1695]
INFO: [Synth 8-6155] done synthesizing module 'microblaze_0_local_memory_imp_OGE0N8' (32#1) [C:/Users/zande/Documents/VSCODE/SchoolStuff/ece153a/Labs/HardwareSetup/lab2b/lab2b.srcs/sources_1/bd/system/synth/system.v:1478]
INFO: [Synth 8-6157] synthesizing module 'system_microblaze_0_xlconcat_0' [c:/Users/zande/Documents/VSCODE/SchoolStuff/ece153a/Labs/HardwareSetup/lab2b/lab2b.srcs/sources_1/bd/system/ip/system_microblaze_0_xlconcat_0/synth/system_microblaze_0_xlconcat_0.v:58]
INFO: [Synth 8-6157] synthesizing module 'xlconcat_v2_1_3_xlconcat' [c:/Users/zande/Documents/VSCODE/SchoolStuff/ece153a/Labs/HardwareSetup/lab2b/lab2b.srcs/sources_1/bd/system/ipshared/442e/hdl/xlconcat_v2_1_vl_rfs.v:14]
	Parameter IN0_WIDTH bound to: 1 - type: integer 
	Parameter IN1_WIDTH bound to: 1 - type: integer 
	Parameter IN2_WIDTH bound to: 1 - type: integer 
	Parameter IN3_WIDTH bound to: 1 - type: integer 
	Parameter IN4_WIDTH bound to: 1 - type: integer 
	Parameter IN5_WIDTH bound to: 1 - type: integer 
	Parameter IN6_WIDTH bound to: 1 - type: integer 
	Parameter IN7_WIDTH bound to: 1 - type: integer 
	Parameter IN8_WIDTH bound to: 1 - type: integer 
	Parameter IN9_WIDTH bound to: 1 - type: integer 
	Parameter IN10_WIDTH bound to: 1 - type: integer 
	Parameter IN11_WIDTH bound to: 1 - type: integer 
	Parameter IN12_WIDTH bound to: 1 - type: integer 
	Parameter IN13_WIDTH bound to: 1 - type: integer 
	Parameter IN14_WIDTH bound to: 1 - type: integer 
	Parameter IN15_WIDTH bound to: 1 - type: integer 
	Parameter IN16_WIDTH bound to: 1 - type: integer 
	Parameter IN17_WIDTH bound to: 1 - type: integer 
	Parameter IN18_WIDTH bound to: 1 - type: integer 
	Parameter IN19_WIDTH bound to: 1 - type: integer 
	Parameter IN20_WIDTH bound to: 1 - type: integer 
	Parameter IN21_WIDTH bound to: 1 - type: integer 
	Parameter IN22_WIDTH bound to: 1 - type: integer 
	Parameter IN23_WIDTH bound to: 1 - type: integer 
	Parameter IN24_WIDTH bound to: 1 - type: integer 
	Parameter IN25_WIDTH bound to: 1 - type: integer 
	Parameter IN26_WIDTH bound to: 1 - type: integer 
	Parameter IN27_WIDTH bound to: 1 - type: integer 
	Parameter IN28_WIDTH bound to: 1 - type: integer 
	Parameter IN29_WIDTH bound to: 1 - type: integer 
	Parameter IN30_WIDTH bound to: 1 - type: integer 
	Parameter IN31_WIDTH bound to: 1 - type: integer 
	Parameter dout_width bound to: 5 - type: integer 
	Parameter NUM_PORTS bound to: 5 - type: integer 
INFO: [Synth 8-6155] done synthesizing module 'xlconcat_v2_1_3_xlconcat' (33#1) [c:/Users/zande/Documents/VSCODE/SchoolStuff/ece153a/Labs/HardwareSetup/lab2b/lab2b.srcs/sources_1/bd/system/ipshared/442e/hdl/xlconcat_v2_1_vl_rfs.v:14]
INFO: [Synth 8-6155] done synthesizing module 'system_microblaze_0_xlconcat_0' (34#1) [c:/Users/zande/Documents/VSCODE/SchoolStuff/ece153a/Labs/HardwareSetup/lab2b/lab2b.srcs/sources_1/bd/system/ip/system_microblaze_0_xlconcat_0/synth/system_microblaze_0_xlconcat_0.v:58]
INFO: [Synth 8-6157] synthesizing module 'system_mig_7series_0_1' [C:/Users/zande/Documents/VSCODE/SchoolStuff/ece153a/Labs/HardwareSetup/lab2b/lab2b.runs/synth_1/.Xil/Vivado-3152-Alexander-PC/realtime/system_mig_7series_0_1_stub.v:5]
INFO: [Synth 8-6155] done synthesizing module 'system_mig_7series_0_1' (35#1) [C:/Users/zande/Documents/VSCODE/SchoolStuff/ece153a/Labs/HardwareSetup/lab2b/lab2b.runs/synth_1/.Xil/Vivado-3152-Alexander-PC/realtime/system_mig_7series_0_1_stub.v:5]
WARNING: [Synth 8-7023] instance 'mig_7series_0' of module 'system_mig_7series_0_1' has 67 connections declared, but only 57 given [C:/Users/zande/Documents/VSCODE/SchoolStuff/ece153a/Labs/HardwareSetup/lab2b/lab2b.srcs/sources_1/bd/system/synth/system.v:2982]
INFO: [Synth 8-6157] synthesizing module 'system_rst_mig_7series_0_100M_0' [C:/Users/zande/Documents/VSCODE/SchoolStuff/ece153a/Labs/HardwareSetup/lab2b/lab2b.runs/synth_1/.Xil/Vivado-3152-Alexander-PC/realtime/system_rst_mig_7series_0_100M_0_stub.v:6]
INFO: [Synth 8-6155] done synthesizing module 'system_rst_mig_7series_0_100M_0' (36#1) [C:/Users/zande/Documents/VSCODE/SchoolStuff/ece153a/Labs/HardwareSetup/lab2b/lab2b.runs/synth_1/.Xil/Vivado-3152-Alexander-PC/realtime/system_rst_mig_7series_0_100M_0_stub.v:6]
WARNING: [Synth 8-7023] instance 'rst_mig_7series_0_100M' of module 'system_rst_mig_7series_0_100M_0' has 10 connections declared, but only 8 given [C:/Users/zande/Documents/VSCODE/SchoolStuff/ece153a/Labs/HardwareSetup/lab2b/lab2b.srcs/sources_1/bd/system/synth/system.v:3040]
INFO: [Synth 8-6157] synthesizing module 'system_sevenSeg_0_0' [C:/Users/zande/Documents/VSCODE/SchoolStuff/ece153a/Labs/HardwareSetup/lab2b/lab2b.runs/synth_1/.Xil/Vivado-3152-Alexander-PC/realtime/system_sevenSeg_0_0_stub.v:6]
INFO: [Synth 8-6155] done synthesizing module 'system_sevenSeg_0_0' (37#1) [C:/Users/zande/Documents/VSCODE/SchoolStuff/ece153a/Labs/HardwareSetup/lab2b/lab2b.runs/synth_1/.Xil/Vivado-3152-Alexander-PC/realtime/system_sevenSeg_0_0_stub.v:6]
INFO: [Synth 8-6157] synthesizing module 'system_axi_gpio_0_6' [C:/Users/zande/Documents/VSCODE/SchoolStuff/ece153a/Labs/HardwareSetup/lab2b/lab2b.runs/synth_1/.Xil/Vivado-3152-Alexander-PC/realtime/system_axi_gpio_0_6_stub.v:6]
INFO: [Synth 8-6155] done synthesizing module 'system_axi_gpio_0_6' (38#1) [C:/Users/zande/Documents/VSCODE/SchoolStuff/ece153a/Labs/HardwareSetup/lab2b/lab2b.runs/synth_1/.Xil/Vivado-3152-Alexander-PC/realtime/system_axi_gpio_0_6_stub.v:6]
INFO: [Synth 8-6155] done synthesizing module 'system' (39#1) [C:/Users/zande/Documents/VSCODE/SchoolStuff/ece153a/Labs/HardwareSetup/lab2b/lab2b.srcs/sources_1/bd/system/synth/system.v:1859]
INFO: [Synth 8-6155] done synthesizing module 'system_wrapper' (40#1) [C:/Users/zande/Documents/VSCODE/SchoolStuff/ece153a/Labs/HardwareSetup/lab2b/lab2b.srcs/sources_1/bd/system/hdl/system_wrapper.v:12]
WARNING: [Synth 8-3331] design xlconcat_v2_1_3_xlconcat has unconnected port In5[0]
WARNING: [Synth 8-3331] design xlconcat_v2_1_3_xlconcat has unconnected port In6[0]
WARNING: [Synth 8-3331] design xlconcat_v2_1_3_xlconcat has unconnected port In7[0]
WARNING: [Synth 8-3331] design xlconcat_v2_1_3_xlconcat has unconnected port In8[0]
WARNING: [Synth 8-3331] design xlconcat_v2_1_3_xlconcat has unconnected port In9[0]
WARNING: [Synth 8-3331] design xlconcat_v2_1_3_xlconcat has unconnected port In10[0]
WARNING: [Synth 8-3331] design xlconcat_v2_1_3_xlconcat has unconnected port In11[0]
WARNING: [Synth 8-3331] design xlconcat_v2_1_3_xlconcat has unconnected port In12[0]
WARNING: [Synth 8-3331] design xlconcat_v2_1_3_xlconcat has unconnected port In13[0]
WARNING: [Synth 8-3331] design xlconcat_v2_1_3_xlconcat has unconnected port In14[0]
WARNING: [Synth 8-3331] design xlconcat_v2_1_3_xlconcat has unconnected port In15[0]
WARNING: [Synth 8-3331] design xlconcat_v2_1_3_xlconcat has unconnected port In16[0]
WARNING: [Synth 8-3331] design xlconcat_v2_1_3_xlconcat has unconnected port In17[0]
WARNING: [Synth 8-3331] design xlconcat_v2_1_3_xlconcat has unconnected port In18[0]
WARNING: [Synth 8-3331] design xlconcat_v2_1_3_xlconcat has unconnected port In19[0]
WARNING: [Synth 8-3331] design xlconcat_v2_1_3_xlconcat has unconnected port In20[0]
WARNING: [Synth 8-3331] design xlconcat_v2_1_3_xlconcat has unconnected port In21[0]
WARNING: [Synth 8-3331] design xlconcat_v2_1_3_xlconcat has unconnected port In22[0]
WARNING: [Synth 8-3331] design xlconcat_v2_1_3_xlconcat has unconnected port In23[0]
WARNING: [Synth 8-3331] design xlconcat_v2_1_3_xlconcat has unconnected port In24[0]
WARNING: [Synth 8-3331] design xlconcat_v2_1_3_xlconcat has unconnected port In25[0]
WARNING: [Synth 8-3331] design xlconcat_v2_1_3_xlconcat has unconnected port In26[0]
WARNING: [Synth 8-3331] design xlconcat_v2_1_3_xlconcat has unconnected port In27[0]
WARNING: [Synth 8-3331] design xlconcat_v2_1_3_xlconcat has unconnected port In28[0]
WARNING: [Synth 8-3331] design xlconcat_v2_1_3_xlconcat has unconnected port In29[0]
WARNING: [Synth 8-3331] design xlconcat_v2_1_3_xlconcat has unconnected port In30[0]
WARNING: [Synth 8-3331] design xlconcat_v2_1_3_xlconcat has unconnected port In31[0]
WARNING: [Synth 8-3331] design s00_couplers_imp_1LZPV07 has unconnected port M_ACLK
WARNING: [Synth 8-3331] design s00_couplers_imp_1LZPV07 has unconnected port M_ARESETN
WARNING: [Synth 8-3331] design s00_couplers_imp_1LZPV07 has unconnected port S_ACLK
WARNING: [Synth 8-3331] design s00_couplers_imp_1LZPV07 has unconnected port S_ARESETN
WARNING: [Synth 8-3331] design m10_couplers_imp_QYIUP1 has unconnected port M_ACLK
WARNING: [Synth 8-3331] design m10_couplers_imp_QYIUP1 has unconnected port M_ARESETN
WARNING: [Synth 8-3331] design m10_couplers_imp_QYIUP1 has unconnected port S_ACLK
WARNING: [Synth 8-3331] design m10_couplers_imp_QYIUP1 has unconnected port S_ARESETN
WARNING: [Synth 8-3331] design m09_couplers_imp_GMVR08 has unconnected port M_ACLK
WARNING: [Synth 8-3331] design m09_couplers_imp_GMVR08 has unconnected port M_ARESETN
WARNING: [Synth 8-3331] design m09_couplers_imp_GMVR08 has unconnected port S_ACLK
WARNING: [Synth 8-3331] design m09_couplers_imp_GMVR08 has unconnected port S_ARESETN
WARNING: [Synth 8-3331] design m08_couplers_imp_15IETBD has unconnected port M_ACLK
WARNING: [Synth 8-3331] design m08_couplers_imp_15IETBD has unconnected port M_ARESETN
WARNING: [Synth 8-3331] design m08_couplers_imp_15IETBD has unconnected port S_ACLK
WARNING: [Synth 8-3331] design m08_couplers_imp_15IETBD has unconnected port S_ARESETN
WARNING: [Synth 8-3331] design m07_couplers_imp_7MB6C3 has unconnected port M_ACLK
WARNING: [Synth 8-3331] design m07_couplers_imp_7MB6C3 has unconnected port M_ARESETN
WARNING: [Synth 8-3331] design m07_couplers_imp_7MB6C3 has unconnected port S_ACLK
WARNING: [Synth 8-3331] design m07_couplers_imp_7MB6C3 has unconnected port S_ARESETN
WARNING: [Synth 8-3331] design m06_couplers_imp_1E95TTU has unconnected port M_ACLK
WARNING: [Synth 8-3331] design m06_couplers_imp_1E95TTU has unconnected port M_ARESETN
WARNING: [Synth 8-3331] design m06_couplers_imp_1E95TTU has unconnected port S_ACLK
WARNING: [Synth 8-3331] design m06_couplers_imp_1E95TTU has unconnected port S_ARESETN
WARNING: [Synth 8-3331] design m05_couplers_imp_17ILSXC has unconnected port M_ACLK
WARNING: [Synth 8-3331] design m05_couplers_imp_17ILSXC has unconnected port M_ARESETN
WARNING: [Synth 8-3331] design m05_couplers_imp_17ILSXC has unconnected port S_ACLK
WARNING: [Synth 8-3331] design m05_couplers_imp_17ILSXC has unconnected port S_ARESETN
WARNING: [Synth 8-3331] design m04_couplers_imp_E2VWV5 has unconnected port M_ACLK
WARNING: [Synth 8-3331] design m04_couplers_imp_E2VWV5 has unconnected port M_ARESETN
WARNING: [Synth 8-3331] design m04_couplers_imp_E2VWV5 has unconnected port S_ACLK
WARNING: [Synth 8-3331] design m04_couplers_imp_E2VWV5 has unconnected port S_ARESETN
WARNING: [Synth 8-3331] design m03_couplers_imp_1LIFQL0 has unconnected port M_ACLK
WARNING: [Synth 8-3331] design m03_couplers_imp_1LIFQL0 has unconnected port M_ARESETN
WARNING: [Synth 8-3331] design m03_couplers_imp_1LIFQL0 has unconnected port S_ACLK
WARNING: [Synth 8-3331] design m03_couplers_imp_1LIFQL0 has unconnected port S_ARESETN
WARNING: [Synth 8-3331] design m02_couplers_imp_QYRHL1 has unconnected port M_ACLK
WARNING: [Synth 8-3331] design m02_couplers_imp_QYRHL1 has unconnected port M_ARESETN
WARNING: [Synth 8-3331] design m02_couplers_imp_QYRHL1 has unconnected port S_ACLK
WARNING: [Synth 8-3331] design m02_couplers_imp_QYRHL1 has unconnected port S_ARESETN
WARNING: [Synth 8-3331] design m01_couplers_imp_K87I2F has unconnected port M_ACLK
WARNING: [Synth 8-3331] design m01_couplers_imp_K87I2F has unconnected port M_ARESETN
WARNING: [Synth 8-3331] design m01_couplers_imp_K87I2F has unconnected port S_ACLK
WARNING: [Synth 8-3331] design m01_couplers_imp_K87I2F has unconnected port S_ARESETN
WARNING: [Synth 8-3331] design m00_couplers_imp_1RZ0IW6 has unconnected port M_ACLK
WARNING: [Synth 8-3331] design m00_couplers_imp_1RZ0IW6 has unconnected port M_ARESETN
WARNING: [Synth 8-3331] design m00_couplers_imp_1RZ0IW6 has unconnected port S_ACLK
WARNING: [Synth 8-3331] design m00_couplers_imp_1RZ0IW6 has unconnected port S_ARESETN
WARNING: [Synth 8-3331] design system_microblaze_0_axi_periph_0 has unconnected port M00_ACLK
WARNING: [Synth 8-3331] design system_microblaze_0_axi_periph_0 has unconnected port M00_ARESETN
WARNING: [Synth 8-3331] design system_microblaze_0_axi_periph_0 has unconnected port M01_ACLK
WARNING: [Synth 8-3331] design system_microblaze_0_axi_periph_0 has unconnected port M01_ARESETN
WARNING: [Synth 8-3331] design system_microblaze_0_axi_periph_0 has unconnected port M02_ACLK
WARNING: [Synth 8-3331] design system_microblaze_0_axi_periph_0 has unconnected port M02_ARESETN
WARNING: [Synth 8-3331] design system_microblaze_0_axi_periph_0 has unconnected port M03_ACLK
WARNING: [Synth 8-3331] design system_microblaze_0_axi_periph_0 has unconnected port M03_ARESETN
WARNING: [Synth 8-3331] design system_microblaze_0_axi_periph_0 has unconnected port M04_ACLK
WARNING: [Synth 8-3331] design system_microblaze_0_axi_periph_0 has unconnected port M04_ARESETN
WARNING: [Synth 8-3331] design system_microblaze_0_axi_periph_0 has unconnected port M05_ACLK
WARNING: [Synth 8-3331] design system_microblaze_0_axi_periph_0 has unconnected port M05_ARESETN
WARNING: [Synth 8-3331] design system_microblaze_0_axi_periph_0 has unconnected port M06_ACLK
WARNING: [Synth 8-3331] design system_microblaze_0_axi_periph_0 has unconnected port M06_ARESETN
WARNING: [Synth 8-3331] design system_microblaze_0_axi_periph_0 has unconnected port M07_ACLK
WARNING: [Synth 8-3331] design system_microblaze_0_axi_periph_0 has unconnected port M07_ARESETN
WARNING: [Synth 8-3331] design system_microblaze_0_axi_periph_0 has unconnected port M08_ACLK
WARNING: [Synth 8-3331] design system_microblaze_0_axi_periph_0 has unconnected port M08_ARESETN
WARNING: [Synth 8-3331] design system_microblaze_0_axi_periph_0 has unconnected port M09_ACLK
WARNING: [Synth 8-3331] design system_microblaze_0_axi_periph_0 has unconnected port M09_ARESETN
WARNING: [Synth 8-3331] design system_microblaze_0_axi_periph_0 has unconnected port M10_ACLK
WARNING: [Synth 8-3331] design system_microblaze_0_axi_periph_0 has unconnected port M10_ARESETN
WARNING: [Synth 8-3331] design system_microblaze_0_axi_periph_0 has unconnected port S00_ACLK
WARNING: [Synth 8-3331] design system_microblaze_0_axi_periph_0 has unconnected port S00_ARESETN
---------------------------------------------------------------------------------
Finished RTL Elaboration : Time (s): cpu = 00:00:02 ; elapsed = 00:00:03 . Memory (MB): peak = 834.215 ; gain = 251.195
---------------------------------------------------------------------------------

Report Check Netlist: 
+------+------------------+-------+---------+-------+------------------+
|      |Item              |Errors |Warnings |Status |Description       |
+------+------------------+-------+---------+-------+------------------+
|1     |multi_driven_nets |      0|        0|Passed |Multi driven nets |
+------+------------------+-------+---------+-------+------------------+
---------------------------------------------------------------------------------
Start Handling Custom Attributes
---------------------------------------------------------------------------------
---------------------------------------------------------------------------------
Finished Handling Custom Attributes : Time (s): cpu = 00:00:03 ; elapsed = 00:00:03 . Memory (MB): peak = 834.215 ; gain = 251.195
---------------------------------------------------------------------------------
---------------------------------------------------------------------------------
Finished RTL Optimization Phase 1 : Time (s): cpu = 00:00:03 ; elapsed = 00:00:03 . Memory (MB): peak = 834.215 ; gain = 251.195
---------------------------------------------------------------------------------
INFO: [Project 1-570] Preparing netlist for logic optimization

Processing XDC Constraints
Initializing timing engine
Parsing XDC File [c:/Users/zande/Documents/VSCODE/SchoolStuff/ece153a/Labs/HardwareSetup/lab2b/lab2b.srcs/sources_1/bd/system/ip/system_mig_7series_0_1/system_mig_7series_0_1/system_mig_7series_0_1_in_context.xdc] for cell 'system_i/mig_7series_0'
Finished Parsing XDC File [c:/Users/zande/Documents/VSCODE/SchoolStuff/ece153a/Labs/HardwareSetup/lab2b/lab2b.srcs/sources_1/bd/system/ip/system_mig_7series_0_1/system_mig_7series_0_1/system_mig_7series_0_1_in_context.xdc] for cell 'system_i/mig_7series_0'
Parsing XDC File [c:/Users/zande/Documents/VSCODE/SchoolStuff/ece153a/Labs/HardwareSetup/lab2b/lab2b.srcs/sources_1/bd/system/ip/system_microblaze_0_0/system_microblaze_0_0/system_microblaze_0_0_in_context.xdc] for cell 'system_i/microblaze_0'
Finished Parsing XDC File [c:/Users/zande/Documents/VSCODE/SchoolStuff/ece153a/Labs/HardwareSetup/lab2b/lab2b.srcs/sources_1/bd/system/ip/system_microblaze_0_0/system_microblaze_0_0/system_microblaze_0_0_in_context.xdc] for cell 'system_i/microblaze_0'
Parsing XDC File [c:/Users/zande/Documents/VSCODE/SchoolStuff/ece153a/Labs/HardwareSetup/lab2b/lab2b.srcs/sources_1/bd/system/ip/system_dlmb_v10_0/system_dlmb_v10_0/system_dlmb_v10_0_in_context.xdc] for cell 'system_i/microblaze_0_local_memory/dlmb_v10'
Finished Parsing XDC File [c:/Users/zande/Documents/VSCODE/SchoolStuff/ece153a/Labs/HardwareSetup/lab2b/lab2b.srcs/sources_1/bd/system/ip/system_dlmb_v10_0/system_dlmb_v10_0/system_dlmb_v10_0_in_context.xdc] for cell 'system_i/microblaze_0_local_memory/dlmb_v10'
Parsing XDC File [c:/Users/zande/Documents/VSCODE/SchoolStuff/ece153a/Labs/HardwareSetup/lab2b/lab2b.srcs/sources_1/bd/system/ip/system_ilmb_v10_0/system_ilmb_v10_0/system_dlmb_v10_0_in_context.xdc] for cell 'system_i/microblaze_0_local_memory/ilmb_v10'
Finished Parsing XDC File [c:/Users/zande/Documents/VSCODE/SchoolStuff/ece153a/Labs/HardwareSetup/lab2b/lab2b.srcs/sources_1/bd/system/ip/system_ilmb_v10_0/system_ilmb_v10_0/system_dlmb_v10_0_in_context.xdc] for cell 'system_i/microblaze_0_local_memory/ilmb_v10'
Parsing XDC File [c:/Users/zande/Documents/VSCODE/SchoolStuff/ece153a/Labs/HardwareSetup/lab2b/lab2b.srcs/sources_1/bd/system/ip/system_dlmb_bram_if_cntlr_0/system_dlmb_bram_if_cntlr_0/system_dlmb_bram_if_cntlr_0_in_context.xdc] for cell 'system_i/microblaze_0_local_memory/dlmb_bram_if_cntlr'
Finished Parsing XDC File [c:/Users/zande/Documents/VSCODE/SchoolStuff/ece153a/Labs/HardwareSetup/lab2b/lab2b.srcs/sources_1/bd/system/ip/system_dlmb_bram_if_cntlr_0/system_dlmb_bram_if_cntlr_0/system_dlmb_bram_if_cntlr_0_in_context.xdc] for cell 'system_i/microblaze_0_local_memory/dlmb_bram_if_cntlr'
Parsing XDC File [c:/Users/zande/Documents/VSCODE/SchoolStuff/ece153a/Labs/HardwareSetup/lab2b/lab2b.srcs/sources_1/bd/system/ip/system_ilmb_bram_if_cntlr_0/system_ilmb_bram_if_cntlr_0/system_ilmb_bram_if_cntlr_0_in_context.xdc] for cell 'system_i/microblaze_0_local_memory/ilmb_bram_if_cntlr'
Finished Parsing XDC File [c:/Users/zande/Documents/VSCODE/SchoolStuff/ece153a/Labs/HardwareSetup/lab2b/lab2b.srcs/sources_1/bd/system/ip/system_ilmb_bram_if_cntlr_0/system_ilmb_bram_if_cntlr_0/system_ilmb_bram_if_cntlr_0_in_context.xdc] for cell 'system_i/microblaze_0_local_memory/ilmb_bram_if_cntlr'
Parsing XDC File [c:/Users/zande/Documents/VSCODE/SchoolStuff/ece153a/Labs/HardwareSetup/lab2b/lab2b.srcs/sources_1/bd/system/ip/system_lmb_bram_0/system_lmb_bram_0/system_lmb_bram_0_in_context.xdc] for cell 'system_i/microblaze_0_local_memory/lmb_bram'
Finished Parsing XDC File [c:/Users/zande/Documents/VSCODE/SchoolStuff/ece153a/Labs/HardwareSetup/lab2b/lab2b.srcs/sources_1/bd/system/ip/system_lmb_bram_0/system_lmb_bram_0/system_lmb_bram_0_in_context.xdc] for cell 'system_i/microblaze_0_local_memory/lmb_bram'
Parsing XDC File [c:/Users/zande/Documents/VSCODE/SchoolStuff/ece153a/Labs/HardwareSetup/lab2b/lab2b.srcs/sources_1/bd/system/ip/system_xbar_0/system_xbar_0/system_xbar_0_in_context.xdc] for cell 'system_i/microblaze_0_axi_periph/xbar'
Finished Parsing XDC File [c:/Users/zande/Documents/VSCODE/SchoolStuff/ece153a/Labs/HardwareSetup/lab2b/lab2b.srcs/sources_1/bd/system/ip/system_xbar_0/system_xbar_0/system_xbar_0_in_context.xdc] for cell 'system_i/microblaze_0_axi_periph/xbar'
Parsing XDC File [c:/Users/zande/Documents/VSCODE/SchoolStuff/ece153a/Labs/HardwareSetup/lab2b/lab2b.srcs/sources_1/bd/system/ip/system_microblaze_0_axi_intc_0/system_microblaze_0_axi_intc_0/system_microblaze_0_axi_intc_0_in_context.xdc] for cell 'system_i/microblaze_0_axi_intc'
Finished Parsing XDC File [c:/Users/zande/Documents/VSCODE/SchoolStuff/ece153a/Labs/HardwareSetup/lab2b/lab2b.srcs/sources_1/bd/system/ip/system_microblaze_0_axi_intc_0/system_microblaze_0_axi_intc_0/system_microblaze_0_axi_intc_0_in_context.xdc] for cell 'system_i/microblaze_0_axi_intc'
Parsing XDC File [c:/Users/zande/Documents/VSCODE/SchoolStuff/ece153a/Labs/HardwareSetup/lab2b/lab2b.srcs/sources_1/bd/system/ip/system_mdm_1_0/system_mdm_1_0/system_mdm_1_0_in_context.xdc] for cell 'system_i/mdm_1'
Finished Parsing XDC File [c:/Users/zande/Documents/VSCODE/SchoolStuff/ece153a/Labs/HardwareSetup/lab2b/lab2b.srcs/sources_1/bd/system/ip/system_mdm_1_0/system_mdm_1_0/system_mdm_1_0_in_context.xdc] for cell 'system_i/mdm_1'
Parsing XDC File [c:/Users/zande/Documents/VSCODE/SchoolStuff/ece153a/Labs/HardwareSetup/lab2b/lab2b.srcs/sources_1/bd/system/ip/system_rst_mig_7series_0_100M_0/system_rst_mig_7series_0_100M_0/system_rst_mig_7series_0_100M_0_in_context.xdc] for cell 'system_i/rst_mig_7series_0_100M'
Finished Parsing XDC File [c:/Users/zande/Documents/VSCODE/SchoolStuff/ece153a/Labs/HardwareSetup/lab2b/lab2b.srcs/sources_1/bd/system/ip/system_rst_mig_7series_0_100M_0/system_rst_mig_7series_0_100M_0/system_rst_mig_7series_0_100M_0_in_context.xdc] for cell 'system_i/rst_mig_7series_0_100M'
Parsing XDC File [c:/Users/zande/Documents/VSCODE/SchoolStuff/ece153a/Labs/HardwareSetup/lab2b/lab2b.srcs/sources_1/bd/system/ip/system_axi_smc_0/system_axi_smc_0/system_axi_smc_0_in_context.xdc] for cell 'system_i/axi_smc'
Finished Parsing XDC File [c:/Users/zande/Documents/VSCODE/SchoolStuff/ece153a/Labs/HardwareSetup/lab2b/lab2b.srcs/sources_1/bd/system/ip/system_axi_smc_0/system_axi_smc_0/system_axi_smc_0_in_context.xdc] for cell 'system_i/axi_smc'
Parsing XDC File [c:/Users/zande/Documents/VSCODE/SchoolStuff/ece153a/Labs/HardwareSetup/lab2b/lab2b.srcs/sources_1/bd/system/ip/system_axi_timer_0_0/system_axi_timer_0_0/system_axi_timer_0_0_in_context.xdc] for cell 'system_i/axi_timer_0'
Finished Parsing XDC File [c:/Users/zande/Documents/VSCODE/SchoolStuff/ece153a/Labs/HardwareSetup/lab2b/lab2b.srcs/sources_1/bd/system/ip/system_axi_timer_0_0/system_axi_timer_0_0/system_axi_timer_0_0_in_context.xdc] for cell 'system_i/axi_timer_0'
Parsing XDC File [c:/Users/zande/Documents/VSCODE/SchoolStuff/ece153a/Labs/HardwareSetup/lab2b/lab2b.srcs/sources_1/bd/system/ip/system_axi_timer_1_0/system_axi_timer_1_0/system_axi_timer_0_0_in_context.xdc] for cell 'system_i/axi_timer_1'
Finished Parsing XDC File [c:/Users/zande/Documents/VSCODE/SchoolStuff/ece153a/Labs/HardwareSetup/lab2b/lab2b.srcs/sources_1/bd/system/ip/system_axi_timer_1_0/system_axi_timer_1_0/system_axi_timer_0_0_in_context.xdc] for cell 'system_i/axi_timer_1'
Parsing XDC File [c:/Users/zande/Documents/VSCODE/SchoolStuff/ece153a/Labs/HardwareSetup/lab2b/lab2b.srcs/sources_1/bd/system/ip/system_axi_gpio_0_0/system_axi_gpio_0_0/system_axi_gpio_0_0_in_context.xdc] for cell 'system_i/axi_gpio_led'
Finished Parsing XDC File [c:/Users/zande/Documents/VSCODE/SchoolStuff/ece153a/Labs/HardwareSetup/lab2b/lab2b.srcs/sources_1/bd/system/ip/system_axi_gpio_0_0/system_axi_gpio_0_0/system_axi_gpio_0_0_in_context.xdc] for cell 'system_i/axi_gpio_led'
Parsing XDC File [c:/Users/zande/Documents/VSCODE/SchoolStuff/ece153a/Labs/HardwareSetup/lab2b/lab2b.srcs/sources_1/bd/system/ip/system_axi_gpio_0_1/system_axi_gpio_0_1/system_axi_gpio_0_1_in_context.xdc] for cell 'system_i/axi_gpio_btn'
Finished Parsing XDC File [c:/Users/zande/Documents/VSCODE/SchoolStuff/ece153a/Labs/HardwareSetup/lab2b/lab2b.srcs/sources_1/bd/system/ip/system_axi_gpio_0_1/system_axi_gpio_0_1/system_axi_gpio_0_1_in_context.xdc] for cell 'system_i/axi_gpio_btn'
Parsing XDC File [c:/Users/zande/Documents/VSCODE/SchoolStuff/ece153a/Labs/HardwareSetup/lab2b/lab2b.srcs/sources_1/bd/system/ip/system_sevenSeg_0_0/system_sevenSeg_0_0/system_sevenSeg_0_0_in_context.xdc] for cell 'system_i/sevenSeg_0'
Finished Parsing XDC File [c:/Users/zande/Documents/VSCODE/SchoolStuff/ece153a/Labs/HardwareSetup/lab2b/lab2b.srcs/sources_1/bd/system/ip/system_sevenSeg_0_0/system_sevenSeg_0_0/system_sevenSeg_0_0_in_context.xdc] for cell 'system_i/sevenSeg_0'
Parsing XDC File [c:/Users/zande/Documents/VSCODE/SchoolStuff/ece153a/Labs/HardwareSetup/lab2b/lab2b.srcs/sources_1/bd/system/ip/system_axi_gpio_0_3/system_axi_gpio_0_3/system_axi_gpio_0_3_in_context.xdc] for cell 'system_i/axi_gpio_RGB'
Finished Parsing XDC File [c:/Users/zande/Documents/VSCODE/SchoolStuff/ece153a/Labs/HardwareSetup/lab2b/lab2b.srcs/sources_1/bd/system/ip/system_axi_gpio_0_3/system_axi_gpio_0_3/system_axi_gpio_0_3_in_context.xdc] for cell 'system_i/axi_gpio_RGB'
Parsing XDC File [c:/Users/zande/Documents/VSCODE/SchoolStuff/ece153a/Labs/HardwareSetup/lab2b/lab2b.srcs/sources_1/bd/system/ip/system_axi_gpio_0_5/system_axi_gpio_0_5/system_axi_gpio_0_5_in_context.xdc] for cell 'system_i/axi_gpio_encoder'
Finished Parsing XDC File [c:/Users/zande/Documents/VSCODE/SchoolStuff/ece153a/Labs/HardwareSetup/lab2b/lab2b.srcs/sources_1/bd/system/ip/system_axi_gpio_0_5/system_axi_gpio_0_5/system_axi_gpio_0_5_in_context.xdc] for cell 'system_i/axi_gpio_encoder'
Parsing XDC File [c:/Users/zande/Documents/VSCODE/SchoolStuff/ece153a/Labs/HardwareSetup/lab2b/lab2b.srcs/sources_1/bd/system/ip/system_axi_gpio_0_6/system_axi_gpio_0_6/system_axi_gpio_0_6_in_context.xdc] for cell 'system_i/spi_dc_RnM'
Finished Parsing XDC File [c:/Users/zande/Documents/VSCODE/SchoolStuff/ece153a/Labs/HardwareSetup/lab2b/lab2b.srcs/sources_1/bd/system/ip/system_axi_gpio_0_6/system_axi_gpio_0_6/system_axi_gpio_0_6_in_context.xdc] for cell 'system_i/spi_dc_RnM'
Parsing XDC File [c:/Users/zande/Documents/VSCODE/SchoolStuff/ece153a/Labs/HardwareSetup/lab2b/lab2b.srcs/sources_1/bd/system/ip/system_clk_wiz_0_0/system_clk_wiz_0_0/system_clk_wiz_0_0_in_context.xdc] for cell 'system_i/clk_wiz_0'
Finished Parsing XDC File [c:/Users/zande/Documents/VSCODE/SchoolStuff/ece153a/Labs/HardwareSetup/lab2b/lab2b.srcs/sources_1/bd/system/ip/system_clk_wiz_0_0/system_clk_wiz_0_0/system_clk_wiz_0_0_in_context.xdc] for cell 'system_i/clk_wiz_0'
Parsing XDC File [c:/Users/zande/Documents/VSCODE/SchoolStuff/ece153a/Labs/HardwareSetup/lab2b/lab2b.srcs/sources_1/bd/system/ip/system_axi_quad_spi_0_0/system_axi_quad_spi_0_0/system_axi_quad_spi_0_0_in_context.xdc] for cell 'system_i/SPI'
Finished Parsing XDC File [c:/Users/zande/Documents/VSCODE/SchoolStuff/ece153a/Labs/HardwareSetup/lab2b/lab2b.srcs/sources_1/bd/system/ip/system_axi_quad_spi_0_0/system_axi_quad_spi_0_0/system_axi_quad_spi_0_0_in_context.xdc] for cell 'system_i/SPI'
Parsing XDC File [C:/Users/zande/Documents/VSCODE/SchoolStuff/ece153a/Labs/HardwareSetup/lab2b/lab2b.srcs/constrs_1/imports/lab_files_2022/Nexys4_Handout_2022.xdc]
Finished Parsing XDC File [C:/Users/zande/Documents/VSCODE/SchoolStuff/ece153a/Labs/HardwareSetup/lab2b/lab2b.srcs/constrs_1/imports/lab_files_2022/Nexys4_Handout_2022.xdc]
INFO: [Project 1-236] Implementation specific constraints were found while reading constraint file [C:/Users/zande/Documents/VSCODE/SchoolStuff/ece153a/Labs/HardwareSetup/lab2b/lab2b.srcs/constrs_1/imports/lab_files_2022/Nexys4_Handout_2022.xdc]. These constraints will be ignored for synthesis but will be used in implementation. Impacted constraints are listed in the file [.Xil/system_wrapper_propImpl.xdc].
Resolution: To avoid this warning, move constraints listed in [.Xil/system_wrapper_propImpl.xdc] to another XDC file and exclude this new file from synthesis with the used_in_synthesis property (File Properties dialog in GUI) and re-run elaboration/synthesis.
Parsing XDC File [C:/Users/zande/Documents/VSCODE/SchoolStuff/ece153a/Labs/HardwareSetup/lab2b/lab2b.runs/synth_1/dont_touch.xdc]
Finished Parsing XDC File [C:/Users/zande/Documents/VSCODE/SchoolStuff/ece153a/Labs/HardwareSetup/lab2b/lab2b.runs/synth_1/dont_touch.xdc]
Completed Processing XDC Constraints

Netlist sorting complete. Time (s): cpu = 00:00:00 ; elapsed = 00:00:00 . Memory (MB): peak = 921.051 ; gain = 0.000
INFO: [Project 1-111] Unisim Transformation Summary:
No Unisim elements were transformed.

Constraint Validation Runtime : Time (s): cpu = 00:00:00 ; elapsed = 00:00:00.008 . Memory (MB): peak = 921.051 ; gain = 0.000
WARNING: [Timing 38-316] Clock period '20.000' specified during out-of-context synthesis of instance 'system_i/microblaze_0_local_memory/lmb_bram' at clock pin 'clka' is different from the actual clock period '10.000', this can lead to different synthesis results.
---------------------------------------------------------------------------------
Finished Constraint Validation : Time (s): cpu = 00:00:06 ; elapsed = 00:00:07 . Memory (MB): peak = 925.086 ; gain = 342.066
---------------------------------------------------------------------------------
---------------------------------------------------------------------------------
Start Loading Part and Timing Information
---------------------------------------------------------------------------------
Loading part: xc7a100tcsg324-1
---------------------------------------------------------------------------------
Finished Loading Part and Timing Information : Time (s): cpu = 00:00:06 ; elapsed = 00:00:07 . Memory (MB): peak = 925.086 ; gain = 342.066
---------------------------------------------------------------------------------
---------------------------------------------------------------------------------
Start Applying 'set_property' XDC Constraints
---------------------------------------------------------------------------------
Applied set_property IO_BUFFER_TYPE = NONE for DDR2_addr[0]. (constraint file  c:/Users/zande/Documents/VSCODE/SchoolStuff/ece153a/Labs/HardwareSetup/lab2b/lab2b.srcs/sources_1/bd/system/ip/system_mig_7series_0_1/system_mig_7series_0_1/system_mig_7series_0_1_in_context.xdc, line 8).
Applied set_property CLOCK_BUFFER_TYPE = NONE for DDR2_addr[0]. (constraint file  c:/Users/zande/Documents/VSCODE/SchoolStuff/ece153a/Labs/HardwareSetup/lab2b/lab2b.srcs/sources_1/bd/system/ip/system_mig_7series_0_1/system_mig_7series_0_1/system_mig_7series_0_1_in_context.xdc, line 9).
Applied set_property IO_BUFFER_TYPE = NONE for DDR2_addr[10]. (constraint file  c:/Users/zande/Documents/VSCODE/SchoolStuff/ece153a/Labs/HardwareSetup/lab2b/lab2b.srcs/sources_1/bd/system/ip/system_mig_7series_0_1/system_mig_7series_0_1/system_mig_7series_0_1_in_context.xdc, line 10).
Applied set_property CLOCK_BUFFER_TYPE = NONE for DDR2_addr[10]. (constraint file  c:/Users/zande/Documents/VSCODE/SchoolStuff/ece153a/Labs/HardwareSetup/lab2b/lab2b.srcs/sources_1/bd/system/ip/system_mig_7series_0_1/system_mig_7series_0_1/system_mig_7series_0_1_in_context.xdc, line 11).
Applied set_property IO_BUFFER_TYPE = NONE for DDR2_addr[11]. (constraint file  c:/Users/zande/Documents/VSCODE/SchoolStuff/ece153a/Labs/HardwareSetup/lab2b/lab2b.srcs/sources_1/bd/system/ip/system_mig_7series_0_1/system_mig_7series_0_1/system_mig_7series_0_1_in_context.xdc, line 12).
Applied set_property CLOCK_BUFFER_TYPE = NONE for DDR2_addr[11]. (constraint file  c:/Users/zande/Documents/VSCODE/SchoolStuff/ece153a/Labs/HardwareSetup/lab2b/lab2b.srcs/sources_1/bd/system/ip/system_mig_7series_0_1/system_mig_7series_0_1/system_mig_7series_0_1_in_context.xdc, line 13).
Applied set_property IO_BUFFER_TYPE = NONE for DDR2_addr[12]. (constraint file  c:/Users/zande/Documents/VSCODE/SchoolStuff/ece153a/Labs/HardwareSetup/lab2b/lab2b.srcs/sources_1/bd/system/ip/system_mig_7series_0_1/system_mig_7series_0_1/system_mig_7series_0_1_in_context.xdc, line 14).
Applied set_property CLOCK_BUFFER_TYPE = NONE for DDR2_addr[12]. (constraint file  c:/Users/zande/Documents/VSCODE/SchoolStuff/ece153a/Labs/HardwareSetup/lab2b/lab2b.srcs/sources_1/bd/system/ip/system_mig_7series_0_1/system_mig_7series_0_1/system_mig_7series_0_1_in_context.xdc, line 15).
Applied set_property IO_BUFFER_TYPE = NONE for DDR2_addr[1]. (constraint file  c:/Users/zande/Documents/VSCODE/SchoolStuff/ece153a/Labs/HardwareSetup/lab2b/lab2b.srcs/sources_1/bd/system/ip/system_mig_7series_0_1/system_mig_7series_0_1/system_mig_7series_0_1_in_context.xdc, line 16).
Applied set_property CLOCK_BUFFER_TYPE = NONE for DDR2_addr[1]. (constraint file  c:/Users/zande/Documents/VSCODE/SchoolStuff/ece153a/Labs/HardwareSetup/lab2b/lab2b.srcs/sources_1/bd/system/ip/system_mig_7series_0_1/system_mig_7series_0_1/system_mig_7series_0_1_in_context.xdc, line 17).
Applied set_property IO_BUFFER_TYPE = NONE for DDR2_addr[2]. (constraint file  c:/Users/zande/Documents/VSCODE/SchoolStuff/ece153a/Labs/HardwareSetup/lab2b/lab2b.srcs/sources_1/bd/system/ip/system_mig_7series_0_1/system_mig_7series_0_1/system_mig_7series_0_1_in_context.xdc, line 18).
Applied set_property CLOCK_BUFFER_TYPE = NONE for DDR2_addr[2]. (constraint file  c:/Users/zande/Documents/VSCODE/SchoolStuff/ece153a/Labs/HardwareSetup/lab2b/lab2b.srcs/sources_1/bd/system/ip/system_mig_7series_0_1/system_mig_7series_0_1/system_mig_7series_0_1_in_context.xdc, line 19).
Applied set_property IO_BUFFER_TYPE = NONE for DDR2_addr[3]. (constraint file  c:/Users/zande/Documents/VSCODE/SchoolStuff/ece153a/Labs/HardwareSetup/lab2b/lab2b.srcs/sources_1/bd/system/ip/system_mig_7series_0_1/system_mig_7series_0_1/system_mig_7series_0_1_in_context.xdc, line 20).
Applied set_property CLOCK_BUFFER_TYPE = NONE for DDR2_addr[3]. (constraint file  c:/Users/zande/Documents/VSCODE/SchoolStuff/ece153a/Labs/HardwareSetup/lab2b/lab2b.srcs/sources_1/bd/system/ip/system_mig_7series_0_1/system_mig_7series_0_1/system_mig_7series_0_1_in_context.xdc, line 21).
Applied set_property IO_BUFFER_TYPE = NONE for DDR2_addr[4]. (constraint file  c:/Users/zande/Documents/VSCODE/SchoolStuff/ece153a/Labs/HardwareSetup/lab2b/lab2b.srcs/sources_1/bd/system/ip/system_mig_7series_0_1/system_mig_7series_0_1/system_mig_7series_0_1_in_context.xdc, line 22).
Applied set_property CLOCK_BUFFER_TYPE = NONE for DDR2_addr[4]. (constraint file  c:/Users/zande/Documents/VSCODE/SchoolStuff/ece153a/Labs/HardwareSetup/lab2b/lab2b.srcs/sources_1/bd/system/ip/system_mig_7series_0_1/system_mig_7series_0_1/system_mig_7series_0_1_in_context.xdc, line 23).
Applied set_property IO_BUFFER_TYPE = NONE for DDR2_addr[5]. (constraint file  c:/Users/zande/Documents/VSCODE/SchoolStuff/ece153a/Labs/HardwareSetup/lab2b/lab2b.srcs/sources_1/bd/system/ip/system_mig_7series_0_1/system_mig_7series_0_1/system_mig_7series_0_1_in_context.xdc, line 24).
Applied set_property CLOCK_BUFFER_TYPE = NONE for DDR2_addr[5]. (constraint file  c:/Users/zande/Documents/VSCODE/SchoolStuff/ece153a/Labs/HardwareSetup/lab2b/lab2b.srcs/sources_1/bd/system/ip/system_mig_7series_0_1/system_mig_7series_0_1/system_mig_7series_0_1_in_context.xdc, line 25).
Applied set_property IO_BUFFER_TYPE = NONE for DDR2_addr[6]. (constraint file  c:/Users/zande/Documents/VSCODE/SchoolStuff/ece153a/Labs/HardwareSetup/lab2b/lab2b.srcs/sources_1/bd/system/ip/system_mig_7series_0_1/system_mig_7series_0_1/system_mig_7series_0_1_in_context.xdc, line 26).
Applied set_property CLOCK_BUFFER_TYPE = NONE for DDR2_addr[6]. (constraint file  c:/Users/zande/Documents/VSCODE/SchoolStuff/ece153a/Labs/HardwareSetup/lab2b/lab2b.srcs/sources_1/bd/system/ip/system_mig_7series_0_1/system_mig_7series_0_1/system_mig_7series_0_1_in_context.xdc, line 27).
Applied set_property IO_BUFFER_TYPE = NONE for DDR2_addr[7]. (constraint file  c:/Users/zande/Documents/VSCODE/SchoolStuff/ece153a/Labs/HardwareSetup/lab2b/lab2b.srcs/sources_1/bd/system/ip/system_mig_7series_0_1/system_mig_7series_0_1/system_mig_7series_0_1_in_context.xdc, line 28).
Applied set_property CLOCK_BUFFER_TYPE = NONE for DDR2_addr[7]. (constraint file  c:/Users/zande/Documents/VSCODE/SchoolStuff/ece153a/Labs/HardwareSetup/lab2b/lab2b.srcs/sources_1/bd/system/ip/system_mig_7series_0_1/system_mig_7series_0_1/system_mig_7series_0_1_in_context.xdc, line 29).
Applied set_property IO_BUFFER_TYPE = NONE for DDR2_addr[8]. (constraint file  c:/Users/zande/Documents/VSCODE/SchoolStuff/ece153a/Labs/HardwareSetup/lab2b/lab2b.srcs/sources_1/bd/system/ip/system_mig_7series_0_1/system_mig_7series_0_1/system_mig_7series_0_1_in_context.xdc, line 30).
Applied set_property CLOCK_BUFFER_TYPE = NONE for DDR2_addr[8]. (constraint file  c:/Users/zande/Documents/VSCODE/SchoolStuff/ece153a/Labs/HardwareSetup/lab2b/lab2b.srcs/sources_1/bd/system/ip/system_mig_7series_0_1/system_mig_7series_0_1/system_mig_7series_0_1_in_context.xdc, line 31).
Applied set_property IO_BUFFER_TYPE = NONE for DDR2_addr[9]. (constraint file  c:/Users/zande/Documents/VSCODE/SchoolStuff/ece153a/Labs/HardwareSetup/lab2b/lab2b.srcs/sources_1/bd/system/ip/system_mig_7series_0_1/system_mig_7series_0_1/system_mig_7series_0_1_in_context.xdc, line 32).
Applied set_property CLOCK_BUFFER_TYPE = NONE for DDR2_addr[9]. (constraint file  c:/Users/zande/Documents/VSCODE/SchoolStuff/ece153a/Labs/HardwareSetup/lab2b/lab2b.srcs/sources_1/bd/system/ip/system_mig_7series_0_1/system_mig_7series_0_1/system_mig_7series_0_1_in_context.xdc, line 33).
Applied set_property IO_BUFFER_TYPE = NONE for DDR2_ba[0]. (constraint file  c:/Users/zande/Documents/VSCODE/SchoolStuff/ece153a/Labs/HardwareSetup/lab2b/lab2b.srcs/sources_1/bd/system/ip/system_mig_7series_0_1/system_mig_7series_0_1/system_mig_7series_0_1_in_context.xdc, line 34).
Applied set_property CLOCK_BUFFER_TYPE = NONE for DDR2_ba[0]. (constraint file  c:/Users/zande/Documents/VSCODE/SchoolStuff/ece153a/Labs/HardwareSetup/lab2b/lab2b.srcs/sources_1/bd/system/ip/system_mig_7series_0_1/system_mig_7series_0_1/system_mig_7series_0_1_in_context.xdc, line 35).
Applied set_property IO_BUFFER_TYPE = NONE for DDR2_ba[1]. (constraint file  c:/Users/zande/Documents/VSCODE/SchoolStuff/ece153a/Labs/HardwareSetup/lab2b/lab2b.srcs/sources_1/bd/system/ip/system_mig_7series_0_1/system_mig_7series_0_1/system_mig_7series_0_1_in_context.xdc, line 36).
Applied set_property CLOCK_BUFFER_TYPE = NONE for DDR2_ba[1]. (constraint file  c:/Users/zande/Documents/VSCODE/SchoolStuff/ece153a/Labs/HardwareSetup/lab2b/lab2b.srcs/sources_1/bd/system/ip/system_mig_7series_0_1/system_mig_7series_0_1/system_mig_7series_0_1_in_context.xdc, line 37).
Applied set_property IO_BUFFER_TYPE = NONE for DDR2_ba[2]. (constraint file  c:/Users/zande/Documents/VSCODE/SchoolStuff/ece153a/Labs/HardwareSetup/lab2b/lab2b.srcs/sources_1/bd/system/ip/system_mig_7series_0_1/system_mig_7series_0_1/system_mig_7series_0_1_in_context.xdc, line 38).
Applied set_property CLOCK_BUFFER_TYPE = NONE for DDR2_ba[2]. (constraint file  c:/Users/zande/Documents/VSCODE/SchoolStuff/ece153a/Labs/HardwareSetup/lab2b/lab2b.srcs/sources_1/bd/system/ip/system_mig_7series_0_1/system_mig_7series_0_1/system_mig_7series_0_1_in_context.xdc, line 39).
Applied set_property IO_BUFFER_TYPE = NONE for DDR2_cas_n. (constraint file  c:/Users/zande/Documents/VSCODE/SchoolStuff/ece153a/Labs/HardwareSetup/lab2b/lab2b.srcs/sources_1/bd/system/ip/system_mig_7series_0_1/system_mig_7series_0_1/system_mig_7series_0_1_in_context.xdc, line 40).
Applied set_property CLOCK_BUFFER_TYPE = NONE for DDR2_cas_n. (constraint file  c:/Users/zande/Documents/VSCODE/SchoolStuff/ece153a/Labs/HardwareSetup/lab2b/lab2b.srcs/sources_1/bd/system/ip/system_mig_7series_0_1/system_mig_7series_0_1/system_mig_7series_0_1_in_context.xdc, line 41).
Applied set_property IO_BUFFER_TYPE = NONE for DDR2_ck_n[0]. (constraint file  c:/Users/zande/Documents/VSCODE/SchoolStuff/ece153a/Labs/HardwareSetup/lab2b/lab2b.srcs/sources_1/bd/system/ip/system_mig_7series_0_1/system_mig_7series_0_1/system_mig_7series_0_1_in_context.xdc, line 42).
Applied set_property CLOCK_BUFFER_TYPE = NONE for DDR2_ck_n[0]. (constraint file  c:/Users/zande/Documents/VSCODE/SchoolStuff/ece153a/Labs/HardwareSetup/lab2b/lab2b.srcs/sources_1/bd/system/ip/system_mig_7series_0_1/system_mig_7series_0_1/system_mig_7series_0_1_in_context.xdc, line 43).
Applied set_property IO_BUFFER_TYPE = NONE for DDR2_ck_p[0]. (constraint file  c:/Users/zande/Documents/VSCODE/SchoolStuff/ece153a/Labs/HardwareSetup/lab2b/lab2b.srcs/sources_1/bd/system/ip/system_mig_7series_0_1/system_mig_7series_0_1/system_mig_7series_0_1_in_context.xdc, line 44).
Applied set_property CLOCK_BUFFER_TYPE = NONE for DDR2_ck_p[0]. (constraint file  c:/Users/zande/Documents/VSCODE/SchoolStuff/ece153a/Labs/HardwareSetup/lab2b/lab2b.srcs/sources_1/bd/system/ip/system_mig_7series_0_1/system_mig_7series_0_1/system_mig_7series_0_1_in_context.xdc, line 45).
Applied set_property IO_BUFFER_TYPE = NONE for DDR2_cke[0]. (constraint file  c:/Users/zande/Documents/VSCODE/SchoolStuff/ece153a/Labs/HardwareSetup/lab2b/lab2b.srcs/sources_1/bd/system/ip/system_mig_7series_0_1/system_mig_7series_0_1/system_mig_7series_0_1_in_context.xdc, line 46).
Applied set_property CLOCK_BUFFER_TYPE = NONE for DDR2_cke[0]. (constraint file  c:/Users/zande/Documents/VSCODE/SchoolStuff/ece153a/Labs/HardwareSetup/lab2b/lab2b.srcs/sources_1/bd/system/ip/system_mig_7series_0_1/system_mig_7series_0_1/system_mig_7series_0_1_in_context.xdc, line 47).
Applied set_property IO_BUFFER_TYPE = NONE for DDR2_cs_n[0]. (constraint file  c:/Users/zande/Documents/VSCODE/SchoolStuff/ece153a/Labs/HardwareSetup/lab2b/lab2b.srcs/sources_1/bd/system/ip/system_mig_7series_0_1/system_mig_7series_0_1/system_mig_7series_0_1_in_context.xdc, line 48).
Applied set_property CLOCK_BUFFER_TYPE = NONE for DDR2_cs_n[0]. (constraint file  c:/Users/zande/Documents/VSCODE/SchoolStuff/ece153a/Labs/HardwareSetup/lab2b/lab2b.srcs/sources_1/bd/system/ip/system_mig_7series_0_1/system_mig_7series_0_1/system_mig_7series_0_1_in_context.xdc, line 49).
Applied set_property IO_BUFFER_TYPE = NONE for DDR2_dm[0]. (constraint file  c:/Users/zande/Documents/VSCODE/SchoolStuff/ece153a/Labs/HardwareSetup/lab2b/lab2b.srcs/sources_1/bd/system/ip/system_mig_7series_0_1/system_mig_7series_0_1/system_mig_7series_0_1_in_context.xdc, line 50).
Applied set_property CLOCK_BUFFER_TYPE = NONE for DDR2_dm[0]. (constraint file  c:/Users/zande/Documents/VSCODE/SchoolStuff/ece153a/Labs/HardwareSetup/lab2b/lab2b.srcs/sources_1/bd/system/ip/system_mig_7series_0_1/system_mig_7series_0_1/system_mig_7series_0_1_in_context.xdc, line 51).
Applied set_property IO_BUFFER_TYPE = NONE for DDR2_dm[1]. (constraint file  c:/Users/zande/Documents/VSCODE/SchoolStuff/ece153a/Labs/HardwareSetup/lab2b/lab2b.srcs/sources_1/bd/system/ip/system_mig_7series_0_1/system_mig_7series_0_1/system_mig_7series_0_1_in_context.xdc, line 52).
Applied set_property CLOCK_BUFFER_TYPE = NONE for DDR2_dm[1]. (constraint file  c:/Users/zande/Documents/VSCODE/SchoolStuff/ece153a/Labs/HardwareSetup/lab2b/lab2b.srcs/sources_1/bd/system/ip/system_mig_7series_0_1/system_mig_7series_0_1/system_mig_7series_0_1_in_context.xdc, line 53).
Applied set_property IO_BUFFER_TYPE = NONE for DDR2_dq[0]. (constraint file  c:/Users/zande/Documents/VSCODE/SchoolStuff/ece153a/Labs/HardwareSetup/lab2b/lab2b.srcs/sources_1/bd/system/ip/system_mig_7series_0_1/system_mig_7series_0_1/system_mig_7series_0_1_in_context.xdc, line 54).
Applied set_property CLOCK_BUFFER_TYPE = NONE for DDR2_dq[0]. (constraint file  c:/Users/zande/Documents/VSCODE/SchoolStuff/ece153a/Labs/HardwareSetup/lab2b/lab2b.srcs/sources_1/bd/system/ip/system_mig_7series_0_1/system_mig_7series_0_1/system_mig_7series_0_1_in_context.xdc, line 55).
Applied set_property IO_BUFFER_TYPE = NONE for DDR2_dq[10]. (constraint file  c:/Users/zande/Documents/VSCODE/SchoolStuff/ece153a/Labs/HardwareSetup/lab2b/lab2b.srcs/sources_1/bd/system/ip/system_mig_7series_0_1/system_mig_7series_0_1/system_mig_7series_0_1_in_context.xdc, line 56).
Applied set_property CLOCK_BUFFER_TYPE = NONE for DDR2_dq[10]. (constraint file  c:/Users/zande/Documents/VSCODE/SchoolStuff/ece153a/Labs/HardwareSetup/lab2b/lab2b.srcs/sources_1/bd/system/ip/system_mig_7series_0_1/system_mig_7series_0_1/system_mig_7series_0_1_in_context.xdc, line 57).
Applied set_property IO_BUFFER_TYPE = NONE for DDR2_dq[11]. (constraint file  c:/Users/zande/Documents/VSCODE/SchoolStuff/ece153a/Labs/HardwareSetup/lab2b/lab2b.srcs/sources_1/bd/system/ip/system_mig_7series_0_1/system_mig_7series_0_1/system_mig_7series_0_1_in_context.xdc, line 58).
Applied set_property CLOCK_BUFFER_TYPE = NONE for DDR2_dq[11]. (constraint file  c:/Users/zande/Documents/VSCODE/SchoolStuff/ece153a/Labs/HardwareSetup/lab2b/lab2b.srcs/sources_1/bd/system/ip/system_mig_7series_0_1/system_mig_7series_0_1/system_mig_7series_0_1_in_context.xdc, line 59).
Applied set_property IO_BUFFER_TYPE = NONE for DDR2_dq[12]. (constraint file  c:/Users/zande/Documents/VSCODE/SchoolStuff/ece153a/Labs/HardwareSetup/lab2b/lab2b.srcs/sources_1/bd/system/ip/system_mig_7series_0_1/system_mig_7series_0_1/system_mig_7series_0_1_in_context.xdc, line 60).
Applied set_property CLOCK_BUFFER_TYPE = NONE for DDR2_dq[12]. (constraint file  c:/Users/zande/Documents/VSCODE/SchoolStuff/ece153a/Labs/HardwareSetup/lab2b/lab2b.srcs/sources_1/bd/system/ip/system_mig_7series_0_1/system_mig_7series_0_1/system_mig_7series_0_1_in_context.xdc, line 61).
Applied set_property IO_BUFFER_TYPE = NONE for DDR2_dq[13]. (constraint file  c:/Users/zande/Documents/VSCODE/SchoolStuff/ece153a/Labs/HardwareSetup/lab2b/lab2b.srcs/sources_1/bd/system/ip/system_mig_7series_0_1/system_mig_7series_0_1/system_mig_7series_0_1_in_context.xdc, line 62).
Applied set_property CLOCK_BUFFER_TYPE = NONE for DDR2_dq[13]. (constraint file  c:/Users/zande/Documents/VSCODE/SchoolStuff/ece153a/Labs/HardwareSetup/lab2b/lab2b.srcs/sources_1/bd/system/ip/system_mig_7series_0_1/system_mig_7series_0_1/system_mig_7series_0_1_in_context.xdc, line 63).
Applied set_property IO_BUFFER_TYPE = NONE for DDR2_dq[14]. (constraint file  c:/Users/zande/Documents/VSCODE/SchoolStuff/ece153a/Labs/HardwareSetup/lab2b/lab2b.srcs/sources_1/bd/system/ip/system_mig_7series_0_1/system_mig_7series_0_1/system_mig_7series_0_1_in_context.xdc, line 64).
Applied set_property CLOCK_BUFFER_TYPE = NONE for DDR2_dq[14]. (constraint file  c:/Users/zande/Documents/VSCODE/SchoolStuff/ece153a/Labs/HardwareSetup/lab2b/lab2b.srcs/sources_1/bd/system/ip/system_mig_7series_0_1/system_mig_7series_0_1/system_mig_7series_0_1_in_context.xdc, line 65).
Applied set_property IO_BUFFER_TYPE = NONE for DDR2_dq[15]. (constraint file  c:/Users/zande/Documents/VSCODE/SchoolStuff/ece153a/Labs/HardwareSetup/lab2b/lab2b.srcs/sources_1/bd/system/ip/system_mig_7series_0_1/system_mig_7series_0_1/system_mig_7series_0_1_in_context.xdc, line 66).
Applied set_property CLOCK_BUFFER_TYPE = NONE for DDR2_dq[15]. (constraint file  c:/Users/zande/Documents/VSCODE/SchoolStuff/ece153a/Labs/HardwareSetup/lab2b/lab2b.srcs/sources_1/bd/system/ip/system_mig_7series_0_1/system_mig_7series_0_1/system_mig_7series_0_1_in_context.xdc, line 67).
Applied set_property IO_BUFFER_TYPE = NONE for DDR2_dq[1]. (constraint file  c:/Users/zande/Documents/VSCODE/SchoolStuff/ece153a/Labs/HardwareSetup/lab2b/lab2b.srcs/sources_1/bd/system/ip/system_mig_7series_0_1/system_mig_7series_0_1/system_mig_7series_0_1_in_context.xdc, line 68).
Applied set_property CLOCK_BUFFER_TYPE = NONE for DDR2_dq[1]. (constraint file  c:/Users/zande/Documents/VSCODE/SchoolStuff/ece153a/Labs/HardwareSetup/lab2b/lab2b.srcs/sources_1/bd/system/ip/system_mig_7series_0_1/system_mig_7series_0_1/system_mig_7series_0_1_in_context.xdc, line 69).
Applied set_property IO_BUFFER_TYPE = NONE for DDR2_dq[2]. (constraint file  c:/Users/zande/Documents/VSCODE/SchoolStuff/ece153a/Labs/HardwareSetup/lab2b/lab2b.srcs/sources_1/bd/system/ip/system_mig_7series_0_1/system_mig_7series_0_1/system_mig_7series_0_1_in_context.xdc, line 70).
Applied set_property CLOCK_BUFFER_TYPE = NONE for DDR2_dq[2]. (constraint file  c:/Users/zande/Documents/VSCODE/SchoolStuff/ece153a/Labs/HardwareSetup/lab2b/lab2b.srcs/sources_1/bd/system/ip/system_mig_7series_0_1/system_mig_7series_0_1/system_mig_7series_0_1_in_context.xdc, line 71).
Applied set_property IO_BUFFER_TYPE = NONE for DDR2_dq[3]. (constraint file  c:/Users/zande/Documents/VSCODE/SchoolStuff/ece153a/Labs/HardwareSetup/lab2b/lab2b.srcs/sources_1/bd/system/ip/system_mig_7series_0_1/system_mig_7series_0_1/system_mig_7series_0_1_in_context.xdc, line 72).
Applied set_property CLOCK_BUFFER_TYPE = NONE for DDR2_dq[3]. (constraint file  c:/Users/zande/Documents/VSCODE/SchoolStuff/ece153a/Labs/HardwareSetup/lab2b/lab2b.srcs/sources_1/bd/system/ip/system_mig_7series_0_1/system_mig_7series_0_1/system_mig_7series_0_1_in_context.xdc, line 73).
Applied set_property IO_BUFFER_TYPE = NONE for DDR2_dq[4]. (constraint file  c:/Users/zande/Documents/VSCODE/SchoolStuff/ece153a/Labs/HardwareSetup/lab2b/lab2b.srcs/sources_1/bd/system/ip/system_mig_7series_0_1/system_mig_7series_0_1/system_mig_7series_0_1_in_context.xdc, line 74).
Applied set_property CLOCK_BUFFER_TYPE = NONE for DDR2_dq[4]. (constraint file  c:/Users/zande/Documents/VSCODE/SchoolStuff/ece153a/Labs/HardwareSetup/lab2b/lab2b.srcs/sources_1/bd/system/ip/system_mig_7series_0_1/system_mig_7series_0_1/system_mig_7series_0_1_in_context.xdc, line 75).
Applied set_property IO_BUFFER_TYPE = NONE for DDR2_dq[5]. (constraint file  c:/Users/zande/Documents/VSCODE/SchoolStuff/ece153a/Labs/HardwareSetup/lab2b/lab2b.srcs/sources_1/bd/system/ip/system_mig_7series_0_1/system_mig_7series_0_1/system_mig_7series_0_1_in_context.xdc, line 76).
Applied set_property CLOCK_BUFFER_TYPE = NONE for DDR2_dq[5]. (constraint file  c:/Users/zande/Documents/VSCODE/SchoolStuff/ece153a/Labs/HardwareSetup/lab2b/lab2b.srcs/sources_1/bd/system/ip/system_mig_7series_0_1/system_mig_7series_0_1/system_mig_7series_0_1_in_context.xdc, line 77).
Applied set_property IO_BUFFER_TYPE = NONE for DDR2_dq[6]. (constraint file  c:/Users/zande/Documents/VSCODE/SchoolStuff/ece153a/Labs/HardwareSetup/lab2b/lab2b.srcs/sources_1/bd/system/ip/system_mig_7series_0_1/system_mig_7series_0_1/system_mig_7series_0_1_in_context.xdc, line 78).
Applied set_property CLOCK_BUFFER_TYPE = NONE for DDR2_dq[6]. (constraint file  c:/Users/zande/Documents/VSCODE/SchoolStuff/ece153a/Labs/HardwareSetup/lab2b/lab2b.srcs/sources_1/bd/system/ip/system_mig_7series_0_1/system_mig_7series_0_1/system_mig_7series_0_1_in_context.xdc, line 79).
Applied set_property IO_BUFFER_TYPE = NONE for DDR2_dq[7]. (constraint file  c:/Users/zande/Documents/VSCODE/SchoolStuff/ece153a/Labs/HardwareSetup/lab2b/lab2b.srcs/sources_1/bd/system/ip/system_mig_7series_0_1/system_mig_7series_0_1/system_mig_7series_0_1_in_context.xdc, line 80).
Applied set_property CLOCK_BUFFER_TYPE = NONE for DDR2_dq[7]. (constraint file  c:/Users/zande/Documents/VSCODE/SchoolStuff/ece153a/Labs/HardwareSetup/lab2b/lab2b.srcs/sources_1/bd/system/ip/system_mig_7series_0_1/system_mig_7series_0_1/system_mig_7series_0_1_in_context.xdc, line 81).
Applied set_property IO_BUFFER_TYPE = NONE for DDR2_dq[8]. (constraint file  c:/Users/zande/Documents/VSCODE/SchoolStuff/ece153a/Labs/HardwareSetup/lab2b/lab2b.srcs/sources_1/bd/system/ip/system_mig_7series_0_1/system_mig_7series_0_1/system_mig_7series_0_1_in_context.xdc, line 82).
Applied set_property CLOCK_BUFFER_TYPE = NONE for DDR2_dq[8]. (constraint file  c:/Users/zande/Documents/VSCODE/SchoolStuff/ece153a/Labs/HardwareSetup/lab2b/lab2b.srcs/sources_1/bd/system/ip/system_mig_7series_0_1/system_mig_7series_0_1/system_mig_7series_0_1_in_context.xdc, line 83).
Applied set_property IO_BUFFER_TYPE = NONE for DDR2_dq[9]. (constraint file  c:/Users/zande/Documents/VSCODE/SchoolStuff/ece153a/Labs/HardwareSetup/lab2b/lab2b.srcs/sources_1/bd/system/ip/system_mig_7series_0_1/system_mig_7series_0_1/system_mig_7series_0_1_in_context.xdc, line 84).
Applied set_property CLOCK_BUFFER_TYPE = NONE for DDR2_dq[9]. (constraint file  c:/Users/zande/Documents/VSCODE/SchoolStuff/ece153a/Labs/HardwareSetup/lab2b/lab2b.srcs/sources_1/bd/system/ip/system_mig_7series_0_1/system_mig_7series_0_1/system_mig_7series_0_1_in_context.xdc, line 85).
Applied set_property IO_BUFFER_TYPE = NONE for DDR2_dqs_n[0]. (constraint file  c:/Users/zande/Documents/VSCODE/SchoolStuff/ece153a/Labs/HardwareSetup/lab2b/lab2b.srcs/sources_1/bd/system/ip/system_mig_7series_0_1/system_mig_7series_0_1/system_mig_7series_0_1_in_context.xdc, line 86).
Applied set_property CLOCK_BUFFER_TYPE = NONE for DDR2_dqs_n[0]. (constraint file  c:/Users/zande/Documents/VSCODE/SchoolStuff/ece153a/Labs/HardwareSetup/lab2b/lab2b.srcs/sources_1/bd/system/ip/system_mig_7series_0_1/system_mig_7series_0_1/system_mig_7series_0_1_in_context.xdc, line 87).
Applied set_property IO_BUFFER_TYPE = NONE for DDR2_dqs_n[1]. (constraint file  c:/Users/zande/Documents/VSCODE/SchoolStuff/ece153a/Labs/HardwareSetup/lab2b/lab2b.srcs/sources_1/bd/system/ip/system_mig_7series_0_1/system_mig_7series_0_1/system_mig_7series_0_1_in_context.xdc, line 88).
Applied set_property CLOCK_BUFFER_TYPE = NONE for DDR2_dqs_n[1]. (constraint file  c:/Users/zande/Documents/VSCODE/SchoolStuff/ece153a/Labs/HardwareSetup/lab2b/lab2b.srcs/sources_1/bd/system/ip/system_mig_7series_0_1/system_mig_7series_0_1/system_mig_7series_0_1_in_context.xdc, line 89).
Applied set_property IO_BUFFER_TYPE = NONE for DDR2_dqs_p[0]. (constraint file  c:/Users/zande/Documents/VSCODE/SchoolStuff/ece153a/Labs/HardwareSetup/lab2b/lab2b.srcs/sources_1/bd/system/ip/system_mig_7series_0_1/system_mig_7series_0_1/system_mig_7series_0_1_in_context.xdc, line 90).
Applied set_property CLOCK_BUFFER_TYPE = NONE for DDR2_dqs_p[0]. (constraint file  c:/Users/zande/Documents/VSCODE/SchoolStuff/ece153a/Labs/HardwareSetup/lab2b/lab2b.srcs/sources_1/bd/system/ip/system_mig_7series_0_1/system_mig_7series_0_1/system_mig_7series_0_1_in_context.xdc, line 91).
Applied set_property IO_BUFFER_TYPE = NONE for DDR2_dqs_p[1]. (constraint file  c:/Users/zande/Documents/VSCODE/SchoolStuff/ece153a/Labs/HardwareSetup/lab2b/lab2b.srcs/sources_1/bd/system/ip/system_mig_7series_0_1/system_mig_7series_0_1/system_mig_7series_0_1_in_context.xdc, line 92).
Applied set_property CLOCK_BUFFER_TYPE = NONE for DDR2_dqs_p[1]. (constraint file  c:/Users/zande/Documents/VSCODE/SchoolStuff/ece153a/Labs/HardwareSetup/lab2b/lab2b.srcs/sources_1/bd/system/ip/system_mig_7series_0_1/system_mig_7series_0_1/system_mig_7series_0_1_in_context.xdc, line 93).
Applied set_property IO_BUFFER_TYPE = NONE for DDR2_odt[0]. (constraint file  c:/Users/zande/Documents/VSCODE/SchoolStuff/ece153a/Labs/HardwareSetup/lab2b/lab2b.srcs/sources_1/bd/system/ip/system_mig_7series_0_1/system_mig_7series_0_1/system_mig_7series_0_1_in_context.xdc, line 94).
Applied set_property CLOCK_BUFFER_TYPE = NONE for DDR2_odt[0]. (constraint file  c:/Users/zande/Documents/VSCODE/SchoolStuff/ece153a/Labs/HardwareSetup/lab2b/lab2b.srcs/sources_1/bd/system/ip/system_mig_7series_0_1/system_mig_7series_0_1/system_mig_7series_0_1_in_context.xdc, line 95).
Applied set_property IO_BUFFER_TYPE = NONE for DDR2_ras_n. (constraint file  c:/Users/zande/Documents/VSCODE/SchoolStuff/ece153a/Labs/HardwareSetup/lab2b/lab2b.srcs/sources_1/bd/system/ip/system_mig_7series_0_1/system_mig_7series_0_1/system_mig_7series_0_1_in_context.xdc, line 96).
Applied set_property CLOCK_BUFFER_TYPE = NONE for DDR2_ras_n. (constraint file  c:/Users/zande/Documents/VSCODE/SchoolStuff/ece153a/Labs/HardwareSetup/lab2b/lab2b.srcs/sources_1/bd/system/ip/system_mig_7series_0_1/system_mig_7series_0_1/system_mig_7series_0_1_in_context.xdc, line 97).
Applied set_property IO_BUFFER_TYPE = NONE for DDR2_we_n. (constraint file  c:/Users/zande/Documents/VSCODE/SchoolStuff/ece153a/Labs/HardwareSetup/lab2b/lab2b.srcs/sources_1/bd/system/ip/system_mig_7series_0_1/system_mig_7series_0_1/system_mig_7series_0_1_in_context.xdc, line 98).
Applied set_property CLOCK_BUFFER_TYPE = NONE for DDR2_we_n. (constraint file  c:/Users/zande/Documents/VSCODE/SchoolStuff/ece153a/Labs/HardwareSetup/lab2b/lab2b.srcs/sources_1/bd/system/ip/system_mig_7series_0_1/system_mig_7series_0_1/system_mig_7series_0_1_in_context.xdc, line 99).
Applied set_property IO_BUFFER_TYPE = NONE for clock_rtl. (constraint file  c:/Users/zande/Documents/VSCODE/SchoolStuff/ece153a/Labs/HardwareSetup/lab2b/lab2b.srcs/sources_1/bd/system/ip/system_mig_7series_0_1/system_mig_7series_0_1/system_mig_7series_0_1_in_context.xdc, line 100).
Applied set_property CLOCK_BUFFER_TYPE = NONE for clock_rtl. (constraint file  c:/Users/zande/Documents/VSCODE/SchoolStuff/ece153a/Labs/HardwareSetup/lab2b/lab2b.srcs/sources_1/bd/system/ip/system_mig_7series_0_1/system_mig_7series_0_1/system_mig_7series_0_1_in_context.xdc, line 101).
Applied set_property DONT_TOUCH = true for system_i. (constraint file  auto generated constraint, line ).
Applied set_property DONT_TOUCH = true for system_i/mig_7series_0. (constraint file  auto generated constraint, line ).
Applied set_property DONT_TOUCH = true for system_i/microblaze_0. (constraint file  auto generated constraint, line ).
Applied set_property DONT_TOUCH = true for system_i/microblaze_0_local_memory/dlmb_v10. (constraint file  auto generated constraint, line ).
Applied set_property DONT_TOUCH = true for system_i/microblaze_0_local_memory/ilmb_v10. (constraint file  auto generated constraint, line ).
Applied set_property DONT_TOUCH = true for system_i/microblaze_0_local_memory/dlmb_bram_if_cntlr. (constraint file  auto generated constraint, line ).
Applied set_property DONT_TOUCH = true for system_i/microblaze_0_local_memory/ilmb_bram_if_cntlr. (constraint file  auto generated constraint, line ).
Applied set_property DONT_TOUCH = true for system_i/microblaze_0_local_memory/lmb_bram. (constraint file  auto generated constraint, line ).
Applied set_property DONT_TOUCH = true for system_i/microblaze_0_axi_periph/xbar. (constraint file  auto generated constraint, line ).
Applied set_property DONT_TOUCH = true for system_i/microblaze_0_axi_periph. (constraint file  auto generated constraint, line ).
Applied set_property DONT_TOUCH = true for system_i/microblaze_0_axi_intc. (constraint file  auto generated constraint, line ).
Applied set_property DONT_TOUCH = true for system_i/microblaze_0_xlconcat. (constraint file  auto generated constraint, line ).
Applied set_property DONT_TOUCH = true for system_i/mdm_1. (constraint file  auto generated constraint, line ).
Applied set_property DONT_TOUCH = true for system_i/rst_mig_7series_0_100M. (constraint file  auto generated constraint, line ).
Applied set_property DONT_TOUCH = true for system_i/axi_smc. (constraint file  auto generated constraint, line ).
Applied set_property DONT_TOUCH = true for system_i/axi_timer_0. (constraint file  auto generated constraint, line ).
Applied set_property DONT_TOUCH = true for system_i/axi_timer_1. (constraint file  auto generated constraint, line ).
Applied set_property DONT_TOUCH = true for system_i/axi_gpio_led. (constraint file  auto generated constraint, line ).
Applied set_property DONT_TOUCH = true for system_i/axi_gpio_btn. (constraint file  auto generated constraint, line ).
Applied set_property DONT_TOUCH = true for system_i/sevenSeg_0. (constraint file  auto generated constraint, line ).
Applied set_property DONT_TOUCH = true for system_i/axi_gpio_RGB. (constraint file  auto generated constraint, line ).
Applied set_property DONT_TOUCH = true for system_i/axi_gpio_encoder. (constraint file  auto generated constraint, line ).
Applied set_property DONT_TOUCH = true for system_i/spi_dc_RnM. (constraint file  auto generated constraint, line ).
Applied set_property DONT_TOUCH = true for system_i/clk_wiz_0. (constraint file  auto generated constraint, line ).
Applied set_property DONT_TOUCH = true for system_i/SPI. (constraint file  auto generated constraint, line ).
---------------------------------------------------------------------------------
Finished applying 'set_property' XDC Constraints : Time (s): cpu = 00:00:07 ; elapsed = 00:00:07 . Memory (MB): peak = 925.086 ; gain = 342.066
---------------------------------------------------------------------------------
---------------------------------------------------------------------------------
Finished RTL Optimization Phase 2 : Time (s): cpu = 00:00:07 ; elapsed = 00:00:08 . Memory (MB): peak = 925.086 ; gain = 342.066
---------------------------------------------------------------------------------

Report RTL Partitions: 
+-+--------------+------------+----------+
| |RTL Partition |Replication |Instances |
+-+--------------+------------+----------+
+-+--------------+------------+----------+
---------------------------------------------------------------------------------
Start RTL Component Statistics 
---------------------------------------------------------------------------------
Detailed RTL Component Info : 
---------------------------------------------------------------------------------
Finished RTL Component Statistics 
---------------------------------------------------------------------------------
---------------------------------------------------------------------------------
Start RTL Hierarchical Component Statistics 
---------------------------------------------------------------------------------
Hierarchical RTL Component report 
---------------------------------------------------------------------------------
Finished RTL Hierarchical Component Statistics
---------------------------------------------------------------------------------
---------------------------------------------------------------------------------
Start Part Resource Summary
---------------------------------------------------------------------------------
Part Resources:
DSPs: 240 (col length:80)
BRAMs: 270 (col length: RAMB18 80 RAMB36 40)
---------------------------------------------------------------------------------
Finished Part Resource Summary
---------------------------------------------------------------------------------
---------------------------------------------------------------------------------
Start Cross Boundary and Area Optimization
---------------------------------------------------------------------------------
Warning: Parallel synthesis criteria is not met 
WARNING: [Synth 8-3331] design system_microblaze_0_axi_periph_0 has unconnected port M00_ACLK
INFO: [Common 17-14] Message 'Synth 8-3331' appears 100 times and further instances of the messages will be disabled. Use the Tcl command set_msg_config to change the current settings.
---------------------------------------------------------------------------------
Finished Cross Boundary and Area Optimization : Time (s): cpu = 00:00:07 ; elapsed = 00:00:08 . Memory (MB): peak = 925.086 ; gain = 342.066
---------------------------------------------------------------------------------

Report RTL Partitions: 
+-+--------------+------------+----------+
| |RTL Partition |Replication |Instances |
+-+--------------+------------+----------+
+-+--------------+------------+----------+
---------------------------------------------------------------------------------
Start Applying XDC Timing Constraints
---------------------------------------------------------------------------------
INFO: [Synth 8-5578] Moved timing constraint from pin 'system_i/mig_7series_0/ui_addn_clk_0' to pin 'system_i/mig_7series_0/bbstub_ui_addn_clk_0/O'
INFO: [Synth 8-5578] Moved timing constraint from pin 'system_i/mig_7series_0/ui_addn_clk_1' to pin 'system_i/mig_7series_0/bbstub_ui_addn_clk_1/O'
INFO: [Synth 8-5578] Moved timing constraint from pin 'system_i/mig_7series_0/ui_addn_clk_2' to pin 'system_i/mig_7series_0/bbstub_ui_addn_clk_2/O'
INFO: [Synth 8-5578] Moved timing constraint from pin 'system_i/mig_7series_0/ui_addn_clk_3' to pin 'system_i/mig_7series_0/bbstub_ui_addn_clk_3/O'
INFO: [Synth 8-5578] Moved timing constraint from pin 'system_i/mig_7series_0/ui_addn_clk_4' to pin 'system_i/mig_7series_0/bbstub_ui_addn_clk_4/O'
INFO: [Synth 8-5578] Moved timing constraint from pin 'system_i/mig_7series_0/ui_clk' to pin 'system_i/mig_7series_0/bbstub_ui_clk/O'
INFO: [Synth 8-5578] Moved timing constraint from pin 'system_i/microblaze_0_local_memory/dlmb_bram_if_cntlr/BRAM_Clk_A' to pin 'system_i/microblaze_0_local_memory/dlmb_bram_if_cntlr/bbstub_BRAM_Clk_A/O'
INFO: [Synth 8-5578] Moved timing constraint from pin 'system_i/microblaze_0_local_memory/ilmb_bram_if_cntlr/BRAM_Clk_A' to pin 'system_i/microblaze_0_local_memory/ilmb_bram_if_cntlr/bbstub_BRAM_Clk_A/O'
INFO: [Synth 8-5578] Moved timing constraint from pin 'system_i/mdm_1/Dbg_Clk_0' to pin 'system_i/mdm_1/bbstub_Dbg_Clk_0/O'
INFO: [Synth 8-5578] Moved timing constraint from pin 'system_i/mdm_1/Dbg_Update_0' to pin 'system_i/mdm_1/bbstub_Dbg_Update_0/O'
INFO: [Synth 8-5578] Moved timing constraint from pin 'system_i/clk_wiz_0/clk_in1' to pin 'system_i/mig_7series_0/bbstub_ui_clk/O'
INFO: [Synth 8-5578] Moved timing constraint from pin 'system_i/clk_wiz_0/clk_out1' to pin 'system_i/clk_wiz_0/bbstub_clk_out1/O'
INFO: [Synth 8-5783] Moving clock source from hierarchical pin 'system_i/clk_wiz_0/clk_in1' to 'system_i/mig_7series_0/bbstub_ui_clk/O'
INFO: [Synth 8-5819] Moved 12 constraints on hierarchical pins to their respective driving/loading pins
---------------------------------------------------------------------------------
Finished Applying XDC Timing Constraints : Time (s): cpu = 00:00:12 ; elapsed = 00:00:13 . Memory (MB): peak = 925.086 ; gain = 342.066
---------------------------------------------------------------------------------
---------------------------------------------------------------------------------
Start Timing Optimization
---------------------------------------------------------------------------------
---------------------------------------------------------------------------------
Finished Timing Optimization : Time (s): cpu = 00:00:12 ; elapsed = 00:00:13 . Memory (MB): peak = 925.086 ; gain = 342.066
---------------------------------------------------------------------------------

Report RTL Partitions: 
+-+--------------+------------+----------+
| |RTL Partition |Replication |Instances |
+-+--------------+------------+----------+
+-+--------------+------------+----------+
---------------------------------------------------------------------------------
Start Technology Mapping
---------------------------------------------------------------------------------
---------------------------------------------------------------------------------
Finished Technology Mapping : Time (s): cpu = 00:00:12 ; elapsed = 00:00:13 . Memory (MB): peak = 930.047 ; gain = 347.027
---------------------------------------------------------------------------------

Report RTL Partitions: 
+-+--------------+------------+----------+
| |RTL Partition |Replication |Instances |
+-+--------------+------------+----------+
+-+--------------+------------+----------+
---------------------------------------------------------------------------------
Start IO Insertion
---------------------------------------------------------------------------------
---------------------------------------------------------------------------------
Start Flattening Before IO Insertion
---------------------------------------------------------------------------------
---------------------------------------------------------------------------------
Finished Flattening Before IO Insertion
---------------------------------------------------------------------------------
---------------------------------------------------------------------------------
Start Final Netlist Cleanup
---------------------------------------------------------------------------------
---------------------------------------------------------------------------------
Finished Final Netlist Cleanup
---------------------------------------------------------------------------------
---------------------------------------------------------------------------------
Finished IO Insertion : Time (s): cpu = 00:00:13 ; elapsed = 00:00:14 . Memory (MB): peak = 942.863 ; gain = 359.844
---------------------------------------------------------------------------------

Report Check Netlist: 
+------+------------------+-------+---------+-------+------------------+
|      |Item              |Errors |Warnings |Status |Description       |
+------+------------------+-------+---------+-------+------------------+
|1     |multi_driven_nets |      0|        0|Passed |Multi driven nets |
+------+------------------+-------+---------+-------+------------------+
---------------------------------------------------------------------------------
Start Renaming Generated Instances
---------------------------------------------------------------------------------
---------------------------------------------------------------------------------
Finished Renaming Generated Instances : Time (s): cpu = 00:00:13 ; elapsed = 00:00:14 . Memory (MB): peak = 942.863 ; gain = 359.844
---------------------------------------------------------------------------------

Report RTL Partitions: 
+-+--------------+------------+----------+
| |RTL Partition |Replication |Instances |
+-+--------------+------------+----------+
+-+--------------+------------+----------+
---------------------------------------------------------------------------------
Start Rebuilding User Hierarchy
---------------------------------------------------------------------------------
---------------------------------------------------------------------------------
Finished Rebuilding User Hierarchy : Time (s): cpu = 00:00:13 ; elapsed = 00:00:14 . Memory (MB): peak = 942.863 ; gain = 359.844
---------------------------------------------------------------------------------
---------------------------------------------------------------------------------
Start Renaming Generated Ports
---------------------------------------------------------------------------------
---------------------------------------------------------------------------------
Finished Renaming Generated Ports : Time (s): cpu = 00:00:13 ; elapsed = 00:00:14 . Memory (MB): peak = 942.863 ; gain = 359.844
---------------------------------------------------------------------------------
---------------------------------------------------------------------------------
Start Handling Custom Attributes
---------------------------------------------------------------------------------
---------------------------------------------------------------------------------
Finished Handling Custom Attributes : Time (s): cpu = 00:00:13 ; elapsed = 00:00:14 . Memory (MB): peak = 942.863 ; gain = 359.844
---------------------------------------------------------------------------------
---------------------------------------------------------------------------------
Start Renaming Generated Nets
---------------------------------------------------------------------------------
---------------------------------------------------------------------------------
Finished Renaming Generated Nets : Time (s): cpu = 00:00:13 ; elapsed = 00:00:14 . Memory (MB): peak = 942.863 ; gain = 359.844
---------------------------------------------------------------------------------
---------------------------------------------------------------------------------
Start Writing Synthesis Report
---------------------------------------------------------------------------------

Report BlackBoxes: 
+------+--------------------------------+----------+
|      |BlackBox name                   |Instances |
+------+--------------------------------+----------+
|1     |system_xbar_0                   |         1|
|2     |system_axi_quad_spi_0_0         |         1|
|3     |system_axi_gpio_0_3             |         1|
|4     |system_axi_gpio_0_1             |         1|
|5     |system_axi_gpio_0_5             |         1|
|6     |system_axi_gpio_0_0             |         1|
|7     |system_axi_smc_0                |         1|
|8     |system_axi_timer_0_0            |         1|
|9     |system_axi_timer_1_0            |         1|
|10    |system_clk_wiz_0_0              |         1|
|11    |system_mdm_1_0                  |         1|
|12    |system_microblaze_0_0           |         1|
|13    |system_microblaze_0_axi_intc_0  |         1|
|14    |system_mig_7series_0_1          |         1|
|15    |system_rst_mig_7series_0_100M_0 |         1|
|16    |system_sevenSeg_0_0             |         1|
|17    |system_axi_gpio_0_6             |         1|
|18    |system_dlmb_bram_if_cntlr_0     |         1|
|19    |system_dlmb_v10_0               |         1|
|20    |system_ilmb_bram_if_cntlr_0     |         1|
|21    |system_ilmb_v10_0               |         1|
|22    |system_lmb_bram_0               |         1|
+------+--------------------------------+----------+

Report Cell Usage: 
+------+--------------------------------+------+
|      |Cell                            |Count |
+------+--------------------------------+------+
|1     |system_axi_gpio_0_0             |     1|
|2     |system_axi_gpio_0_1             |     1|
|3     |system_axi_gpio_0_3             |     1|
|4     |system_axi_gpio_0_5             |     1|
|5     |system_axi_gpio_0_6             |     1|
|6     |system_axi_quad_spi_0_0         |     1|
|7     |system_axi_smc_0                |     1|
|8     |system_axi_timer_0_0            |     1|
|9     |system_axi_timer_1_0            |     1|
|10    |system_clk_wiz_0_0              |     1|
|11    |system_dlmb_bram_if_cntlr_0     |     1|
|12    |system_dlmb_v10_0               |     1|
|13    |system_ilmb_bram_if_cntlr_0     |     1|
|14    |system_ilmb_v10_0               |     1|
|15    |system_lmb_bram_0               |     1|
|16    |system_mdm_1_0                  |     1|
|17    |system_microblaze_0_0           |     1|
|18    |system_microblaze_0_axi_intc_0  |     1|
|19    |system_mig_7series_0_1          |     1|
|20    |system_rst_mig_7series_0_100M_0 |     1|
|21    |system_sevenSeg_0_0             |     1|
|22    |system_xbar_0                   |     1|
|23    |IBUF                            |     9|
|24    |OBUF                            |    42|
+------+--------------------------------+------+

Report Instance Areas: 
+------+------------------------------+-------------------------------------+------+
|      |Instance                      |Module                               |Cells |
+------+------------------------------+-------------------------------------+------+
|1     |top                           |                                     |  3493|
|2     |  system_i                    |system                               |  3442|
|3     |    microblaze_0_axi_periph   |system_microblaze_0_axi_periph_0     |  1262|
|4     |    microblaze_0_xlconcat     |system_microblaze_0_xlconcat_0       |     0|
|5     |    microblaze_0_local_memory |microblaze_0_local_memory_imp_OGE0N8 |   496|
+------+------------------------------+-------------------------------------+------+
---------------------------------------------------------------------------------
Finished Writing Synthesis Report : Time (s): cpu = 00:00:13 ; elapsed = 00:00:14 . Memory (MB): peak = 942.863 ; gain = 359.844
---------------------------------------------------------------------------------
Synthesis finished with 0 errors, 0 critical warnings and 24 warnings.
Synthesis Optimization Runtime : Time (s): cpu = 00:00:09 ; elapsed = 00:00:12 . Memory (MB): peak = 942.863 ; gain = 268.973
Synthesis Optimization Complete : Time (s): cpu = 00:00:13 ; elapsed = 00:00:14 . Memory (MB): peak = 942.863 ; gain = 359.844
INFO: [Project 1-571] Translating synthesized netlist
INFO: [Project 1-570] Preparing netlist for logic optimization
INFO: [Opt 31-138] Pushed 0 inverter(s) to 0 load pin(s).
Netlist sorting complete. Time (s): cpu = 00:00:00 ; elapsed = 00:00:00 . Memory (MB): peak = 963.418 ; gain = 0.000
INFO: [Project 1-111] Unisim Transformation Summary:
No Unisim elements were transformed.

INFO: [Common 17-83] Releasing license: Synthesis
108 Infos, 113 Warnings, 0 Critical Warnings and 0 Errors encountered.
synth_design completed successfully
synth_design: Time (s): cpu = 00:00:17 ; elapsed = 00:00:31 . Memory (MB): peak = 963.418 ; gain = 662.910
Netlist sorting complete. Time (s): cpu = 00:00:00 ; elapsed = 00:00:00 . Memory (MB): peak = 963.418 ; gain = 0.000
WARNING: [Constraints 18-5210] No constraints selected for write.
Resolution: This message can indicate that there are no constraints for the design, or it can indicate that the used_in flags are set such that the constraints are ignored. This later case is used when running synth_design to not write synthesis constraints to the resulting checkpoint. Instead, project constraints are read when the synthesized design is opened.
INFO: [Common 17-1381] The checkpoint 'C:/Users/zande/Documents/VSCODE/SchoolStuff/ece153a/Labs/HardwareSetup/lab2b/lab2b.runs/synth_1/system_wrapper.dcp' has been generated.
INFO: [runtcl-4] Executing : report_utilization -file system_wrapper_utilization_synth.rpt -pb system_wrapper_utilization_synth.pb
INFO: [Common 17-206] Exiting Vivado at Thu Nov  2 16:12:11 2023...
