
*** Running vivado
    with args -log system_stream_grabber_0_0.vds -m64 -product Vivado -mode batch -messageDb vivado.pb -notrace -source system_stream_grabber_0_0.tcl


****** Vivado v2019.1 (64-bit)
  **** SW Build 2552052 on Fri May 24 14:49:42 MDT 2019
  **** IP Build 2548770 on Fri May 24 18:01:18 MDT 2019
    ** Copyright 1986-2019 Xilinx, Inc. All Rights Reserved.

source system_stream_grabber_0_0.tcl -notrace
INFO: [IP_Flow 19-234] Refreshing IP repositories
INFO: [IP_Flow 19-1700] Loaded user IP repository 'c:/Users/zande/Documents/VSCODE/SchoolStuff/ece153a/Labs/lab_files_2022/vivado/seven/ip_repo'.
INFO: [IP_Flow 19-2313] Loaded Vivado IP repository 'C:/Xilinx/Vivado/2019.1/data/ip'.
WARNING: [IP_Flow 19-4995] The host OS only allows 260 characters in a normal path. The IP cache path is more than 80 characters. If you experience issues with IP caching, please consider changing the IP cache to a location with a shorter path. Alternately consider using the OS subst command to map part of the path to a drive letter. 
Current IP cache path is c:/Users/zande/Documents/VSCODE/SchoolStuff/ece153a/Labs/HardwareSetup/Lab3a/Lab3a.cache/ip 
Command: synth_design -top system_stream_grabber_0_0 -part xc7a100tcsg324-1 -mode out_of_context
Starting synth_design
WARNING: [IP_Flow 19-3571] IP 'system_stream_grabber_0_0' is restricted:
* Module reference is stale and needs refreshing.
Attempting to get a license for feature 'Synthesis' and/or device 'xc7a100t'
INFO: [Common 17-349] Got license for feature 'Synthesis' and/or device 'xc7a100t'
INFO: [Device 21-403] Loading part xc7a100tcsg324-1
INFO: Launching helper process for spawning children vivado processes
INFO: Helper process launched with PID 3736 
---------------------------------------------------------------------------------
Starting RTL Elaboration : Time (s): cpu = 00:00:02 ; elapsed = 00:00:02 . Memory (MB): peak = 699.043 ; gain = 177.996
---------------------------------------------------------------------------------
INFO: [Synth 8-6157] synthesizing module 'system_stream_grabber_0_0' [c:/Users/zande/Documents/VSCODE/SchoolStuff/ece153a/Labs/HardwareSetup/Lab3a/Lab3a.srcs/sources_1/bd/system/ip/system_stream_grabber_0_0/synth/system_stream_grabber_0_0.v:58]
INFO: [Synth 8-6157] synthesizing module 'stream_grabber' [C:/Users/zande/Documents/VSCODE/SchoolStuff/ece153a/Labs/HardwareSetup/Lab3a/Lab3a.srcs/sources_1/imports/hw_src/stream_grabber.v:22]
	Parameter SAMPLES bound to: 4096 - type: integer 
INFO: [Synth 8-5534] Detected attribute (* mark_debug = "true" *) [C:/Users/zande/Documents/VSCODE/SchoolStuff/ece153a/Labs/HardwareSetup/Lab3a/Lab3a.srcs/sources_1/imports/hw_src/stream_grabber.v:61]
INFO: [Synth 8-5534] Detected attribute (* mark_debug = "true" *) [C:/Users/zande/Documents/VSCODE/SchoolStuff/ece153a/Labs/HardwareSetup/Lab3a/Lab3a.srcs/sources_1/imports/hw_src/stream_grabber.v:110]
INFO: [Synth 8-5534] Detected attribute (* mark_debug = "true" *) [C:/Users/zande/Documents/VSCODE/SchoolStuff/ece153a/Labs/HardwareSetup/Lab3a/Lab3a.srcs/sources_1/imports/hw_src/stream_grabber.v:112]
INFO: [Synth 8-5534] Detected attribute (* mark_debug = "true" *) [C:/Users/zande/Documents/VSCODE/SchoolStuff/ece153a/Labs/HardwareSetup/Lab3a/Lab3a.srcs/sources_1/imports/hw_src/stream_grabber.v:272]
INFO: [Synth 8-5534] Detected attribute (* mark_debug = "true" *) [C:/Users/zande/Documents/VSCODE/SchoolStuff/ece153a/Labs/HardwareSetup/Lab3a/Lab3a.srcs/sources_1/imports/hw_src/stream_grabber.v:277]
INFO: [Synth 8-5534] Detected attribute (* mark_debug = "true" *) [C:/Users/zande/Documents/VSCODE/SchoolStuff/ece153a/Labs/HardwareSetup/Lab3a/Lab3a.srcs/sources_1/imports/hw_src/stream_grabber.v:280]
INFO: [Synth 8-6157] synthesizing module 'xpm_memory_sdpram' [C:/Xilinx/Vivado/2019.1/data/ip/xpm/xpm_memory/hdl/xpm_memory.sv:8320]
	Parameter MEMORY_SIZE bound to: 131072 - type: integer 
	Parameter MEMORY_PRIMITIVE bound to: auto - type: string 
	Parameter CLOCKING_MODE bound to: common_clock - type: string 
	Parameter ECC_MODE bound to: no_ecc - type: string 
	Parameter MEMORY_INIT_FILE bound to: none - type: string 
	Parameter MEMORY_INIT_PARAM bound to: (null) - type: string 
	Parameter USE_MEM_INIT bound to: 1 - type: integer 
	Parameter WAKEUP_TIME bound to: disable_sleep - type: string 
	Parameter AUTO_SLEEP_TIME bound to: 0 - type: integer 
	Parameter MESSAGE_CONTROL bound to: 0 - type: integer 
	Parameter USE_EMBEDDED_CONSTRAINT bound to: 0 - type: integer 
	Parameter MEMORY_OPTIMIZATION bound to: true - type: string 
	Parameter CASCADE_HEIGHT bound to: 0 - type: integer 
	Parameter SIM_ASSERT_CHK bound to: 0 - type: integer 
	Parameter WRITE_DATA_WIDTH_A bound to: 32 - type: integer 
	Parameter BYTE_WRITE_WIDTH_A bound to: 32 - type: integer 
	Parameter ADDR_WIDTH_A bound to: 12 - type: integer 
	Parameter RST_MODE_A bound to: SYNC - type: string 
	Parameter READ_DATA_WIDTH_B bound to: 32 - type: integer 
	Parameter ADDR_WIDTH_B bound to: 12 - type: integer 
	Parameter READ_RESET_VALUE_B bound to: 0 - type: string 
	Parameter READ_LATENCY_B bound to: 2 - type: integer 
	Parameter WRITE_MODE_B bound to: no_change - type: string 
	Parameter RST_MODE_B bound to: SYNC - type: string 
	Parameter P_MEMORY_PRIMITIVE bound to: 0 - type: integer 
	Parameter P_CLOCKING_MODE bound to: 0 - type: integer 
	Parameter P_ECC_MODE bound to: 0 - type: integer 
	Parameter P_WAKEUP_TIME bound to: 0 - type: integer 
	Parameter P_WRITE_MODE_B bound to: 2 - type: integer 
	Parameter P_MEMORY_OPTIMIZATION bound to: 1 - type: integer 
INFO: [Synth 8-6157] synthesizing module 'xpm_memory_base' [C:/Xilinx/Vivado/2019.1/data/ip/xpm/xpm_memory/hdl/xpm_memory.sv:57]
	Parameter MEMORY_TYPE bound to: 1 - type: integer 
	Parameter MEMORY_SIZE bound to: 131072 - type: integer 
	Parameter MEMORY_PRIMITIVE bound to: 0 - type: integer 
	Parameter CLOCKING_MODE bound to: 0 - type: integer 
	Parameter ECC_MODE bound to: 0 - type: integer 
	Parameter MEMORY_INIT_FILE bound to: none - type: string 
	Parameter MEMORY_INIT_PARAM bound to: (null) - type: string 
	Parameter USE_MEM_INIT bound to: 1 - type: integer 
	Parameter MEMORY_OPTIMIZATION bound to: true - type: string 
	Parameter WAKEUP_TIME bound to: 0 - type: integer 
	Parameter AUTO_SLEEP_TIME bound to: 0 - type: integer 
	Parameter MESSAGE_CONTROL bound to: 0 - type: integer 
	Parameter VERSION bound to: 0 - type: integer 
	Parameter USE_EMBEDDED_CONSTRAINT bound to: 0 - type: integer 
	Parameter CASCADE_HEIGHT bound to: 0 - type: integer 
	Parameter SIM_ASSERT_CHK bound to: 0 - type: integer 
	Parameter WRITE_DATA_WIDTH_A bound to: 32 - type: integer 
	Parameter READ_DATA_WIDTH_A bound to: 32 - type: integer 
	Parameter BYTE_WRITE_WIDTH_A bound to: 32 - type: integer 
	Parameter ADDR_WIDTH_A bound to: 12 - type: integer 
	Parameter READ_RESET_VALUE_A bound to: 0 - type: string 
	Parameter READ_LATENCY_A bound to: 2 - type: integer 
	Parameter WRITE_MODE_A bound to: 2 - type: integer 
	Parameter RST_MODE_A bound to: SYNC - type: string 
	Parameter WRITE_DATA_WIDTH_B bound to: 32 - type: integer 
	Parameter READ_DATA_WIDTH_B bound to: 32 - type: integer 
	Parameter BYTE_WRITE_WIDTH_B bound to: 32 - type: integer 
	Parameter ADDR_WIDTH_B bound to: 12 - type: integer 
	Parameter READ_RESET_VALUE_B bound to: 0 - type: string 
	Parameter READ_LATENCY_B bound to: 2 - type: integer 
	Parameter WRITE_MODE_B bound to: 2 - type: integer 
	Parameter RST_MODE_B bound to: SYNC - type: string 
	Parameter P_MEMORY_PRIMITIVE bound to: auto - type: string 
	Parameter P_MIN_WIDTH_DATA_A bound to: 32 - type: integer 
	Parameter P_MIN_WIDTH_DATA_B bound to: 32 - type: integer 
	Parameter P_MIN_WIDTH_DATA bound to: 32 - type: integer 
	Parameter P_MIN_WIDTH_DATA_ECC bound to: 32 - type: integer 
	Parameter P_MAX_DEPTH_DATA bound to: 4096 - type: integer 
	Parameter P_ECC_MODE bound to: no_ecc - type: string 
	Parameter P_MEMORY_OPT bound to: yes - type: string 
	Parameter P_WIDTH_COL_WRITE_A bound to: 32 - type: integer 
	Parameter P_WIDTH_COL_WRITE_B bound to: 32 - type: integer 
	Parameter P_NUM_COLS_WRITE_A bound to: 1 - type: integer 
	Parameter P_NUM_COLS_WRITE_B bound to: 1 - type: integer 
	Parameter P_NUM_ROWS_WRITE_A bound to: 1 - type: integer 
	Parameter P_NUM_ROWS_WRITE_B bound to: 1 - type: integer 
	Parameter P_NUM_ROWS_READ_A bound to: 1 - type: integer 
	Parameter P_NUM_ROWS_READ_B bound to: 1 - type: integer 
	Parameter P_WIDTH_ADDR_WRITE_A bound to: 12 - type: integer 
	Parameter P_WIDTH_ADDR_WRITE_B bound to: 12 - type: integer 
	Parameter P_WIDTH_ADDR_READ_A bound to: 12 - type: integer 
	Parameter P_WIDTH_ADDR_READ_B bound to: 12 - type: integer 
	Parameter P_WIDTH_ADDR_LSB_WRITE_A bound to: 0 - type: integer 
	Parameter P_WIDTH_ADDR_LSB_WRITE_B bound to: 0 - type: integer 
	Parameter P_WIDTH_ADDR_LSB_READ_A bound to: 0 - type: integer 
	Parameter P_WIDTH_ADDR_LSB_READ_B bound to: 0 - type: integer 
	Parameter P_ENABLE_BYTE_WRITE_A bound to: 0 - type: integer 
	Parameter P_ENABLE_BYTE_WRITE_B bound to: 0 - type: integer 
	Parameter P_SDP_WRITE_MODE bound to: yes - type: string 
	Parameter rsta_loop_iter bound to: 32 - type: integer 
	Parameter rstb_loop_iter bound to: 32 - type: integer 
	Parameter NUM_CHAR_LOC bound to: 0 - type: integer 
	Parameter MAX_NUM_CHAR bound to: 0 - type: integer 
	Parameter P_MIN_WIDTH_DATA_SHFT bound to: 32 - type: integer 
	Parameter P_MIN_WIDTH_DATA_LDW bound to: 4 - type: integer 
INFO: [Synth 8-6059] Synth Info: [XPM_MEMORY 20-1] MEMORY_PRIMITIVE (0) instructs Vivado Synthesis to choose the memory primitive type. Depending on their values, other XPM_MEMORY parameters may preclude the choice of certain memory primitive types. Review XPM_MEMORY documentation and parameter values to understand any limitations, or set MEMORY_PRIMITIVE to a different value.   [C:/Xilinx/Vivado/2019.1/data/ip/xpm/xpm_memory/hdl/xpm_memory.sv:486]
INFO: [Synth 8-6059] Synth Info: [XPM_MEMORY 20-2] MEMORY_INIT_FILE (none), MEMORY_INIT_PARAM together specify no memory initialization. Initial memory contents will be all 0's.   [C:/Xilinx/Vivado/2019.1/data/ip/xpm/xpm_memory/hdl/xpm_memory.sv:488]
WARNING: [Synth 8-6014] Unused sequential element gen_rd_b.gen_doutb_pipe.enb_pipe_reg[0] was removed.  [C:/Xilinx/Vivado/2019.1/data/ip/xpm/xpm_memory/hdl/xpm_memory.sv:2882]
INFO: [Synth 8-5772] Detected attribute (* ram_ecc = "no_ecc" *) on RAM gen_wr_a.gen_word_narrow.mem_reg 
INFO: [Synth 8-6155] done synthesizing module 'xpm_memory_base' (1#1) [C:/Xilinx/Vivado/2019.1/data/ip/xpm/xpm_memory/hdl/xpm_memory.sv:57]
INFO: [Synth 8-6155] done synthesizing module 'xpm_memory_sdpram' (2#1) [C:/Xilinx/Vivado/2019.1/data/ip/xpm/xpm_memory/hdl/xpm_memory.sv:8320]
INFO: [Synth 8-6071] Mark debug on the nets applies keep_hierarchy on instance 'xpm_memory_sdpram_inst'. This will prevent further optimization [C:/Users/zande/Documents/VSCODE/SchoolStuff/ece153a/Labs/HardwareSetup/Lab3a/Lab3a.srcs/sources_1/imports/hw_src/stream_grabber.v:154]
INFO: [Synth 8-5772] Detected attribute (* rw_addr_collision = "yes" *) on RAM gen_wr_a.gen_word_narrow.mem_reg 
INFO: [Synth 8-6155] done synthesizing module 'stream_grabber' (3#1) [C:/Users/zande/Documents/VSCODE/SchoolStuff/ece153a/Labs/HardwareSetup/Lab3a/Lab3a.srcs/sources_1/imports/hw_src/stream_grabber.v:22]
INFO: [Synth 8-5772] Detected attribute (* rw_addr_collision = "yes" *) on RAM gen_wr_a.gen_word_narrow.mem_reg 
INFO: [Synth 8-6155] done synthesizing module 'system_stream_grabber_0_0' (4#1) [c:/Users/zande/Documents/VSCODE/SchoolStuff/ece153a/Labs/HardwareSetup/Lab3a/Lab3a.srcs/sources_1/bd/system/ip/system_stream_grabber_0_0/synth/system_stream_grabber_0_0.v:58]
WARNING: [Synth 8-3331] design xpm_memory_base has unconnected port sleep
WARNING: [Synth 8-3331] design xpm_memory_base has unconnected port rsta
WARNING: [Synth 8-3331] design xpm_memory_base has unconnected port regcea
WARNING: [Synth 8-3331] design xpm_memory_base has unconnected port injectsbiterra
WARNING: [Synth 8-3331] design xpm_memory_base has unconnected port injectdbiterra
WARNING: [Synth 8-3331] design xpm_memory_base has unconnected port clkb
WARNING: [Synth 8-3331] design xpm_memory_base has unconnected port dinb[31]
WARNING: [Synth 8-3331] design xpm_memory_base has unconnected port dinb[30]
WARNING: [Synth 8-3331] design xpm_memory_base has unconnected port dinb[29]
WARNING: [Synth 8-3331] design xpm_memory_base has unconnected port dinb[28]
WARNING: [Synth 8-3331] design xpm_memory_base has unconnected port dinb[27]
WARNING: [Synth 8-3331] design xpm_memory_base has unconnected port dinb[26]
WARNING: [Synth 8-3331] design xpm_memory_base has unconnected port dinb[25]
WARNING: [Synth 8-3331] design xpm_memory_base has unconnected port dinb[24]
WARNING: [Synth 8-3331] design xpm_memory_base has unconnected port dinb[23]
WARNING: [Synth 8-3331] design xpm_memory_base has unconnected port dinb[22]
WARNING: [Synth 8-3331] design xpm_memory_base has unconnected port dinb[21]
WARNING: [Synth 8-3331] design xpm_memory_base has unconnected port dinb[20]
WARNING: [Synth 8-3331] design xpm_memory_base has unconnected port dinb[19]
WARNING: [Synth 8-3331] design xpm_memory_base has unconnected port dinb[18]
WARNING: [Synth 8-3331] design xpm_memory_base has unconnected port dinb[17]
WARNING: [Synth 8-3331] design xpm_memory_base has unconnected port dinb[16]
WARNING: [Synth 8-3331] design xpm_memory_base has unconnected port dinb[15]
WARNING: [Synth 8-3331] design xpm_memory_base has unconnected port dinb[14]
WARNING: [Synth 8-3331] design xpm_memory_base has unconnected port dinb[13]
WARNING: [Synth 8-3331] design xpm_memory_base has unconnected port dinb[12]
WARNING: [Synth 8-3331] design xpm_memory_base has unconnected port dinb[11]
WARNING: [Synth 8-3331] design xpm_memory_base has unconnected port dinb[10]
WARNING: [Synth 8-3331] design xpm_memory_base has unconnected port dinb[9]
WARNING: [Synth 8-3331] design xpm_memory_base has unconnected port dinb[8]
WARNING: [Synth 8-3331] design xpm_memory_base has unconnected port dinb[7]
WARNING: [Synth 8-3331] design xpm_memory_base has unconnected port dinb[6]
WARNING: [Synth 8-3331] design xpm_memory_base has unconnected port dinb[5]
WARNING: [Synth 8-3331] design xpm_memory_base has unconnected port dinb[4]
WARNING: [Synth 8-3331] design xpm_memory_base has unconnected port dinb[3]
WARNING: [Synth 8-3331] design xpm_memory_base has unconnected port dinb[2]
WARNING: [Synth 8-3331] design xpm_memory_base has unconnected port dinb[1]
WARNING: [Synth 8-3331] design xpm_memory_base has unconnected port dinb[0]
WARNING: [Synth 8-3331] design xpm_memory_base has unconnected port injectsbiterrb
WARNING: [Synth 8-3331] design xpm_memory_base has unconnected port injectdbiterrb
WARNING: [Synth 8-3331] design stream_grabber has unconnected port s_axi_cpu_awaddr[11]
WARNING: [Synth 8-3331] design stream_grabber has unconnected port s_axi_cpu_awaddr[10]
WARNING: [Synth 8-3331] design stream_grabber has unconnected port s_axi_cpu_awaddr[9]
WARNING: [Synth 8-3331] design stream_grabber has unconnected port s_axi_cpu_awaddr[8]
WARNING: [Synth 8-3331] design stream_grabber has unconnected port s_axi_cpu_awaddr[7]
WARNING: [Synth 8-3331] design stream_grabber has unconnected port s_axi_cpu_awaddr[6]
WARNING: [Synth 8-3331] design stream_grabber has unconnected port s_axi_cpu_awaddr[5]
WARNING: [Synth 8-3331] design stream_grabber has unconnected port s_axi_cpu_awaddr[1]
WARNING: [Synth 8-3331] design stream_grabber has unconnected port s_axi_cpu_awaddr[0]
WARNING: [Synth 8-3331] design stream_grabber has unconnected port s_axi_cpu_araddr[11]
WARNING: [Synth 8-3331] design stream_grabber has unconnected port s_axi_cpu_araddr[10]
WARNING: [Synth 8-3331] design stream_grabber has unconnected port s_axi_cpu_araddr[9]
WARNING: [Synth 8-3331] design stream_grabber has unconnected port s_axi_cpu_araddr[8]
WARNING: [Synth 8-3331] design stream_grabber has unconnected port s_axi_cpu_araddr[7]
WARNING: [Synth 8-3331] design stream_grabber has unconnected port s_axi_cpu_araddr[6]
WARNING: [Synth 8-3331] design stream_grabber has unconnected port s_axi_cpu_araddr[5]
WARNING: [Synth 8-3331] design stream_grabber has unconnected port s_axi_cpu_araddr[1]
WARNING: [Synth 8-3331] design stream_grabber has unconnected port s_axi_cpu_araddr[0]
---------------------------------------------------------------------------------
Finished RTL Elaboration : Time (s): cpu = 00:00:03 ; elapsed = 00:00:03 . Memory (MB): peak = 767.035 ; gain = 245.988
---------------------------------------------------------------------------------

Report Check Netlist: 
+------+------------------+-------+---------+-------+------------------+
|      |Item              |Errors |Warnings |Status |Description       |
+------+------------------+-------+---------+-------+------------------+
|1     |multi_driven_nets |      0|        0|Passed |Multi driven nets |
+------+------------------+-------+---------+-------+------------------+
---------------------------------------------------------------------------------
Start Handling Custom Attributes
---------------------------------------------------------------------------------
---------------------------------------------------------------------------------
Finished Handling Custom Attributes : Time (s): cpu = 00:00:03 ; elapsed = 00:00:04 . Memory (MB): peak = 767.035 ; gain = 245.988
---------------------------------------------------------------------------------
---------------------------------------------------------------------------------
Finished RTL Optimization Phase 1 : Time (s): cpu = 00:00:03 ; elapsed = 00:00:04 . Memory (MB): peak = 767.035 ; gain = 245.988
---------------------------------------------------------------------------------
INFO: [Project 1-570] Preparing netlist for logic optimization

Processing XDC Constraints
Initializing timing engine
Sourcing Tcl File [C:/Xilinx/Vivado/2019.1/data/ip/xpm/xpm_memory/tcl/xpm_memory_xdc.tcl] for cell 'inst/xpm_memory_sdpram_inst'
WARNING: [Vivado 12-180] No cells matched 'get_cells -hier -filter {PRIMITIVE_SUBGROUP==LUTRAM || PRIMITIVE_SUBGROUP==dram || PRIMITIVE_SUBGROUP==uram || PRIMITIVE_SUBGROUP==BRAM}'. [C:/Xilinx/Vivado/2019.1/data/ip/xpm/xpm_memory/tcl/xpm_memory_xdc.tcl:3]
Finished Sourcing Tcl File [C:/Xilinx/Vivado/2019.1/data/ip/xpm/xpm_memory/tcl/xpm_memory_xdc.tcl] for cell 'inst/xpm_memory_sdpram_inst'
INFO: [Project 1-236] Implementation specific constraints were found while reading constraint file [C:/Xilinx/Vivado/2019.1/data/ip/xpm/xpm_memory/tcl/xpm_memory_xdc.tcl]. These constraints will be ignored for synthesis but will be used in implementation. Impacted constraints are listed in the file [.Xil/system_stream_grabber_0_0_propImpl.xdc].
Resolution: To avoid this warning, move constraints listed in [.Xil/system_stream_grabber_0_0_propImpl.xdc] to another XDC file and exclude this new file from synthesis with the used_in_synthesis property (File Properties dialog in GUI) and re-run elaboration/synthesis.
Completed Processing XDC Constraints

Netlist sorting complete. Time (s): cpu = 00:00:00 ; elapsed = 00:00:00 . Memory (MB): peak = 877.004 ; gain = 0.000
INFO: [Project 1-111] Unisim Transformation Summary:
No Unisim elements were transformed.

Constraint Validation Runtime : Time (s): cpu = 00:00:00 ; elapsed = 00:00:00.016 . Memory (MB): peak = 881.988 ; gain = 4.984
---------------------------------------------------------------------------------
Finished Constraint Validation : Time (s): cpu = 00:00:06 ; elapsed = 00:00:07 . Memory (MB): peak = 881.988 ; gain = 360.941
---------------------------------------------------------------------------------
---------------------------------------------------------------------------------
Start Loading Part and Timing Information
---------------------------------------------------------------------------------
Loading part: xc7a100tcsg324-1
---------------------------------------------------------------------------------
Finished Loading Part and Timing Information : Time (s): cpu = 00:00:06 ; elapsed = 00:00:07 . Memory (MB): peak = 881.988 ; gain = 360.941
---------------------------------------------------------------------------------
---------------------------------------------------------------------------------
Start Applying 'set_property' XDC Constraints
---------------------------------------------------------------------------------
Applied set_property DONT_TOUCH = true for inst/xpm_memory_sdpram_inst. (constraint file  auto generated constraint, line ).
---------------------------------------------------------------------------------
Finished applying 'set_property' XDC Constraints : Time (s): cpu = 00:00:06 ; elapsed = 00:00:07 . Memory (MB): peak = 881.988 ; gain = 360.941
---------------------------------------------------------------------------------
---------------------------------------------------------------------------------
Finished RTL Optimization Phase 2 : Time (s): cpu = 00:00:06 ; elapsed = 00:00:07 . Memory (MB): peak = 881.988 ; gain = 360.941
---------------------------------------------------------------------------------

Report RTL Partitions: 
+-+--------------+------------+----------+
| |RTL Partition |Replication |Instances |
+-+--------------+------------+----------+
+-+--------------+------------+----------+
---------------------------------------------------------------------------------
Start RTL Component Statistics 
---------------------------------------------------------------------------------
Detailed RTL Component Info : 
+---Adders : 
	   2 Input     32 Bit       Adders := 3     
+---Registers : 
	               32 Bit    Registers := 9     
	                3 Bit    Registers := 2     
	                1 Bit    Registers := 6     
+---RAMs : 
	             128K Bit         RAMs := 1     
+---Muxes : 
	   3 Input     32 Bit        Muxes := 1     
	   2 Input      3 Bit        Muxes := 1     
	   2 Input      1 Bit        Muxes := 3     
---------------------------------------------------------------------------------
Finished RTL Component Statistics 
---------------------------------------------------------------------------------
---------------------------------------------------------------------------------
Start RTL Hierarchical Component Statistics 
---------------------------------------------------------------------------------
Hierarchical RTL Component report 
Module xpm_memory_base 
Detailed RTL Component Info : 
+---Registers : 
	               32 Bit    Registers := 2     
+---RAMs : 
	             128K Bit         RAMs := 1     
Module stream_grabber 
Detailed RTL Component Info : 
+---Adders : 
	   2 Input     32 Bit       Adders := 3     
+---Registers : 
	               32 Bit    Registers := 7     
	                3 Bit    Registers := 2     
	                1 Bit    Registers := 6     
+---Muxes : 
	   3 Input     32 Bit        Muxes := 1     
	   2 Input      3 Bit        Muxes := 1     
	   2 Input      1 Bit        Muxes := 3     
---------------------------------------------------------------------------------
Finished RTL Hierarchical Component Statistics
---------------------------------------------------------------------------------
---------------------------------------------------------------------------------
Start Part Resource Summary
---------------------------------------------------------------------------------
Part Resources:
DSPs: 240 (col length:80)
BRAMs: 270 (col length: RAMB18 80 RAMB36 40)
---------------------------------------------------------------------------------
Finished Part Resource Summary
---------------------------------------------------------------------------------
---------------------------------------------------------------------------------
Start Cross Boundary and Area Optimization
---------------------------------------------------------------------------------
Warning: Parallel synthesis criteria is not met 
INFO: [Synth 8-3917] design system_stream_grabber_0_0 has port s_axis_stream_tready driven by constant 1
INFO: [Synth 8-3917] design system_stream_grabber_0_0 has port s_axi_cpu_bresp[1] driven by constant 0
INFO: [Synth 8-3917] design system_stream_grabber_0_0 has port s_axi_cpu_bresp[0] driven by constant 0
INFO: [Synth 8-3917] design system_stream_grabber_0_0 has port s_axi_cpu_rresp[1] driven by constant 0
INFO: [Synth 8-3917] design system_stream_grabber_0_0 has port s_axi_cpu_rresp[0] driven by constant 0
WARNING: [Synth 8-3331] design xpm_memory_base has unconnected port rsta
WARNING: [Synth 8-3331] design xpm_memory_base has unconnected port regcea
WARNING: [Synth 8-3331] design xpm_memory_base has unconnected port injectsbiterra
WARNING: [Synth 8-3331] design xpm_memory_base has unconnected port injectdbiterra
WARNING: [Synth 8-3331] design xpm_memory_base has unconnected port clkb
WARNING: [Synth 8-3331] design xpm_memory_base has unconnected port dinb[31]
WARNING: [Synth 8-3331] design xpm_memory_base has unconnected port dinb[30]
WARNING: [Synth 8-3331] design xpm_memory_base has unconnected port dinb[29]
WARNING: [Synth 8-3331] design xpm_memory_base has unconnected port dinb[28]
WARNING: [Synth 8-3331] design xpm_memory_base has unconnected port dinb[27]
WARNING: [Synth 8-3331] design xpm_memory_base has unconnected port dinb[26]
WARNING: [Synth 8-3331] design xpm_memory_base has unconnected port dinb[25]
WARNING: [Synth 8-3331] design xpm_memory_base has unconnected port dinb[24]
WARNING: [Synth 8-3331] design xpm_memory_base has unconnected port dinb[23]
WARNING: [Synth 8-3331] design xpm_memory_base has unconnected port dinb[22]
WARNING: [Synth 8-3331] design xpm_memory_base has unconnected port dinb[21]
WARNING: [Synth 8-3331] design xpm_memory_base has unconnected port dinb[20]
WARNING: [Synth 8-3331] design xpm_memory_base has unconnected port dinb[19]
WARNING: [Synth 8-3331] design xpm_memory_base has unconnected port dinb[18]
WARNING: [Synth 8-3331] design xpm_memory_base has unconnected port dinb[17]
WARNING: [Synth 8-3331] design xpm_memory_base has unconnected port dinb[16]
WARNING: [Synth 8-3331] design xpm_memory_base has unconnected port dinb[15]
WARNING: [Synth 8-3331] design xpm_memory_base has unconnected port dinb[14]
WARNING: [Synth 8-3331] design xpm_memory_base has unconnected port dinb[13]
WARNING: [Synth 8-3331] design xpm_memory_base has unconnected port dinb[12]
WARNING: [Synth 8-3331] design xpm_memory_base has unconnected port dinb[11]
WARNING: [Synth 8-3331] design xpm_memory_base has unconnected port dinb[10]
WARNING: [Synth 8-3331] design xpm_memory_base has unconnected port dinb[9]
WARNING: [Synth 8-3331] design xpm_memory_base has unconnected port dinb[8]
WARNING: [Synth 8-3331] design xpm_memory_base has unconnected port dinb[7]
WARNING: [Synth 8-3331] design xpm_memory_base has unconnected port dinb[6]
WARNING: [Synth 8-3331] design xpm_memory_base has unconnected port dinb[5]
WARNING: [Synth 8-3331] design xpm_memory_base has unconnected port dinb[4]
WARNING: [Synth 8-3331] design xpm_memory_base has unconnected port dinb[3]
WARNING: [Synth 8-3331] design xpm_memory_base has unconnected port dinb[2]
WARNING: [Synth 8-3331] design xpm_memory_base has unconnected port dinb[1]
WARNING: [Synth 8-3331] design xpm_memory_base has unconnected port dinb[0]
WARNING: [Synth 8-3331] design xpm_memory_base has unconnected port injectsbiterrb
WARNING: [Synth 8-3331] design xpm_memory_base has unconnected port injectdbiterrb
WARNING: [Synth 8-3331] design system_stream_grabber_0_0 has unconnected port s_axi_cpu_awaddr[11]
WARNING: [Synth 8-3331] design system_stream_grabber_0_0 has unconnected port s_axi_cpu_awaddr[10]
WARNING: [Synth 8-3331] design system_stream_grabber_0_0 has unconnected port s_axi_cpu_awaddr[9]
INFO: [Common 17-14] Message 'Synth 8-3331' appears 100 times and further instances of the messages will be disabled. Use the Tcl command set_msg_config to change the current settings.
---------------------------------------------------------------------------------
Finished Cross Boundary and Area Optimization : Time (s): cpu = 00:00:07 ; elapsed = 00:00:08 . Memory (MB): peak = 881.988 ; gain = 360.941
---------------------------------------------------------------------------------
---------------------------------------------------------------------------------
Start ROM, RAM, DSP and Shift Register Reporting
---------------------------------------------------------------------------------

Block RAM: Preliminary Mapping  Report (see note below)
+-----------------+----------------------------------+------------------------+---+---+------------------------+---+---+------------------+--------+--------+
|Module Name      | RTL Object                       | PORT A (Depth x Width) | W | R | PORT B (Depth x Width) | W | R | Ports driving FF | RAMB18 | RAMB36 | 
+-----------------+----------------------------------+------------------------+---+---+------------------------+---+---+------------------+--------+--------+
|xpm_memory_base: | gen_wr_a.gen_word_narrow.mem_reg | 4 K x 32(READ_FIRST)   | W |   | 4 K x 32(WRITE_FIRST)  |   | R | Port A and B     | 0      | 4      | 
+-----------------+----------------------------------+------------------------+---+---+------------------------+---+---+------------------+--------+--------+

Note: The table above is a preliminary report that shows the Block RAMs at the current stage of the synthesis flow. Some Block RAMs may be reimplemented as non Block RAM primitives later in the synthesis flow. Multiple instantiated Block RAMs are reported only once. 
---------------------------------------------------------------------------------
Finished ROM, RAM, DSP and Shift Register Reporting
---------------------------------------------------------------------------------

Report RTL Partitions: 
+-+--------------+------------+----------+
| |RTL Partition |Replication |Instances |
+-+--------------+------------+----------+
+-+--------------+------------+----------+
---------------------------------------------------------------------------------
Start Applying XDC Timing Constraints
---------------------------------------------------------------------------------
---------------------------------------------------------------------------------
Finished Applying XDC Timing Constraints : Time (s): cpu = 00:00:11 ; elapsed = 00:00:13 . Memory (MB): peak = 881.988 ; gain = 360.941
---------------------------------------------------------------------------------
---------------------------------------------------------------------------------
Start Timing Optimization
---------------------------------------------------------------------------------
---------------------------------------------------------------------------------
Finished Timing Optimization : Time (s): cpu = 00:00:11 ; elapsed = 00:00:13 . Memory (MB): peak = 881.988 ; gain = 360.941
---------------------------------------------------------------------------------
---------------------------------------------------------------------------------
Start ROM, RAM, DSP and Shift Register Reporting
---------------------------------------------------------------------------------

Block RAM: Final Mapping  Report
+-----------------+----------------------------------+------------------------+---+---+------------------------+---+---+------------------+--------+--------+
|Module Name      | RTL Object                       | PORT A (Depth x Width) | W | R | PORT B (Depth x Width) | W | R | Ports driving FF | RAMB18 | RAMB36 | 
+-----------------+----------------------------------+------------------------+---+---+------------------------+---+---+------------------+--------+--------+
|xpm_memory_base: | gen_wr_a.gen_word_narrow.mem_reg | 4 K x 32(READ_FIRST)   | W |   | 4 K x 32(WRITE_FIRST)  |   | R | Port A and B     | 0      | 4      | 
+-----------------+----------------------------------+------------------------+---+---+------------------------+---+---+------------------+--------+--------+

---------------------------------------------------------------------------------
Finished ROM, RAM, DSP and Shift Register Reporting
---------------------------------------------------------------------------------

Report RTL Partitions: 
+-+--------------+------------+----------+
| |RTL Partition |Replication |Instances |
+-+--------------+------------+----------+
+-+--------------+------------+----------+
---------------------------------------------------------------------------------
Start Technology Mapping
---------------------------------------------------------------------------------
---------------------------------------------------------------------------------
Finished Technology Mapping : Time (s): cpu = 00:00:12 ; elapsed = 00:00:13 . Memory (MB): peak = 881.988 ; gain = 360.941
---------------------------------------------------------------------------------

Report RTL Partitions: 
+-+--------------+------------+----------+
| |RTL Partition |Replication |Instances |
+-+--------------+------------+----------+
+-+--------------+------------+----------+
---------------------------------------------------------------------------------
Start IO Insertion
---------------------------------------------------------------------------------
---------------------------------------------------------------------------------
Start Flattening Before IO Insertion
---------------------------------------------------------------------------------
---------------------------------------------------------------------------------
Finished Flattening Before IO Insertion
---------------------------------------------------------------------------------
---------------------------------------------------------------------------------
Start Final Netlist Cleanup
---------------------------------------------------------------------------------
---------------------------------------------------------------------------------
Finished Final Netlist Cleanup
---------------------------------------------------------------------------------
---------------------------------------------------------------------------------
Finished IO Insertion : Time (s): cpu = 00:00:13 ; elapsed = 00:00:14 . Memory (MB): peak = 887.957 ; gain = 366.910
---------------------------------------------------------------------------------

Report Check Netlist: 
+------+------------------+-------+---------+-------+------------------+
|      |Item              |Errors |Warnings |Status |Description       |
+------+------------------+-------+---------+-------+------------------+
|1     |multi_driven_nets |      0|        0|Passed |Multi driven nets |
+------+------------------+-------+---------+-------+------------------+
---------------------------------------------------------------------------------
Start Renaming Generated Instances
---------------------------------------------------------------------------------
---------------------------------------------------------------------------------
Finished Renaming Generated Instances : Time (s): cpu = 00:00:13 ; elapsed = 00:00:14 . Memory (MB): peak = 887.957 ; gain = 366.910
---------------------------------------------------------------------------------

Report RTL Partitions: 
+-+--------------+------------+----------+
| |RTL Partition |Replication |Instances |
+-+--------------+------------+----------+
+-+--------------+------------+----------+
---------------------------------------------------------------------------------
Start Rebuilding User Hierarchy
---------------------------------------------------------------------------------
---------------------------------------------------------------------------------
Finished Rebuilding User Hierarchy : Time (s): cpu = 00:00:13 ; elapsed = 00:00:14 . Memory (MB): peak = 887.957 ; gain = 366.910
---------------------------------------------------------------------------------
---------------------------------------------------------------------------------
Start Renaming Generated Ports
---------------------------------------------------------------------------------
---------------------------------------------------------------------------------
Finished Renaming Generated Ports : Time (s): cpu = 00:00:13 ; elapsed = 00:00:14 . Memory (MB): peak = 887.957 ; gain = 366.910
---------------------------------------------------------------------------------
---------------------------------------------------------------------------------
Start Handling Custom Attributes
---------------------------------------------------------------------------------
---------------------------------------------------------------------------------
Finished Handling Custom Attributes : Time (s): cpu = 00:00:13 ; elapsed = 00:00:14 . Memory (MB): peak = 887.988 ; gain = 366.941
---------------------------------------------------------------------------------
---------------------------------------------------------------------------------
Start Renaming Generated Nets
---------------------------------------------------------------------------------
---------------------------------------------------------------------------------
Finished Renaming Generated Nets : Time (s): cpu = 00:00:13 ; elapsed = 00:00:14 . Memory (MB): peak = 887.988 ; gain = 366.941
---------------------------------------------------------------------------------
---------------------------------------------------------------------------------
Start Writing Synthesis Report
---------------------------------------------------------------------------------

Report BlackBoxes: 
+-+--------------+----------+
| |BlackBox name |Instances |
+-+--------------+----------+
+-+--------------+----------+

Report Cell Usage: 
+------+-----------+------+
|      |Cell       |Count |
+------+-----------+------+
|1     |CARRY4     |    32|
|2     |LUT1       |     1|
|3     |LUT2       |     7|
|4     |LUT3       |     8|
|5     |LUT4       |     5|
|6     |LUT5       |     3|
|7     |LUT6       |    66|
|8     |RAMB36E1_1 |     4|
|9     |FDRE       |   268|
+------+-----------+------+

Report Instance Areas: 
+------+---------------------------+------------------+------+
|      |Instance                   |Module            |Cells |
+------+---------------------------+------------------+------+
|1     |top                        |                  |   394|
|2     |  inst                     |stream_grabber    |   394|
|3     |    xpm_memory_sdpram_inst |xpm_memory_sdpram |     4|
|4     |      xpm_memory_base_inst |xpm_memory_base   |     4|
+------+---------------------------+------------------+------+
---------------------------------------------------------------------------------
Finished Writing Synthesis Report : Time (s): cpu = 00:00:13 ; elapsed = 00:00:14 . Memory (MB): peak = 887.988 ; gain = 366.941
---------------------------------------------------------------------------------
Synthesis finished with 0 errors, 0 critical warnings and 57 warnings.
Synthesis Optimization Runtime : Time (s): cpu = 00:00:09 ; elapsed = 00:00:12 . Memory (MB): peak = 887.988 ; gain = 251.988
Synthesis Optimization Complete : Time (s): cpu = 00:00:13 ; elapsed = 00:00:14 . Memory (MB): peak = 887.988 ; gain = 366.941
INFO: [Project 1-571] Translating synthesized netlist
INFO: [Netlist 29-17] Analyzing 36 Unisim elements for replacement
INFO: [Netlist 29-28] Unisim Transformation completed in 0 CPU seconds
INFO: [Project 1-570] Preparing netlist for logic optimization
INFO: [Opt 31-138] Pushed 0 inverter(s) to 0 load pin(s).
Netlist sorting complete. Time (s): cpu = 00:00:00 ; elapsed = 00:00:00 . Memory (MB): peak = 908.078 ; gain = 0.000
INFO: [Project 1-111] Unisim Transformation Summary:
No Unisim elements were transformed.

INFO: [Common 17-83] Releasing license: Synthesis
41 Infos, 104 Warnings, 0 Critical Warnings and 0 Errors encountered.
synth_design completed successfully
synth_design: Time (s): cpu = 00:00:16 ; elapsed = 00:00:31 . Memory (MB): peak = 908.078 ; gain = 615.566
Netlist sorting complete. Time (s): cpu = 00:00:00 ; elapsed = 00:00:00 . Memory (MB): peak = 908.078 ; gain = 0.000
WARNING: [Constraints 18-5210] No constraints selected for write.
Resolution: This message can indicate that there are no constraints for the design, or it can indicate that the used_in flags are set such that the constraints are ignored. This later case is used when running synth_design to not write synthesis constraints to the resulting checkpoint. Instead, project constraints are read when the synthesized design is opened.
INFO: [Common 17-1381] The checkpoint 'C:/Users/zande/Documents/VSCODE/SchoolStuff/ece153a/Labs/HardwareSetup/Lab3a/Lab3a.runs/system_stream_grabber_0_0_synth_1/system_stream_grabber_0_0.dcp' has been generated.
WARNING: [Common 17-576] 'use_project_ipc' is deprecated. This option is deprecated and no longer used.
INFO: [Coretcl 2-1174] Renamed 3 cell refs.
Netlist sorting complete. Time (s): cpu = 00:00:00 ; elapsed = 00:00:00 . Memory (MB): peak = 908.078 ; gain = 0.000
WARNING: [Constraints 18-5210] No constraints selected for write.
Resolution: This message can indicate that there are no constraints for the design, or it can indicate that the used_in flags are set such that the constraints are ignored. This later case is used when running synth_design to not write synthesis constraints to the resulting checkpoint. Instead, project constraints are read when the synthesized design is opened.
INFO: [Common 17-1381] The checkpoint 'C:/Users/zande/Documents/VSCODE/SchoolStuff/ece153a/Labs/HardwareSetup/Lab3a/Lab3a.runs/system_stream_grabber_0_0_synth_1/system_stream_grabber_0_0.dcp' has been generated.
INFO: [runtcl-4] Executing : report_utilization -file system_stream_grabber_0_0_utilization_synth.rpt -pb system_stream_grabber_0_0_utilization_synth.pb
INFO: [Common 17-206] Exiting Vivado at Fri Nov 17 14:40:08 2023...
