14:53:47 INFO  : Registering command handlers for SDK TCF services
14:53:48 INFO  : Launching XSCT server: xsct.bat -interactive C:\Users\zande\Documents\VSCODE\SchoolStuff\ece153a\Labs\HardwareSetup\Lab3a\Lab3a.sdk\temp_xsdb_launch_script.tcl
14:53:50 INFO  : XSCT server has started successfully.
14:53:50 INFO  : Successfully done setting XSCT server connection channel  
14:53:50 INFO  : Successfully done setting SDK workspace  
14:53:50 INFO  : Processing command line option -hwspec C:/Users/zande/Documents/VSCODE/SchoolStuff/ece153a/Labs/HardwareSetup/Lab3a/Lab3a.sdk/system_wrapper.hdf.
14:56:26 INFO  : Refreshed build settings on project lab3a
14:56:39 INFO  : Refreshed build settings on project lab3a
14:57:16 INFO  : Inferring section assignments and sizes from elf file: C:\Users\zande\Documents\VSCODE\SchoolStuff\ece153a\Labs\HardwareSetup\Lab3a\Lab3a.sdk\lab3a\Debug\lab3a.elf
14:58:13 INFO  : Successfully generated C:\Users\zande\Documents\VSCODE\SchoolStuff\ece153a\Labs\HardwareSetup\Lab3a\Lab3a.sdk\lab3a\src\lscript.ld.
14:58:13 INFO  : Applying linker script to all configurations of project lab3a.
14:58:13 INFO  : Setting rebuild state to true for all configurations of project lab3a.
16:43:33 INFO  : Registering command handlers for SDK TCF services
16:43:33 INFO  : Launching XSCT server: xsct.bat -interactive C:\Users\zande\Documents\VSCODE\SchoolStuff\ece153a\Labs\HardwareSetup\Lab3a\Lab3a.sdk\temp_xsdb_launch_script.tcl
16:43:35 INFO  : XSCT server has started successfully.
16:43:35 INFO  : Successfully done setting XSCT server connection channel  
16:43:38 INFO  : Successfully done setting SDK workspace  
16:43:38 INFO  : Processing command line option -hwspec C:/Users/zande/Documents/VSCODE/SchoolStuff/ece153a/Labs/HardwareSetup/Lab3a/Lab3a.sdk/system_wrapper.hdf.
16:43:38 INFO  : Checking for hwspec changes in the project system_wrapper_hw_platform_0.
16:47:22 INFO  : Connected to target on host '127.0.0.1' and port '3121'.
16:47:22 INFO  : 'targets -set -filter {jtag_cable_name =~ "Digilent Nexys A7 -100T 210292B62099A" && level==0} -index 0' command is executed.
16:47:25 INFO  : FPGA configured successfully with bitstream "C:/Users/zande/Documents/VSCODE/SchoolStuff/ece153a/Labs/HardwareSetup/Lab3a/Lab3a.sdk/system_wrapper_hw_platform_0/download.bit"
16:47:35 INFO  : 'targets -set -filter {jtag_cable_name =~ "Digilent Nexys A7 -100T 210292B62099A" && level==0} -index 0' command is executed.
16:47:35 INFO  : 'fpga -state' command is executed.
16:47:35 INFO  : Connected to target on host '127.0.0.1' and port '3121'.
16:47:35 INFO  : Jtag cable 'Digilent Nexys A7 -100T 210292B62099A' is selected.
16:47:35 INFO  : 'jtag frequency' command is executed.
16:47:35 INFO  : 'configparams mdm-detect-bscan-mask 2' command is executed.
16:47:35 INFO  : Context for processor 'microblaze_0' is selected.
16:47:35 INFO  : Processor reset is completed for 'microblaze_0'.
16:47:35 INFO  : Context for processor 'microblaze_0' is selected.
16:47:35 INFO  : The application 'C:/Users/zande/Documents/VSCODE/SchoolStuff/ece153a/Labs/HardwareSetup/Lab3a/Lab3a.sdk/lab3a/Debug/lab3a.elf' is downloaded to processor 'microblaze_0'.
16:47:35 INFO  : ----------------XSDB Script----------------
connect -url tcp:127.0.0.1:3121
configparams mdm-detect-bscan-mask 2
targets -set -nocase -filter {name =~ "microblaze*#0" && bscan=="USER2"  && jtag_cable_name =~ "Digilent Nexys A7 -100T 210292B62099A"} -index 0
rst -processor
targets -set -nocase -filter {name =~ "microblaze*#0" && bscan=="USER2"  && jtag_cable_name =~ "Digilent Nexys A7 -100T 210292B62099A"} -index 0
dow C:/Users/zande/Documents/VSCODE/SchoolStuff/ece153a/Labs/HardwareSetup/Lab3a/Lab3a.sdk/lab3a/Debug/lab3a.elf
----------------End of Script----------------

16:47:35 INFO  : Memory regions updated for context MicroBlaze #0
16:47:35 INFO  : Memory regions updated for context MicroBlaze Debug Module at USER2
16:47:35 INFO  : Context for processor 'microblaze_0' is selected.
16:47:35 INFO  : 'con' command is executed.
16:47:35 INFO  : ----------------XSDB Script (After Launch)----------------
targets -set -nocase -filter {name =~ "microblaze*#0" && bscan=="USER2"  && jtag_cable_name =~ "Digilent Nexys A7 -100T 210292B62099A"} -index 0
con
----------------End of Script----------------

16:47:35 INFO  : Launch script is exported to file 'C:\Users\zande\Documents\VSCODE\SchoolStuff\ece153a\Labs\HardwareSetup\Lab3a\Lab3a.sdk\.sdk\launch_scripts\xilinx_c-c++_application_(system_debugger)\system_debugger_using_debug_lab3a.elf_on_local.tcl'
16:48:13 INFO  : Disconnected from the channel tcfchan#1.
16:48:14 INFO  : 'targets -set -filter {jtag_cable_name =~ "Digilent Nexys A7 -100T 210292B62099A" && level==0} -index 0' command is executed.
16:48:14 INFO  : 'fpga -state' command is executed.
16:48:14 INFO  : Connected to target on host '127.0.0.1' and port '3121'.
16:48:14 INFO  : Jtag cable 'Digilent Nexys A7 -100T 210292B62099A' is selected.
16:48:14 INFO  : 'jtag frequency' command is executed.
16:48:14 INFO  : 'configparams mdm-detect-bscan-mask 2' command is executed.
16:48:14 INFO  : Context for processor 'microblaze_0' is selected.
16:48:14 INFO  : System reset is completed.
16:48:17 INFO  : 'after 3000' command is executed.
16:48:17 INFO  : Context for processor 'microblaze_0' is selected.
16:48:17 INFO  : The application 'C:/Users/zande/Documents/VSCODE/SchoolStuff/ece153a/Labs/HardwareSetup/Lab3a/Lab3a.sdk/lab3a/Debug/lab3a.elf' is downloaded to processor 'microblaze_0'.
16:48:17 INFO  : ----------------XSDB Script----------------
connect -url tcp:127.0.0.1:3121
configparams mdm-detect-bscan-mask 2
targets -set -nocase -filter {name =~ "microblaze*#0" && bscan=="USER2"  && jtag_cable_name =~ "Digilent Nexys A7 -100T 210292B62099A"} -index 0
rst -system
after 3000
targets -set -nocase -filter {name =~ "microblaze*#0" && bscan=="USER2"  && jtag_cable_name =~ "Digilent Nexys A7 -100T 210292B62099A"} -index 0
dow C:/Users/zande/Documents/VSCODE/SchoolStuff/ece153a/Labs/HardwareSetup/Lab3a/Lab3a.sdk/lab3a/Debug/lab3a.elf
----------------End of Script----------------

16:48:17 INFO  : Memory regions updated for context MicroBlaze #0
16:48:17 INFO  : Memory regions updated for context MicroBlaze Debug Module at USER2
16:48:17 INFO  : Context for processor 'microblaze_0' is selected.
16:48:17 INFO  : 'con' command is executed.
16:48:17 INFO  : ----------------XSDB Script (After Launch)----------------
targets -set -nocase -filter {name =~ "microblaze*#0" && bscan=="USER2"  && jtag_cable_name =~ "Digilent Nexys A7 -100T 210292B62099A"} -index 0
con
----------------End of Script----------------

16:48:17 INFO  : Launch script is exported to file 'C:\Users\zande\Documents\VSCODE\SchoolStuff\ece153a\Labs\HardwareSetup\Lab3a\Lab3a.sdk\.sdk\launch_scripts\xilinx_c-c++_application_(system_debugger)\system_debugger_using_debug_lab3a.elf_on_local.tcl'
16:49:42 INFO  : Disconnected from the channel tcfchan#2.
16:49:43 INFO  : 'targets -set -filter {jtag_cable_name =~ "Digilent Nexys A7 -100T 210292B62099A" && level==0} -index 0' command is executed.
16:49:43 INFO  : 'fpga -state' command is executed.
16:49:43 INFO  : Connected to target on host '127.0.0.1' and port '3121'.
16:49:43 INFO  : Jtag cable 'Digilent Nexys A7 -100T 210292B62099A' is selected.
16:49:43 INFO  : 'jtag frequency' command is executed.
16:49:43 INFO  : 'configparams mdm-detect-bscan-mask 2' command is executed.
16:49:43 INFO  : Context for processor 'microblaze_0' is selected.
16:49:43 INFO  : System reset is completed.
16:49:46 INFO  : 'after 3000' command is executed.
16:49:46 INFO  : Context for processor 'microblaze_0' is selected.
16:49:46 INFO  : The application 'C:/Users/zande/Documents/VSCODE/SchoolStuff/ece153a/Labs/HardwareSetup/Lab3a/Lab3a.sdk/lab3a/Debug/lab3a.elf' is downloaded to processor 'microblaze_0'.
16:49:46 INFO  : ----------------XSDB Script----------------
connect -url tcp:127.0.0.1:3121
configparams mdm-detect-bscan-mask 2
targets -set -nocase -filter {name =~ "microblaze*#0" && bscan=="USER2"  && jtag_cable_name =~ "Digilent Nexys A7 -100T 210292B62099A"} -index 0
rst -system
after 3000
targets -set -nocase -filter {name =~ "microblaze*#0" && bscan=="USER2"  && jtag_cable_name =~ "Digilent Nexys A7 -100T 210292B62099A"} -index 0
dow C:/Users/zande/Documents/VSCODE/SchoolStuff/ece153a/Labs/HardwareSetup/Lab3a/Lab3a.sdk/lab3a/Debug/lab3a.elf
----------------End of Script----------------

16:49:46 INFO  : Memory regions updated for context MicroBlaze #0
16:49:46 INFO  : Memory regions updated for context MicroBlaze Debug Module at USER2
16:49:46 INFO  : Context for processor 'microblaze_0' is selected.
16:49:46 INFO  : 'con' command is executed.
16:49:46 INFO  : ----------------XSDB Script (After Launch)----------------
targets -set -nocase -filter {name =~ "microblaze*#0" && bscan=="USER2"  && jtag_cable_name =~ "Digilent Nexys A7 -100T 210292B62099A"} -index 0
con
----------------End of Script----------------

16:49:46 INFO  : Launch script is exported to file 'C:\Users\zande\Documents\VSCODE\SchoolStuff\ece153a\Labs\HardwareSetup\Lab3a\Lab3a.sdk\.sdk\launch_scripts\xilinx_c-c++_application_(system_debugger)\system_debugger_using_debug_lab3a.elf_on_local.tcl'
16:50:08 INFO  : Disconnected from the channel tcfchan#3.
16:50:09 INFO  : 'targets -set -filter {jtag_cable_name =~ "Digilent Nexys A7 -100T 210292B62099A" && level==0} -index 0' command is executed.
16:50:09 INFO  : 'fpga -state' command is executed.
16:50:09 INFO  : Connected to target on host '127.0.0.1' and port '3121'.
16:50:09 INFO  : Jtag cable 'Digilent Nexys A7 -100T 210292B62099A' is selected.
16:50:09 INFO  : 'jtag frequency' command is executed.
16:50:09 INFO  : 'configparams mdm-detect-bscan-mask 2' command is executed.
16:50:09 INFO  : Context for processor 'microblaze_0' is selected.
16:50:09 INFO  : System reset is completed.
16:50:12 INFO  : 'after 3000' command is executed.
16:50:13 INFO  : Context for processor 'microblaze_0' is selected.
16:50:13 INFO  : The application 'C:/Users/zande/Documents/VSCODE/SchoolStuff/ece153a/Labs/HardwareSetup/Lab3a/Lab3a.sdk/lab3a/Debug/lab3a.elf' is downloaded to processor 'microblaze_0'.
16:50:13 INFO  : ----------------XSDB Script----------------
connect -url tcp:127.0.0.1:3121
configparams mdm-detect-bscan-mask 2
targets -set -nocase -filter {name =~ "microblaze*#0" && bscan=="USER2"  && jtag_cable_name =~ "Digilent Nexys A7 -100T 210292B62099A"} -index 0
rst -system
after 3000
targets -set -nocase -filter {name =~ "microblaze*#0" && bscan=="USER2"  && jtag_cable_name =~ "Digilent Nexys A7 -100T 210292B62099A"} -index 0
dow C:/Users/zande/Documents/VSCODE/SchoolStuff/ece153a/Labs/HardwareSetup/Lab3a/Lab3a.sdk/lab3a/Debug/lab3a.elf
----------------End of Script----------------

16:50:13 INFO  : Memory regions updated for context MicroBlaze #0
16:50:13 INFO  : Memory regions updated for context MicroBlaze Debug Module at USER2
16:50:13 INFO  : Context for processor 'microblaze_0' is selected.
16:50:13 INFO  : 'con' command is executed.
16:50:13 INFO  : ----------------XSDB Script (After Launch)----------------
targets -set -nocase -filter {name =~ "microblaze*#0" && bscan=="USER2"  && jtag_cable_name =~ "Digilent Nexys A7 -100T 210292B62099A"} -index 0
con
----------------End of Script----------------

16:50:13 INFO  : Launch script is exported to file 'C:\Users\zande\Documents\VSCODE\SchoolStuff\ece153a\Labs\HardwareSetup\Lab3a\Lab3a.sdk\.sdk\launch_scripts\xilinx_c-c++_application_(system_debugger)\system_debugger_using_debug_lab3a.elf_on_local.tcl'
16:51:50 INFO  : Connected to target on host '127.0.0.1' and port '3121'.
16:51:50 INFO  : 'targets -set -filter {jtag_cable_name =~ "Digilent Nexys A7 -100T 210292B62099A" && level==0} -index 0' command is executed.
16:51:52 INFO  : FPGA configured successfully with bitstream "C:/Users/zande/Documents/VSCODE/SchoolStuff/ece153a/Labs/HardwareSetup/Lab3a/Lab3a.sdk/system_wrapper_hw_platform_0/download.bit"
17:45:32 INFO  : Connected to target on host '127.0.0.1' and port '3121'.
17:45:32 INFO  : 'targets -set -filter {jtag_cable_name =~ "Digilent Nexys A7 -100T 210292B62099A" && level==0} -index 0' command is executed.
17:45:34 INFO  : FPGA configured successfully with bitstream "C:/Users/zande/Documents/VSCODE/SchoolStuff/ece153a/Labs/HardwareSetup/Lab3a/Lab3a.sdk/system_wrapper_hw_platform_0/download.bit"
17:45:49 INFO  : Disconnected from the channel tcfchan#4.
17:45:50 INFO  : 'targets -set -filter {jtag_cable_name =~ "Digilent Nexys A7 -100T 210292B62099A" && level==0} -index 0' command is executed.
17:45:50 INFO  : 'fpga -state' command is executed.
17:45:50 INFO  : Connected to target on host '127.0.0.1' and port '3121'.
17:45:50 INFO  : Jtag cable 'Digilent Nexys A7 -100T 210292B62099A' is selected.
17:45:50 INFO  : 'jtag frequency' command is executed.
17:45:50 INFO  : 'configparams mdm-detect-bscan-mask 2' command is executed.
17:45:50 INFO  : Context for processor 'microblaze_0' is selected.
17:45:50 INFO  : System reset is completed.
17:45:53 INFO  : 'after 3000' command is executed.
17:45:53 INFO  : Context for processor 'microblaze_0' is selected.
17:45:53 INFO  : The application 'C:/Users/zande/Documents/VSCODE/SchoolStuff/ece153a/Labs/HardwareSetup/Lab3a/Lab3a.sdk/lab3a/Debug/lab3a.elf' is downloaded to processor 'microblaze_0'.
17:45:53 INFO  : ----------------XSDB Script----------------
connect -url tcp:127.0.0.1:3121
configparams mdm-detect-bscan-mask 2
targets -set -nocase -filter {name =~ "microblaze*#0" && bscan=="USER2"  && jtag_cable_name =~ "Digilent Nexys A7 -100T 210292B62099A"} -index 0
rst -system
after 3000
targets -set -nocase -filter {name =~ "microblaze*#0" && bscan=="USER2"  && jtag_cable_name =~ "Digilent Nexys A7 -100T 210292B62099A"} -index 0
dow C:/Users/zande/Documents/VSCODE/SchoolStuff/ece153a/Labs/HardwareSetup/Lab3a/Lab3a.sdk/lab3a/Debug/lab3a.elf
----------------End of Script----------------

17:45:53 INFO  : Memory regions updated for context MicroBlaze #0
17:45:53 INFO  : Memory regions updated for context MicroBlaze Debug Module at USER2
17:45:54 INFO  : Context for processor 'microblaze_0' is selected.
17:45:54 INFO  : 'con' command is executed.
17:45:54 INFO  : ----------------XSDB Script (After Launch)----------------
targets -set -nocase -filter {name =~ "microblaze*#0" && bscan=="USER2"  && jtag_cable_name =~ "Digilent Nexys A7 -100T 210292B62099A"} -index 0
con
----------------End of Script----------------

17:45:54 INFO  : Launch script is exported to file 'C:\Users\zande\Documents\VSCODE\SchoolStuff\ece153a\Labs\HardwareSetup\Lab3a\Lab3a.sdk\.sdk\launch_scripts\xilinx_c-c++_application_(system_debugger)\system_debugger_using_debug_lab3a.elf_on_local.tcl'
17:50:06 INFO  : Disconnected from the channel tcfchan#5.
17:50:07 INFO  : 'targets -set -filter {jtag_cable_name =~ "Digilent Nexys A7 -100T 210292B62099A" && level==0} -index 0' command is executed.
17:50:07 INFO  : 'fpga -state' command is executed.
17:50:07 INFO  : Connected to target on host '127.0.0.1' and port '3121'.
17:50:07 INFO  : Jtag cable 'Digilent Nexys A7 -100T 210292B62099A' is selected.
17:50:07 INFO  : 'jtag frequency' command is executed.
17:50:07 INFO  : 'configparams mdm-detect-bscan-mask 2' command is executed.
17:50:08 INFO  : Context for processor 'microblaze_0' is selected.
17:50:08 INFO  : System reset is completed.
17:50:11 INFO  : 'after 3000' command is executed.
17:50:11 INFO  : Context for processor 'microblaze_0' is selected.
17:50:11 INFO  : The application 'C:/Users/zande/Documents/VSCODE/SchoolStuff/ece153a/Labs/HardwareSetup/Lab3a/Lab3a.sdk/lab3a/Debug/lab3a.elf' is downloaded to processor 'microblaze_0'.
17:50:11 INFO  : ----------------XSDB Script----------------
connect -url tcp:127.0.0.1:3121
configparams mdm-detect-bscan-mask 2
targets -set -nocase -filter {name =~ "microblaze*#0" && bscan=="USER2"  && jtag_cable_name =~ "Digilent Nexys A7 -100T 210292B62099A"} -index 0
rst -system
after 3000
targets -set -nocase -filter {name =~ "microblaze*#0" && bscan=="USER2"  && jtag_cable_name =~ "Digilent Nexys A7 -100T 210292B62099A"} -index 0
dow C:/Users/zande/Documents/VSCODE/SchoolStuff/ece153a/Labs/HardwareSetup/Lab3a/Lab3a.sdk/lab3a/Debug/lab3a.elf
----------------End of Script----------------

17:50:11 INFO  : Memory regions updated for context MicroBlaze #0
17:50:11 INFO  : Memory regions updated for context MicroBlaze Debug Module at USER2
17:50:11 INFO  : Context for processor 'microblaze_0' is selected.
17:50:11 INFO  : 'con' command is executed.
17:50:11 INFO  : ----------------XSDB Script (After Launch)----------------
targets -set -nocase -filter {name =~ "microblaze*#0" && bscan=="USER2"  && jtag_cable_name =~ "Digilent Nexys A7 -100T 210292B62099A"} -index 0
con
----------------End of Script----------------

17:50:11 INFO  : Launch script is exported to file 'C:\Users\zande\Documents\VSCODE\SchoolStuff\ece153a\Labs\HardwareSetup\Lab3a\Lab3a.sdk\.sdk\launch_scripts\xilinx_c-c++_application_(system_debugger)\system_debugger_using_debug_lab3a.elf_on_local.tcl'
17:54:38 INFO  : Disconnected from the channel tcfchan#6.
17:54:39 INFO  : 'targets -set -filter {jtag_cable_name =~ "Digilent Nexys A7 -100T 210292B62099A" && level==0} -index 0' command is executed.
17:54:39 INFO  : 'fpga -state' command is executed.
17:54:39 INFO  : Connected to target on host '127.0.0.1' and port '3121'.
17:54:39 INFO  : Jtag cable 'Digilent Nexys A7 -100T 210292B62099A' is selected.
17:54:39 INFO  : 'jtag frequency' command is executed.
17:54:39 INFO  : 'configparams mdm-detect-bscan-mask 2' command is executed.
17:54:39 INFO  : Context for processor 'microblaze_0' is selected.
17:54:39 INFO  : System reset is completed.
17:54:42 INFO  : 'after 3000' command is executed.
17:54:42 INFO  : Context for processor 'microblaze_0' is selected.
17:54:43 INFO  : The application 'C:/Users/zande/Documents/VSCODE/SchoolStuff/ece153a/Labs/HardwareSetup/Lab3a/Lab3a.sdk/lab3a/Debug/lab3a.elf' is downloaded to processor 'microblaze_0'.
17:54:43 INFO  : ----------------XSDB Script----------------
connect -url tcp:127.0.0.1:3121
configparams mdm-detect-bscan-mask 2
targets -set -nocase -filter {name =~ "microblaze*#0" && bscan=="USER2"  && jtag_cable_name =~ "Digilent Nexys A7 -100T 210292B62099A"} -index 0
rst -system
after 3000
targets -set -nocase -filter {name =~ "microblaze*#0" && bscan=="USER2"  && jtag_cable_name =~ "Digilent Nexys A7 -100T 210292B62099A"} -index 0
dow C:/Users/zande/Documents/VSCODE/SchoolStuff/ece153a/Labs/HardwareSetup/Lab3a/Lab3a.sdk/lab3a/Debug/lab3a.elf
----------------End of Script----------------

17:54:43 INFO  : Memory regions updated for context MicroBlaze #0
17:54:43 INFO  : Memory regions updated for context MicroBlaze Debug Module at USER2
17:54:43 INFO  : Context for processor 'microblaze_0' is selected.
17:54:43 INFO  : 'con' command is executed.
17:54:43 INFO  : ----------------XSDB Script (After Launch)----------------
targets -set -nocase -filter {name =~ "microblaze*#0" && bscan=="USER2"  && jtag_cable_name =~ "Digilent Nexys A7 -100T 210292B62099A"} -index 0
con
----------------End of Script----------------

17:54:43 INFO  : Launch script is exported to file 'C:\Users\zande\Documents\VSCODE\SchoolStuff\ece153a\Labs\HardwareSetup\Lab3a\Lab3a.sdk\.sdk\launch_scripts\xilinx_c-c++_application_(system_debugger)\system_debugger_using_debug_lab3a.elf_on_local.tcl'
18:11:57 INFO  : Disconnected from the channel tcfchan#7.
18:11:58 INFO  : 'targets -set -filter {jtag_cable_name =~ "Digilent Nexys A7 -100T 210292B62099A" && level==0} -index 0' command is executed.
18:11:58 INFO  : 'fpga -state' command is executed.
18:11:58 INFO  : Connected to target on host '127.0.0.1' and port '3121'.
18:11:58 INFO  : Jtag cable 'Digilent Nexys A7 -100T 210292B62099A' is selected.
18:11:58 INFO  : 'jtag frequency' command is executed.
18:11:58 INFO  : 'configparams mdm-detect-bscan-mask 2' command is executed.
18:11:58 INFO  : Context for processor 'microblaze_0' is selected.
18:11:58 INFO  : System reset is completed.
18:12:01 INFO  : 'after 3000' command is executed.
18:12:01 INFO  : Context for processor 'microblaze_0' is selected.
18:12:01 INFO  : The application 'C:/Users/zande/Documents/VSCODE/SchoolStuff/ece153a/Labs/HardwareSetup/Lab3a/Lab3a.sdk/lab3a/Debug/lab3a.elf' is downloaded to processor 'microblaze_0'.
18:12:01 INFO  : ----------------XSDB Script----------------
connect -url tcp:127.0.0.1:3121
configparams mdm-detect-bscan-mask 2
targets -set -nocase -filter {name =~ "microblaze*#0" && bscan=="USER2"  && jtag_cable_name =~ "Digilent Nexys A7 -100T 210292B62099A"} -index 0
rst -system
after 3000
targets -set -nocase -filter {name =~ "microblaze*#0" && bscan=="USER2"  && jtag_cable_name =~ "Digilent Nexys A7 -100T 210292B62099A"} -index 0
dow C:/Users/zande/Documents/VSCODE/SchoolStuff/ece153a/Labs/HardwareSetup/Lab3a/Lab3a.sdk/lab3a/Debug/lab3a.elf
----------------End of Script----------------

18:12:01 INFO  : Memory regions updated for context MicroBlaze #0
18:12:01 INFO  : Memory regions updated for context MicroBlaze Debug Module at USER2
18:12:02 INFO  : Context for processor 'microblaze_0' is selected.
18:12:02 INFO  : 'con' command is executed.
18:12:02 INFO  : ----------------XSDB Script (After Launch)----------------
targets -set -nocase -filter {name =~ "microblaze*#0" && bscan=="USER2"  && jtag_cable_name =~ "Digilent Nexys A7 -100T 210292B62099A"} -index 0
con
----------------End of Script----------------

18:12:02 INFO  : Launch script is exported to file 'C:\Users\zande\Documents\VSCODE\SchoolStuff\ece153a\Labs\HardwareSetup\Lab3a\Lab3a.sdk\.sdk\launch_scripts\xilinx_c-c++_application_(system_debugger)\system_debugger_using_debug_lab3a.elf_on_local.tcl'
18:14:09 INFO  : Disconnected from the channel tcfchan#8.
18:14:10 INFO  : 'targets -set -filter {jtag_cable_name =~ "Digilent Nexys A7 -100T 210292B62099A" && level==0} -index 0' command is executed.
18:14:10 INFO  : 'fpga -state' command is executed.
18:14:10 INFO  : Connected to target on host '127.0.0.1' and port '3121'.
18:14:10 INFO  : Jtag cable 'Digilent Nexys A7 -100T 210292B62099A' is selected.
18:14:10 INFO  : 'jtag frequency' command is executed.
18:14:10 INFO  : 'configparams mdm-detect-bscan-mask 2' command is executed.
18:14:10 INFO  : Context for processor 'microblaze_0' is selected.
18:14:10 INFO  : System reset is completed.
18:14:13 INFO  : 'after 3000' command is executed.
18:14:13 INFO  : Context for processor 'microblaze_0' is selected.
18:14:13 INFO  : The application 'C:/Users/zande/Documents/VSCODE/SchoolStuff/ece153a/Labs/HardwareSetup/Lab3a/Lab3a.sdk/lab3a/Debug/lab3a.elf' is downloaded to processor 'microblaze_0'.
18:14:13 INFO  : ----------------XSDB Script----------------
connect -url tcp:127.0.0.1:3121
configparams mdm-detect-bscan-mask 2
targets -set -nocase -filter {name =~ "microblaze*#0" && bscan=="USER2"  && jtag_cable_name =~ "Digilent Nexys A7 -100T 210292B62099A"} -index 0
rst -system
after 3000
targets -set -nocase -filter {name =~ "microblaze*#0" && bscan=="USER2"  && jtag_cable_name =~ "Digilent Nexys A7 -100T 210292B62099A"} -index 0
dow C:/Users/zande/Documents/VSCODE/SchoolStuff/ece153a/Labs/HardwareSetup/Lab3a/Lab3a.sdk/lab3a/Debug/lab3a.elf
----------------End of Script----------------

18:14:13 INFO  : Memory regions updated for context MicroBlaze #0
18:14:13 INFO  : Memory regions updated for context MicroBlaze Debug Module at USER2
18:14:13 INFO  : Context for processor 'microblaze_0' is selected.
18:14:13 INFO  : 'con' command is executed.
18:14:13 INFO  : ----------------XSDB Script (After Launch)----------------
targets -set -nocase -filter {name =~ "microblaze*#0" && bscan=="USER2"  && jtag_cable_name =~ "Digilent Nexys A7 -100T 210292B62099A"} -index 0
con
----------------End of Script----------------

18:14:13 INFO  : Launch script is exported to file 'C:\Users\zande\Documents\VSCODE\SchoolStuff\ece153a\Labs\HardwareSetup\Lab3a\Lab3a.sdk\.sdk\launch_scripts\xilinx_c-c++_application_(system_debugger)\system_debugger_using_debug_lab3a.elf_on_local.tcl'
18:20:55 INFO  : Disconnected from the channel tcfchan#9.
18:20:56 INFO  : 'targets -set -filter {jtag_cable_name =~ "Digilent Nexys A7 -100T 210292B62099A" && level==0} -index 0' command is executed.
18:20:56 INFO  : 'fpga -state' command is executed.
18:20:56 INFO  : Connected to target on host '127.0.0.1' and port '3121'.
18:20:56 INFO  : Jtag cable 'Digilent Nexys A7 -100T 210292B62099A' is selected.
18:20:56 INFO  : 'jtag frequency' command is executed.
18:20:56 INFO  : 'configparams mdm-detect-bscan-mask 2' command is executed.
18:20:56 INFO  : Context for processor 'microblaze_0' is selected.
18:20:56 INFO  : System reset is completed.
18:20:59 INFO  : 'after 3000' command is executed.
18:20:59 INFO  : Context for processor 'microblaze_0' is selected.
18:20:59 INFO  : The application 'C:/Users/zande/Documents/VSCODE/SchoolStuff/ece153a/Labs/HardwareSetup/Lab3a/Lab3a.sdk/lab3a/Debug/lab3a.elf' is downloaded to processor 'microblaze_0'.
18:20:59 INFO  : ----------------XSDB Script----------------
connect -url tcp:127.0.0.1:3121
configparams mdm-detect-bscan-mask 2
targets -set -nocase -filter {name =~ "microblaze*#0" && bscan=="USER2"  && jtag_cable_name =~ "Digilent Nexys A7 -100T 210292B62099A"} -index 0
rst -system
after 3000
targets -set -nocase -filter {name =~ "microblaze*#0" && bscan=="USER2"  && jtag_cable_name =~ "Digilent Nexys A7 -100T 210292B62099A"} -index 0
dow C:/Users/zande/Documents/VSCODE/SchoolStuff/ece153a/Labs/HardwareSetup/Lab3a/Lab3a.sdk/lab3a/Debug/lab3a.elf
----------------End of Script----------------

18:20:59 INFO  : Memory regions updated for context MicroBlaze #0
18:20:59 INFO  : Memory regions updated for context MicroBlaze Debug Module at USER2
18:20:59 INFO  : Context for processor 'microblaze_0' is selected.
18:20:59 INFO  : 'con' command is executed.
18:20:59 INFO  : ----------------XSDB Script (After Launch)----------------
targets -set -nocase -filter {name =~ "microblaze*#0" && bscan=="USER2"  && jtag_cable_name =~ "Digilent Nexys A7 -100T 210292B62099A"} -index 0
con
----------------End of Script----------------

18:20:59 INFO  : Launch script is exported to file 'C:\Users\zande\Documents\VSCODE\SchoolStuff\ece153a\Labs\HardwareSetup\Lab3a\Lab3a.sdk\.sdk\launch_scripts\xilinx_c-c++_application_(system_debugger)\system_debugger_using_debug_lab3a.elf_on_local.tcl'
18:22:46 INFO  : Disconnected from the channel tcfchan#10.
18:22:47 INFO  : 'targets -set -filter {jtag_cable_name =~ "Digilent Nexys A7 -100T 210292B62099A" && level==0} -index 0' command is executed.
18:22:47 INFO  : 'fpga -state' command is executed.
18:22:47 INFO  : Connected to target on host '127.0.0.1' and port '3121'.
18:22:47 INFO  : Jtag cable 'Digilent Nexys A7 -100T 210292B62099A' is selected.
18:22:47 INFO  : 'jtag frequency' command is executed.
18:22:47 INFO  : 'configparams mdm-detect-bscan-mask 2' command is executed.
18:22:47 INFO  : Context for processor 'microblaze_0' is selected.
18:22:47 INFO  : System reset is completed.
18:22:50 INFO  : 'after 3000' command is executed.
18:22:50 INFO  : Context for processor 'microblaze_0' is selected.
18:22:50 INFO  : The application 'C:/Users/zande/Documents/VSCODE/SchoolStuff/ece153a/Labs/HardwareSetup/Lab3a/Lab3a.sdk/lab3a/Debug/lab3a.elf' is downloaded to processor 'microblaze_0'.
18:22:50 INFO  : ----------------XSDB Script----------------
connect -url tcp:127.0.0.1:3121
configparams mdm-detect-bscan-mask 2
targets -set -nocase -filter {name =~ "microblaze*#0" && bscan=="USER2"  && jtag_cable_name =~ "Digilent Nexys A7 -100T 210292B62099A"} -index 0
rst -system
after 3000
targets -set -nocase -filter {name =~ "microblaze*#0" && bscan=="USER2"  && jtag_cable_name =~ "Digilent Nexys A7 -100T 210292B62099A"} -index 0
dow C:/Users/zande/Documents/VSCODE/SchoolStuff/ece153a/Labs/HardwareSetup/Lab3a/Lab3a.sdk/lab3a/Debug/lab3a.elf
----------------End of Script----------------

18:22:50 INFO  : Memory regions updated for context MicroBlaze #0
18:22:50 INFO  : Memory regions updated for context MicroBlaze Debug Module at USER2
18:22:50 INFO  : Context for processor 'microblaze_0' is selected.
18:22:50 INFO  : 'con' command is executed.
18:22:50 INFO  : ----------------XSDB Script (After Launch)----------------
targets -set -nocase -filter {name =~ "microblaze*#0" && bscan=="USER2"  && jtag_cable_name =~ "Digilent Nexys A7 -100T 210292B62099A"} -index 0
con
----------------End of Script----------------

18:22:50 INFO  : Launch script is exported to file 'C:\Users\zande\Documents\VSCODE\SchoolStuff\ece153a\Labs\HardwareSetup\Lab3a\Lab3a.sdk\.sdk\launch_scripts\xilinx_c-c++_application_(system_debugger)\system_debugger_using_debug_lab3a.elf_on_local.tcl'
18:44:37 INFO  : Disconnected from the channel tcfchan#11.
18:44:38 INFO  : 'targets -set -filter {jtag_cable_name =~ "Digilent Nexys A7 -100T 210292B62099A" && level==0} -index 0' command is executed.
18:44:38 INFO  : 'fpga -state' command is executed.
18:44:38 INFO  : Connected to target on host '127.0.0.1' and port '3121'.
18:44:38 INFO  : Jtag cable 'Digilent Nexys A7 -100T 210292B62099A' is selected.
18:44:38 INFO  : 'jtag frequency' command is executed.
18:44:38 INFO  : 'configparams mdm-detect-bscan-mask 2' command is executed.
18:44:38 INFO  : Context for processor 'microblaze_0' is selected.
18:44:38 INFO  : System reset is completed.
18:44:41 INFO  : 'after 3000' command is executed.
18:44:41 INFO  : Context for processor 'microblaze_0' is selected.
18:44:41 INFO  : The application 'C:/Users/zande/Documents/VSCODE/SchoolStuff/ece153a/Labs/HardwareSetup/Lab3a/Lab3a.sdk/lab3a/Debug/lab3a.elf' is downloaded to processor 'microblaze_0'.
18:44:41 INFO  : ----------------XSDB Script----------------
connect -url tcp:127.0.0.1:3121
configparams mdm-detect-bscan-mask 2
targets -set -nocase -filter {name =~ "microblaze*#0" && bscan=="USER2"  && jtag_cable_name =~ "Digilent Nexys A7 -100T 210292B62099A"} -index 0
rst -system
after 3000
targets -set -nocase -filter {name =~ "microblaze*#0" && bscan=="USER2"  && jtag_cable_name =~ "Digilent Nexys A7 -100T 210292B62099A"} -index 0
dow C:/Users/zande/Documents/VSCODE/SchoolStuff/ece153a/Labs/HardwareSetup/Lab3a/Lab3a.sdk/lab3a/Debug/lab3a.elf
----------------End of Script----------------

18:44:42 INFO  : Memory regions updated for context MicroBlaze #0
18:44:42 INFO  : Memory regions updated for context MicroBlaze Debug Module at USER2
18:44:42 INFO  : Context for processor 'microblaze_0' is selected.
18:44:42 INFO  : 'con' command is executed.
18:44:42 INFO  : ----------------XSDB Script (After Launch)----------------
targets -set -nocase -filter {name =~ "microblaze*#0" && bscan=="USER2"  && jtag_cable_name =~ "Digilent Nexys A7 -100T 210292B62099A"} -index 0
con
----------------End of Script----------------

18:44:42 INFO  : Launch script is exported to file 'C:\Users\zande\Documents\VSCODE\SchoolStuff\ece153a\Labs\HardwareSetup\Lab3a\Lab3a.sdk\.sdk\launch_scripts\xilinx_c-c++_application_(system_debugger)\system_debugger_using_debug_lab3a.elf_on_local.tcl'
19:09:04 INFO  : Registering command handlers for SDK TCF services
19:09:05 INFO  : Launching XSCT server: xsct.bat -interactive C:\Users\zande\Documents\VSCODE\SchoolStuff\ece153a\Labs\HardwareSetup\Lab3a\Lab3a.sdk\temp_xsdb_launch_script.tcl
19:09:08 INFO  : XSCT server has started successfully.
19:09:08 INFO  : Successfully done setting XSCT server connection channel  
19:09:10 INFO  : Successfully done setting SDK workspace  
19:09:10 INFO  : Processing command line option -hwspec C:/Users/zande/Documents/VSCODE/SchoolStuff/ece153a/Labs/HardwareSetup/Lab3a/Lab3a.sdk/system_wrapper.hdf.
19:09:13 INFO  : Checking for hwspec changes in the project system_wrapper_hw_platform_0.
19:09:27 INFO  : Connected to target on host '127.0.0.1' and port '3121'.
19:09:27 INFO  : 'targets -set -filter {jtag_cable_name =~ "Digilent Nexys A7 -100T 210292B62099A" && level==0} -index 0' command is executed.
19:09:29 INFO  : FPGA configured successfully with bitstream "C:/Users/zande/Documents/VSCODE/SchoolStuff/ece153a/Labs/HardwareSetup/Lab3a/Lab3a.sdk/system_wrapper_hw_platform_0/download.bit"
19:09:39 INFO  : 'targets -set -filter {jtag_cable_name =~ "Digilent Nexys A7 -100T 210292B62099A" && level==0} -index 0' command is executed.
19:09:39 INFO  : 'fpga -state' command is executed.
19:09:39 INFO  : Connected to target on host '127.0.0.1' and port '3121'.
19:09:40 INFO  : Jtag cable 'Digilent Nexys A7 -100T 210292B62099A' is selected.
19:09:40 INFO  : 'jtag frequency' command is executed.
19:09:40 INFO  : 'configparams mdm-detect-bscan-mask 2' command is executed.
19:09:40 INFO  : Context for processor 'microblaze_0' is selected.
19:09:40 INFO  : System reset is completed.
19:09:43 INFO  : 'after 3000' command is executed.
19:09:43 INFO  : Context for processor 'microblaze_0' is selected.
19:09:43 INFO  : The application 'C:/Users/zande/Documents/VSCODE/SchoolStuff/ece153a/Labs/HardwareSetup/Lab3a/Lab3a.sdk/lab3a/Debug/lab3a.elf' is downloaded to processor 'microblaze_0'.
19:09:43 INFO  : ----------------XSDB Script----------------
connect -url tcp:127.0.0.1:3121
configparams mdm-detect-bscan-mask 2
targets -set -nocase -filter {name =~ "microblaze*#0" && bscan=="USER2"  && jtag_cable_name =~ "Digilent Nexys A7 -100T 210292B62099A"} -index 0
rst -system
after 3000
targets -set -nocase -filter {name =~ "microblaze*#0" && bscan=="USER2"  && jtag_cable_name =~ "Digilent Nexys A7 -100T 210292B62099A"} -index 0
dow C:/Users/zande/Documents/VSCODE/SchoolStuff/ece153a/Labs/HardwareSetup/Lab3a/Lab3a.sdk/lab3a/Debug/lab3a.elf
----------------End of Script----------------

19:09:43 INFO  : Memory regions updated for context MicroBlaze #0
19:09:43 INFO  : Memory regions updated for context MicroBlaze Debug Module at USER2
19:09:43 INFO  : Context for processor 'microblaze_0' is selected.
19:09:43 INFO  : 'con' command is executed.
19:09:43 INFO  : ----------------XSDB Script (After Launch)----------------
targets -set -nocase -filter {name =~ "microblaze*#0" && bscan=="USER2"  && jtag_cable_name =~ "Digilent Nexys A7 -100T 210292B62099A"} -index 0
con
----------------End of Script----------------

19:09:43 INFO  : Launch script is exported to file 'C:\Users\zande\Documents\VSCODE\SchoolStuff\ece153a\Labs\HardwareSetup\Lab3a\Lab3a.sdk\.sdk\launch_scripts\xilinx_c-c++_application_(system_debugger)\system_debugger_using_debug_lab3a.elf_on_local.tcl'
19:10:46 INFO  : Disconnected from the channel tcfchan#1.
13:59:58 INFO  : Registering command handlers for SDK TCF services
13:59:58 INFO  : Launching XSCT server: xsct.bat -interactive C:\Users\zande\Documents\VSCODE\SchoolStuff\ece153a\Labs\HardwareSetup\Lab3a\Lab3a.sdk\temp_xsdb_launch_script.tcl
14:00:00 INFO  : XSCT server has started successfully.
14:00:00 INFO  : Successfully done setting XSCT server connection channel  
14:00:00 INFO  : Successfully done setting SDK workspace  
14:00:00 INFO  : Processing command line option -hwspec C:/Users/zande/Documents/VSCODE/SchoolStuff/ece153a/Labs/HardwareSetup/Lab3a/Lab3a.sdk/system_wrapper.hdf.
14:00:00 INFO  : Checking for hwspec changes in the project system_wrapper_hw_platform_0.
