
*** Running vivado
    with args -log system_wrapper.vdi -applog -m64 -product Vivado -messageDb vivado.pb -mode batch -source system_wrapper.tcl -notrace


****** Vivado v2019.1 (64-bit)
  **** SW Build 2552052 on Fri May 24 14:49:42 MDT 2019
  **** IP Build 2548770 on Fri May 24 18:01:18 MDT 2019
    ** Copyright 1986-2019 Xilinx, Inc. All Rights Reserved.

source system_wrapper.tcl -notrace
INFO: [IP_Flow 19-234] Refreshing IP repositories
INFO: [IP_Flow 19-1700] Loaded user IP repository 'c:/Users/zande/Documents/VSCODE/SchoolStuff/ece153a/Labs/lab_files_2022/vivado/seven/ip_repo'.
INFO: [IP_Flow 19-2313] Loaded Vivado IP repository 'C:/Xilinx/Vivado/2019.1/data/ip'.
WARNING: [IP_Flow 19-4995] The host OS only allows 260 characters in a normal path. The IP cache path is more than 80 characters. If you experience issues with IP caching, please consider changing the IP cache to a location with a shorter path. Alternately consider using the OS subst command to map part of the path to a drive letter. 
Current IP cache path is C:/Users/zande/Documents/VSCODE/SchoolStuff/ece153a/Labs/HardwareSetup/lab2b/lab2b.cache/ip 
Command: link_design -top system_wrapper -part xc7a100tcsg324-1
Design is defaulting to srcset: sources_1
Design is defaulting to constrset: constrs_1
INFO: [Device 21-403] Loading part xc7a100tcsg324-1
INFO: [Project 1-454] Reading design checkpoint 'c:/Users/zande/Documents/VSCODE/SchoolStuff/ece153a/Labs/HardwareSetup/lab2b/lab2b.srcs/sources_1/bd/system/ip/system_axi_quad_spi_0_0/system_axi_quad_spi_0_0.dcp' for cell 'system_i/SPI'
INFO: [Project 1-454] Reading design checkpoint 'c:/Users/zande/Documents/VSCODE/SchoolStuff/ece153a/Labs/HardwareSetup/lab2b/lab2b.srcs/sources_1/bd/system/ip/system_axi_gpio_0_3/system_axi_gpio_0_3.dcp' for cell 'system_i/axi_gpio_RGB'
INFO: [Project 1-454] Reading design checkpoint 'c:/Users/zande/Documents/VSCODE/SchoolStuff/ece153a/Labs/HardwareSetup/lab2b/lab2b.srcs/sources_1/bd/system/ip/system_axi_gpio_0_1/system_axi_gpio_0_1.dcp' for cell 'system_i/axi_gpio_btn'
INFO: [Project 1-454] Reading design checkpoint 'c:/Users/zande/Documents/VSCODE/SchoolStuff/ece153a/Labs/HardwareSetup/lab2b/lab2b.srcs/sources_1/bd/system/ip/system_axi_gpio_0_5/system_axi_gpio_0_5.dcp' for cell 'system_i/axi_gpio_encoder'
INFO: [Project 1-454] Reading design checkpoint 'c:/Users/zande/Documents/VSCODE/SchoolStuff/ece153a/Labs/HardwareSetup/lab2b/lab2b.srcs/sources_1/bd/system/ip/system_axi_gpio_0_0/system_axi_gpio_0_0.dcp' for cell 'system_i/axi_gpio_led'
INFO: [Project 1-454] Reading design checkpoint 'c:/Users/zande/Documents/VSCODE/SchoolStuff/ece153a/Labs/HardwareSetup/lab2b/lab2b.srcs/sources_1/bd/system/ip/system_axi_smc_0/system_axi_smc_0.dcp' for cell 'system_i/axi_smc'
INFO: [Project 1-454] Reading design checkpoint 'c:/Users/zande/Documents/VSCODE/SchoolStuff/ece153a/Labs/HardwareSetup/lab2b/lab2b.srcs/sources_1/bd/system/ip/system_axi_timer_0_0/system_axi_timer_0_0.dcp' for cell 'system_i/axi_timer_0'
INFO: [Project 1-454] Reading design checkpoint 'c:/Users/zande/Documents/VSCODE/SchoolStuff/ece153a/Labs/HardwareSetup/lab2b/lab2b.srcs/sources_1/bd/system/ip/system_axi_timer_1_0/system_axi_timer_1_0.dcp' for cell 'system_i/axi_timer_1'
INFO: [Project 1-454] Reading design checkpoint 'c:/Users/zande/Documents/VSCODE/SchoolStuff/ece153a/Labs/HardwareSetup/lab2b/lab2b.srcs/sources_1/bd/system/ip/system_clk_wiz_0_0/system_clk_wiz_0_0.dcp' for cell 'system_i/clk_wiz_0'
INFO: [Project 1-454] Reading design checkpoint 'c:/Users/zande/Documents/VSCODE/SchoolStuff/ece153a/Labs/HardwareSetup/lab2b/lab2b.srcs/sources_1/bd/system/ip/system_mdm_1_0/system_mdm_1_0.dcp' for cell 'system_i/mdm_1'
INFO: [Project 1-454] Reading design checkpoint 'c:/Users/zande/Documents/VSCODE/SchoolStuff/ece153a/Labs/HardwareSetup/lab2b/lab2b.srcs/sources_1/bd/system/ip/system_microblaze_0_0/system_microblaze_0_0.dcp' for cell 'system_i/microblaze_0'
INFO: [Project 1-454] Reading design checkpoint 'c:/Users/zande/Documents/VSCODE/SchoolStuff/ece153a/Labs/HardwareSetup/lab2b/lab2b.srcs/sources_1/bd/system/ip/system_microblaze_0_axi_intc_0/system_microblaze_0_axi_intc_0.dcp' for cell 'system_i/microblaze_0_axi_intc'
INFO: [Project 1-454] Reading design checkpoint 'c:/Users/zande/Documents/VSCODE/SchoolStuff/ece153a/Labs/HardwareSetup/lab2b/lab2b.srcs/sources_1/bd/system/ip/system_mig_7series_0_1/system_mig_7series_0_1.dcp' for cell 'system_i/mig_7series_0'
INFO: [Project 1-454] Reading design checkpoint 'c:/Users/zande/Documents/VSCODE/SchoolStuff/ece153a/Labs/HardwareSetup/lab2b/lab2b.srcs/sources_1/bd/system/ip/system_rst_mig_7series_0_100M_0/system_rst_mig_7series_0_100M_0.dcp' for cell 'system_i/rst_mig_7series_0_100M'
INFO: [Project 1-454] Reading design checkpoint 'c:/Users/zande/Documents/VSCODE/SchoolStuff/ece153a/Labs/HardwareSetup/lab2b/lab2b.srcs/sources_1/bd/system/ip/system_sevenSeg_0_0/system_sevenSeg_0_0.dcp' for cell 'system_i/sevenSeg_0'
INFO: [Project 1-454] Reading design checkpoint 'c:/Users/zande/Documents/VSCODE/SchoolStuff/ece153a/Labs/HardwareSetup/lab2b/lab2b.srcs/sources_1/bd/system/ip/system_axi_gpio_0_6/system_axi_gpio_0_6.dcp' for cell 'system_i/spi_dc_RnM'
INFO: [Project 1-454] Reading design checkpoint 'c:/Users/zande/Documents/VSCODE/SchoolStuff/ece153a/Labs/HardwareSetup/lab2b/lab2b.srcs/sources_1/bd/system/ip/system_xbar_0/system_xbar_0.dcp' for cell 'system_i/microblaze_0_axi_periph/xbar'
INFO: [Project 1-454] Reading design checkpoint 'c:/Users/zande/Documents/VSCODE/SchoolStuff/ece153a/Labs/HardwareSetup/lab2b/lab2b.srcs/sources_1/bd/system/ip/system_dlmb_bram_if_cntlr_0/system_dlmb_bram_if_cntlr_0.dcp' for cell 'system_i/microblaze_0_local_memory/dlmb_bram_if_cntlr'
INFO: [Project 1-454] Reading design checkpoint 'c:/Users/zande/Documents/VSCODE/SchoolStuff/ece153a/Labs/HardwareSetup/lab2b/lab2b.srcs/sources_1/bd/system/ip/system_dlmb_v10_0/system_dlmb_v10_0.dcp' for cell 'system_i/microblaze_0_local_memory/dlmb_v10'
INFO: [Project 1-454] Reading design checkpoint 'c:/Users/zande/Documents/VSCODE/SchoolStuff/ece153a/Labs/HardwareSetup/lab2b/lab2b.srcs/sources_1/bd/system/ip/system_ilmb_bram_if_cntlr_0/system_ilmb_bram_if_cntlr_0.dcp' for cell 'system_i/microblaze_0_local_memory/ilmb_bram_if_cntlr'
INFO: [Project 1-454] Reading design checkpoint 'c:/Users/zande/Documents/VSCODE/SchoolStuff/ece153a/Labs/HardwareSetup/lab2b/lab2b.srcs/sources_1/bd/system/ip/system_ilmb_v10_0/system_ilmb_v10_0.dcp' for cell 'system_i/microblaze_0_local_memory/ilmb_v10'
INFO: [Project 1-454] Reading design checkpoint 'c:/Users/zande/Documents/VSCODE/SchoolStuff/ece153a/Labs/HardwareSetup/lab2b/lab2b.srcs/sources_1/bd/system/ip/system_lmb_bram_0/system_lmb_bram_0.dcp' for cell 'system_i/microblaze_0_local_memory/lmb_bram'
INFO: [Netlist 29-17] Analyzing 1242 Unisim elements for replacement
INFO: [Netlist 29-28] Unisim Transformation completed in 0 CPU seconds
INFO: [Project 1-479] Netlist was created with Vivado 2019.1
INFO: [Project 1-570] Preparing netlist for logic optimization
WARNING: [Opt 31-32] Removing redundant IBUF since it is not being driven by a top-level port. system_i/clk_wiz_0/inst/clkin1_ibufg 
Resolution: The tool has removed redundant IBUF. To resolve this warning, check for redundant IBUF in the input design.
WARNING: [Constraints 18-550] Could not create 'IBUF_LOW_PWR' constraint because net 'system_i/clk_wiz_0/clk_in1' is not directly connected to top level port. Synthesis is ignored for IBUF_LOW_PWR but preserved for implementation.
Parsing XDC File [c:/Users/zande/Documents/VSCODE/SchoolStuff/ece153a/Labs/HardwareSetup/lab2b/lab2b.srcs/sources_1/bd/system/ip/system_mig_7series_0_1/system_mig_7series_0_1/user_design/constraints/system_mig_7series_0_1.xdc] for cell 'system_i/mig_7series_0'
WARNING: [Vivado 12-4777] Setting CLOCK_DEDICATED_ROUTE constraint on the PARENT net instead of the specified net segment (net name: system_i/mig_7series_0/sys_clk_i). Placer only honors CLOCK_DEDICATED_ROUTE when set on the PARENT net, e.g. net segment directly connected to the driver. To eliminate this message, please update your constraint to specify the PARENT net instead. [c:/Users/zande/Documents/VSCODE/SchoolStuff/ece153a/Labs/HardwareSetup/lab2b/lab2b.srcs/sources_1/bd/system/ip/system_mig_7series_0_1/system_mig_7series_0_1/user_design/constraints/system_mig_7series_0_1.xdc:41]
Finished Parsing XDC File [c:/Users/zande/Documents/VSCODE/SchoolStuff/ece153a/Labs/HardwareSetup/lab2b/lab2b.srcs/sources_1/bd/system/ip/system_mig_7series_0_1/system_mig_7series_0_1/user_design/constraints/system_mig_7series_0_1.xdc] for cell 'system_i/mig_7series_0'
Parsing XDC File [c:/Users/zande/Documents/VSCODE/SchoolStuff/ece153a/Labs/HardwareSetup/lab2b/lab2b.srcs/sources_1/bd/system/ip/system_microblaze_0_0/system_microblaze_0_0.xdc] for cell 'system_i/microblaze_0/U0'
Finished Parsing XDC File [c:/Users/zande/Documents/VSCODE/SchoolStuff/ece153a/Labs/HardwareSetup/lab2b/lab2b.srcs/sources_1/bd/system/ip/system_microblaze_0_0/system_microblaze_0_0.xdc] for cell 'system_i/microblaze_0/U0'
Parsing XDC File [c:/Users/zande/Documents/VSCODE/SchoolStuff/ece153a/Labs/HardwareSetup/lab2b/lab2b.srcs/sources_1/bd/system/ip/system_dlmb_v10_0/system_dlmb_v10_0.xdc] for cell 'system_i/microblaze_0_local_memory/dlmb_v10/U0'
Finished Parsing XDC File [c:/Users/zande/Documents/VSCODE/SchoolStuff/ece153a/Labs/HardwareSetup/lab2b/lab2b.srcs/sources_1/bd/system/ip/system_dlmb_v10_0/system_dlmb_v10_0.xdc] for cell 'system_i/microblaze_0_local_memory/dlmb_v10/U0'
Parsing XDC File [c:/Users/zande/Documents/VSCODE/SchoolStuff/ece153a/Labs/HardwareSetup/lab2b/lab2b.srcs/sources_1/bd/system/ip/system_ilmb_v10_0/system_ilmb_v10_0.xdc] for cell 'system_i/microblaze_0_local_memory/ilmb_v10/U0'
Finished Parsing XDC File [c:/Users/zande/Documents/VSCODE/SchoolStuff/ece153a/Labs/HardwareSetup/lab2b/lab2b.srcs/sources_1/bd/system/ip/system_ilmb_v10_0/system_ilmb_v10_0.xdc] for cell 'system_i/microblaze_0_local_memory/ilmb_v10/U0'
Parsing XDC File [c:/Users/zande/Documents/VSCODE/SchoolStuff/ece153a/Labs/HardwareSetup/lab2b/lab2b.srcs/sources_1/bd/system/ip/system_microblaze_0_axi_intc_0/system_microblaze_0_axi_intc_0.xdc] for cell 'system_i/microblaze_0_axi_intc/U0'
Finished Parsing XDC File [c:/Users/zande/Documents/VSCODE/SchoolStuff/ece153a/Labs/HardwareSetup/lab2b/lab2b.srcs/sources_1/bd/system/ip/system_microblaze_0_axi_intc_0/system_microblaze_0_axi_intc_0.xdc] for cell 'system_i/microblaze_0_axi_intc/U0'
Parsing XDC File [c:/Users/zande/Documents/VSCODE/SchoolStuff/ece153a/Labs/HardwareSetup/lab2b/lab2b.srcs/sources_1/bd/system/ip/system_mdm_1_0/system_mdm_1_0.xdc] for cell 'system_i/mdm_1/U0'
INFO: [Timing 38-35] Done setting XDC timing constraints. [c:/Users/zande/Documents/VSCODE/SchoolStuff/ece153a/Labs/HardwareSetup/lab2b/lab2b.srcs/sources_1/bd/system/ip/system_mdm_1_0/system_mdm_1_0.xdc:50]
INFO: [Timing 38-2] Deriving generated clocks [c:/Users/zande/Documents/VSCODE/SchoolStuff/ece153a/Labs/HardwareSetup/lab2b/lab2b.srcs/sources_1/bd/system/ip/system_mdm_1_0/system_mdm_1_0.xdc:50]
get_clocks: Time (s): cpu = 00:00:07 ; elapsed = 00:00:07 . Memory (MB): peak = 1484.566 ; gain = 582.695
Finished Parsing XDC File [c:/Users/zande/Documents/VSCODE/SchoolStuff/ece153a/Labs/HardwareSetup/lab2b/lab2b.srcs/sources_1/bd/system/ip/system_mdm_1_0/system_mdm_1_0.xdc] for cell 'system_i/mdm_1/U0'
Parsing XDC File [c:/Users/zande/Documents/VSCODE/SchoolStuff/ece153a/Labs/HardwareSetup/lab2b/lab2b.srcs/sources_1/bd/system/ip/system_rst_mig_7series_0_100M_0/system_rst_mig_7series_0_100M_0_board.xdc] for cell 'system_i/rst_mig_7series_0_100M/U0'
Finished Parsing XDC File [c:/Users/zande/Documents/VSCODE/SchoolStuff/ece153a/Labs/HardwareSetup/lab2b/lab2b.srcs/sources_1/bd/system/ip/system_rst_mig_7series_0_100M_0/system_rst_mig_7series_0_100M_0_board.xdc] for cell 'system_i/rst_mig_7series_0_100M/U0'
Parsing XDC File [c:/Users/zande/Documents/VSCODE/SchoolStuff/ece153a/Labs/HardwareSetup/lab2b/lab2b.srcs/sources_1/bd/system/ip/system_rst_mig_7series_0_100M_0/system_rst_mig_7series_0_100M_0.xdc] for cell 'system_i/rst_mig_7series_0_100M/U0'
Finished Parsing XDC File [c:/Users/zande/Documents/VSCODE/SchoolStuff/ece153a/Labs/HardwareSetup/lab2b/lab2b.srcs/sources_1/bd/system/ip/system_rst_mig_7series_0_100M_0/system_rst_mig_7series_0_100M_0.xdc] for cell 'system_i/rst_mig_7series_0_100M/U0'
Parsing XDC File [c:/Users/zande/Documents/VSCODE/SchoolStuff/ece153a/Labs/HardwareSetup/lab2b/lab2b.srcs/sources_1/bd/system/ip/system_axi_smc_0/bd_0/ip/ip_1/bd_44e3_psr_aclk_0_board.xdc] for cell 'system_i/axi_smc/inst/clk_map/psr_aclk/U0'
Finished Parsing XDC File [c:/Users/zande/Documents/VSCODE/SchoolStuff/ece153a/Labs/HardwareSetup/lab2b/lab2b.srcs/sources_1/bd/system/ip/system_axi_smc_0/bd_0/ip/ip_1/bd_44e3_psr_aclk_0_board.xdc] for cell 'system_i/axi_smc/inst/clk_map/psr_aclk/U0'
Parsing XDC File [c:/Users/zande/Documents/VSCODE/SchoolStuff/ece153a/Labs/HardwareSetup/lab2b/lab2b.srcs/sources_1/bd/system/ip/system_axi_smc_0/bd_0/ip/ip_1/bd_44e3_psr_aclk_0.xdc] for cell 'system_i/axi_smc/inst/clk_map/psr_aclk/U0'
Finished Parsing XDC File [c:/Users/zande/Documents/VSCODE/SchoolStuff/ece153a/Labs/HardwareSetup/lab2b/lab2b.srcs/sources_1/bd/system/ip/system_axi_smc_0/bd_0/ip/ip_1/bd_44e3_psr_aclk_0.xdc] for cell 'system_i/axi_smc/inst/clk_map/psr_aclk/U0'
Parsing XDC File [c:/Users/zande/Documents/VSCODE/SchoolStuff/ece153a/Labs/HardwareSetup/lab2b/lab2b.srcs/sources_1/bd/system/ip/system_axi_timer_0_0/system_axi_timer_0_0.xdc] for cell 'system_i/axi_timer_0/U0'
Finished Parsing XDC File [c:/Users/zande/Documents/VSCODE/SchoolStuff/ece153a/Labs/HardwareSetup/lab2b/lab2b.srcs/sources_1/bd/system/ip/system_axi_timer_0_0/system_axi_timer_0_0.xdc] for cell 'system_i/axi_timer_0/U0'
Parsing XDC File [c:/Users/zande/Documents/VSCODE/SchoolStuff/ece153a/Labs/HardwareSetup/lab2b/lab2b.srcs/sources_1/bd/system/ip/system_axi_timer_1_0/system_axi_timer_1_0.xdc] for cell 'system_i/axi_timer_1/U0'
Finished Parsing XDC File [c:/Users/zande/Documents/VSCODE/SchoolStuff/ece153a/Labs/HardwareSetup/lab2b/lab2b.srcs/sources_1/bd/system/ip/system_axi_timer_1_0/system_axi_timer_1_0.xdc] for cell 'system_i/axi_timer_1/U0'
Parsing XDC File [c:/Users/zande/Documents/VSCODE/SchoolStuff/ece153a/Labs/HardwareSetup/lab2b/lab2b.srcs/sources_1/bd/system/ip/system_axi_gpio_0_0/system_axi_gpio_0_0_board.xdc] for cell 'system_i/axi_gpio_led/U0'
Finished Parsing XDC File [c:/Users/zande/Documents/VSCODE/SchoolStuff/ece153a/Labs/HardwareSetup/lab2b/lab2b.srcs/sources_1/bd/system/ip/system_axi_gpio_0_0/system_axi_gpio_0_0_board.xdc] for cell 'system_i/axi_gpio_led/U0'
Parsing XDC File [c:/Users/zande/Documents/VSCODE/SchoolStuff/ece153a/Labs/HardwareSetup/lab2b/lab2b.srcs/sources_1/bd/system/ip/system_axi_gpio_0_0/system_axi_gpio_0_0.xdc] for cell 'system_i/axi_gpio_led/U0'
Finished Parsing XDC File [c:/Users/zande/Documents/VSCODE/SchoolStuff/ece153a/Labs/HardwareSetup/lab2b/lab2b.srcs/sources_1/bd/system/ip/system_axi_gpio_0_0/system_axi_gpio_0_0.xdc] for cell 'system_i/axi_gpio_led/U0'
Parsing XDC File [c:/Users/zande/Documents/VSCODE/SchoolStuff/ece153a/Labs/HardwareSetup/lab2b/lab2b.srcs/sources_1/bd/system/ip/system_axi_gpio_0_1/system_axi_gpio_0_1_board.xdc] for cell 'system_i/axi_gpio_btn/U0'
Finished Parsing XDC File [c:/Users/zande/Documents/VSCODE/SchoolStuff/ece153a/Labs/HardwareSetup/lab2b/lab2b.srcs/sources_1/bd/system/ip/system_axi_gpio_0_1/system_axi_gpio_0_1_board.xdc] for cell 'system_i/axi_gpio_btn/U0'
Parsing XDC File [c:/Users/zande/Documents/VSCODE/SchoolStuff/ece153a/Labs/HardwareSetup/lab2b/lab2b.srcs/sources_1/bd/system/ip/system_axi_gpio_0_1/system_axi_gpio_0_1.xdc] for cell 'system_i/axi_gpio_btn/U0'
Finished Parsing XDC File [c:/Users/zande/Documents/VSCODE/SchoolStuff/ece153a/Labs/HardwareSetup/lab2b/lab2b.srcs/sources_1/bd/system/ip/system_axi_gpio_0_1/system_axi_gpio_0_1.xdc] for cell 'system_i/axi_gpio_btn/U0'
Parsing XDC File [c:/Users/zande/Documents/VSCODE/SchoolStuff/ece153a/Labs/HardwareSetup/lab2b/lab2b.srcs/sources_1/bd/system/ip/system_axi_gpio_0_3/system_axi_gpio_0_3_board.xdc] for cell 'system_i/axi_gpio_RGB/U0'
Finished Parsing XDC File [c:/Users/zande/Documents/VSCODE/SchoolStuff/ece153a/Labs/HardwareSetup/lab2b/lab2b.srcs/sources_1/bd/system/ip/system_axi_gpio_0_3/system_axi_gpio_0_3_board.xdc] for cell 'system_i/axi_gpio_RGB/U0'
Parsing XDC File [c:/Users/zande/Documents/VSCODE/SchoolStuff/ece153a/Labs/HardwareSetup/lab2b/lab2b.srcs/sources_1/bd/system/ip/system_axi_gpio_0_3/system_axi_gpio_0_3.xdc] for cell 'system_i/axi_gpio_RGB/U0'
Finished Parsing XDC File [c:/Users/zande/Documents/VSCODE/SchoolStuff/ece153a/Labs/HardwareSetup/lab2b/lab2b.srcs/sources_1/bd/system/ip/system_axi_gpio_0_3/system_axi_gpio_0_3.xdc] for cell 'system_i/axi_gpio_RGB/U0'
Parsing XDC File [c:/Users/zande/Documents/VSCODE/SchoolStuff/ece153a/Labs/HardwareSetup/lab2b/lab2b.srcs/sources_1/bd/system/ip/system_axi_gpio_0_5/system_axi_gpio_0_5_board.xdc] for cell 'system_i/axi_gpio_encoder/U0'
Finished Parsing XDC File [c:/Users/zande/Documents/VSCODE/SchoolStuff/ece153a/Labs/HardwareSetup/lab2b/lab2b.srcs/sources_1/bd/system/ip/system_axi_gpio_0_5/system_axi_gpio_0_5_board.xdc] for cell 'system_i/axi_gpio_encoder/U0'
Parsing XDC File [c:/Users/zande/Documents/VSCODE/SchoolStuff/ece153a/Labs/HardwareSetup/lab2b/lab2b.srcs/sources_1/bd/system/ip/system_axi_gpio_0_5/system_axi_gpio_0_5.xdc] for cell 'system_i/axi_gpio_encoder/U0'
Finished Parsing XDC File [c:/Users/zande/Documents/VSCODE/SchoolStuff/ece153a/Labs/HardwareSetup/lab2b/lab2b.srcs/sources_1/bd/system/ip/system_axi_gpio_0_5/system_axi_gpio_0_5.xdc] for cell 'system_i/axi_gpio_encoder/U0'
Parsing XDC File [c:/Users/zande/Documents/VSCODE/SchoolStuff/ece153a/Labs/HardwareSetup/lab2b/lab2b.srcs/sources_1/bd/system/ip/system_axi_gpio_0_6/system_axi_gpio_0_6_board.xdc] for cell 'system_i/spi_dc_RnM/U0'
Finished Parsing XDC File [c:/Users/zande/Documents/VSCODE/SchoolStuff/ece153a/Labs/HardwareSetup/lab2b/lab2b.srcs/sources_1/bd/system/ip/system_axi_gpio_0_6/system_axi_gpio_0_6_board.xdc] for cell 'system_i/spi_dc_RnM/U0'
Parsing XDC File [c:/Users/zande/Documents/VSCODE/SchoolStuff/ece153a/Labs/HardwareSetup/lab2b/lab2b.srcs/sources_1/bd/system/ip/system_axi_gpio_0_6/system_axi_gpio_0_6.xdc] for cell 'system_i/spi_dc_RnM/U0'
Finished Parsing XDC File [c:/Users/zande/Documents/VSCODE/SchoolStuff/ece153a/Labs/HardwareSetup/lab2b/lab2b.srcs/sources_1/bd/system/ip/system_axi_gpio_0_6/system_axi_gpio_0_6.xdc] for cell 'system_i/spi_dc_RnM/U0'
Parsing XDC File [c:/Users/zande/Documents/VSCODE/SchoolStuff/ece153a/Labs/HardwareSetup/lab2b/lab2b.srcs/sources_1/bd/system/ip/system_clk_wiz_0_0/system_clk_wiz_0_0_board.xdc] for cell 'system_i/clk_wiz_0/inst'
Finished Parsing XDC File [c:/Users/zande/Documents/VSCODE/SchoolStuff/ece153a/Labs/HardwareSetup/lab2b/lab2b.srcs/sources_1/bd/system/ip/system_clk_wiz_0_0/system_clk_wiz_0_0_board.xdc] for cell 'system_i/clk_wiz_0/inst'
Parsing XDC File [c:/Users/zande/Documents/VSCODE/SchoolStuff/ece153a/Labs/HardwareSetup/lab2b/lab2b.srcs/sources_1/bd/system/ip/system_clk_wiz_0_0/system_clk_wiz_0_0.xdc] for cell 'system_i/clk_wiz_0/inst'
INFO: [Timing 38-2] Deriving generated clocks [c:/Users/zande/Documents/VSCODE/SchoolStuff/ece153a/Labs/HardwareSetup/lab2b/lab2b.srcs/sources_1/bd/system/ip/system_clk_wiz_0_0/system_clk_wiz_0_0.xdc:57]
Finished Parsing XDC File [c:/Users/zande/Documents/VSCODE/SchoolStuff/ece153a/Labs/HardwareSetup/lab2b/lab2b.srcs/sources_1/bd/system/ip/system_clk_wiz_0_0/system_clk_wiz_0_0.xdc] for cell 'system_i/clk_wiz_0/inst'
Parsing XDC File [c:/Users/zande/Documents/VSCODE/SchoolStuff/ece153a/Labs/HardwareSetup/lab2b/lab2b.srcs/sources_1/bd/system/ip/system_axi_quad_spi_0_0/system_axi_quad_spi_0_0_board.xdc] for cell 'system_i/SPI/U0'
Finished Parsing XDC File [c:/Users/zande/Documents/VSCODE/SchoolStuff/ece153a/Labs/HardwareSetup/lab2b/lab2b.srcs/sources_1/bd/system/ip/system_axi_quad_spi_0_0/system_axi_quad_spi_0_0_board.xdc] for cell 'system_i/SPI/U0'
Parsing XDC File [c:/Users/zande/Documents/VSCODE/SchoolStuff/ece153a/Labs/HardwareSetup/lab2b/lab2b.srcs/sources_1/bd/system/ip/system_axi_quad_spi_0_0/system_axi_quad_spi_0_0.xdc] for cell 'system_i/SPI/U0'
Finished Parsing XDC File [c:/Users/zande/Documents/VSCODE/SchoolStuff/ece153a/Labs/HardwareSetup/lab2b/lab2b.srcs/sources_1/bd/system/ip/system_axi_quad_spi_0_0/system_axi_quad_spi_0_0.xdc] for cell 'system_i/SPI/U0'
Parsing XDC File [C:/Users/zande/Documents/VSCODE/SchoolStuff/ece153a/Labs/HardwareSetup/lab2b/lab2b.srcs/constrs_1/imports/lab_files_2022/Nexys4_Handout_2022.xdc]
Finished Parsing XDC File [C:/Users/zande/Documents/VSCODE/SchoolStuff/ece153a/Labs/HardwareSetup/lab2b/lab2b.srcs/constrs_1/imports/lab_files_2022/Nexys4_Handout_2022.xdc]
Parsing XDC File [c:/Users/zande/Documents/VSCODE/SchoolStuff/ece153a/Labs/HardwareSetup/lab2b/lab2b.srcs/sources_1/bd/system/ip/system_microblaze_0_axi_intc_0/system_microblaze_0_axi_intc_0_clocks.xdc] for cell 'system_i/microblaze_0_axi_intc/U0'
Finished Parsing XDC File [c:/Users/zande/Documents/VSCODE/SchoolStuff/ece153a/Labs/HardwareSetup/lab2b/lab2b.srcs/sources_1/bd/system/ip/system_microblaze_0_axi_intc_0/system_microblaze_0_axi_intc_0_clocks.xdc] for cell 'system_i/microblaze_0_axi_intc/U0'
Parsing XDC File [c:/Users/zande/Documents/VSCODE/SchoolStuff/ece153a/Labs/HardwareSetup/lab2b/lab2b.srcs/sources_1/bd/system/ip/system_axi_quad_spi_0_0/system_axi_quad_spi_0_0_clocks.xdc] for cell 'system_i/SPI/U0'
Finished Parsing XDC File [c:/Users/zande/Documents/VSCODE/SchoolStuff/ece153a/Labs/HardwareSetup/lab2b/lab2b.srcs/sources_1/bd/system/ip/system_axi_quad_spi_0_0/system_axi_quad_spi_0_0_clocks.xdc] for cell 'system_i/SPI/U0'
Sourcing Tcl File [C:/Xilinx/Vivado/2019.1/data/ip/xpm/xpm_cdc/tcl/xpm_cdc_gray.tcl] for cell 'system_i/SPI/U0/NO_DUAL_QUAD_MODE.QSPI_NORMAL/QSPI_LEGACY_MD_GEN.QSPI_CORE_INTERFACE_I/FIFO_EXISTS.TX_FIFO_II/xpm_fifo_instance.xpm_fifo_async_inst/gnuram_async_fifo.xpm_fifo_base_inst/gen_cdc_pntr.rd_pntr_cdc_inst'
Finished Sourcing Tcl File [C:/Xilinx/Vivado/2019.1/data/ip/xpm/xpm_cdc/tcl/xpm_cdc_gray.tcl] for cell 'system_i/SPI/U0/NO_DUAL_QUAD_MODE.QSPI_NORMAL/QSPI_LEGACY_MD_GEN.QSPI_CORE_INTERFACE_I/FIFO_EXISTS.TX_FIFO_II/xpm_fifo_instance.xpm_fifo_async_inst/gnuram_async_fifo.xpm_fifo_base_inst/gen_cdc_pntr.rd_pntr_cdc_inst'
Sourcing Tcl File [C:/Xilinx/Vivado/2019.1/data/ip/xpm/xpm_cdc/tcl/xpm_cdc_gray.tcl] for cell 'system_i/SPI/U0/NO_DUAL_QUAD_MODE.QSPI_NORMAL/QSPI_LEGACY_MD_GEN.QSPI_CORE_INTERFACE_I/FIFO_EXISTS.RX_FIFO_II/gnuram_async_fifo.xpm_fifo_base_inst/gen_cdc_pntr.wr_pntr_cdc_inst'
Finished Sourcing Tcl File [C:/Xilinx/Vivado/2019.1/data/ip/xpm/xpm_cdc/tcl/xpm_cdc_gray.tcl] for cell 'system_i/SPI/U0/NO_DUAL_QUAD_MODE.QSPI_NORMAL/QSPI_LEGACY_MD_GEN.QSPI_CORE_INTERFACE_I/FIFO_EXISTS.RX_FIFO_II/gnuram_async_fifo.xpm_fifo_base_inst/gen_cdc_pntr.wr_pntr_cdc_inst'
Sourcing Tcl File [C:/Xilinx/Vivado/2019.1/data/ip/xpm/xpm_cdc/tcl/xpm_cdc_gray.tcl] for cell 'system_i/SPI/U0/NO_DUAL_QUAD_MODE.QSPI_NORMAL/QSPI_LEGACY_MD_GEN.QSPI_CORE_INTERFACE_I/FIFO_EXISTS.RX_FIFO_II/gnuram_async_fifo.xpm_fifo_base_inst/gen_cdc_pntr.rd_pntr_cdc_inst'
Finished Sourcing Tcl File [C:/Xilinx/Vivado/2019.1/data/ip/xpm/xpm_cdc/tcl/xpm_cdc_gray.tcl] for cell 'system_i/SPI/U0/NO_DUAL_QUAD_MODE.QSPI_NORMAL/QSPI_LEGACY_MD_GEN.QSPI_CORE_INTERFACE_I/FIFO_EXISTS.RX_FIFO_II/gnuram_async_fifo.xpm_fifo_base_inst/gen_cdc_pntr.rd_pntr_cdc_inst'
Sourcing Tcl File [C:/Xilinx/Vivado/2019.1/data/ip/xpm/xpm_cdc/tcl/xpm_cdc_gray.tcl] for cell 'system_i/SPI/U0/NO_DUAL_QUAD_MODE.QSPI_NORMAL/QSPI_LEGACY_MD_GEN.QSPI_CORE_INTERFACE_I/FIFO_EXISTS.TX_FIFO_II/xpm_fifo_instance.xpm_fifo_async_inst/gnuram_async_fifo.xpm_fifo_base_inst/gen_cdc_pntr.wr_pntr_cdc_inst'
Finished Sourcing Tcl File [C:/Xilinx/Vivado/2019.1/data/ip/xpm/xpm_cdc/tcl/xpm_cdc_gray.tcl] for cell 'system_i/SPI/U0/NO_DUAL_QUAD_MODE.QSPI_NORMAL/QSPI_LEGACY_MD_GEN.QSPI_CORE_INTERFACE_I/FIFO_EXISTS.TX_FIFO_II/xpm_fifo_instance.xpm_fifo_async_inst/gnuram_async_fifo.xpm_fifo_base_inst/gen_cdc_pntr.wr_pntr_cdc_inst'
Sourcing Tcl File [C:/Xilinx/Vivado/2019.1/data/ip/xpm/xpm_cdc/tcl/xpm_cdc_gray.tcl] for cell 'system_i/SPI/U0/NO_DUAL_QUAD_MODE.QSPI_NORMAL/QSPI_LEGACY_MD_GEN.QSPI_CORE_INTERFACE_I/FIFO_EXISTS.TX_FIFO_II/xpm_fifo_instance.xpm_fifo_async_inst/gnuram_async_fifo.xpm_fifo_base_inst/gen_cdc_pntr.wr_pntr_cdc_dc_inst'
Finished Sourcing Tcl File [C:/Xilinx/Vivado/2019.1/data/ip/xpm/xpm_cdc/tcl/xpm_cdc_gray.tcl] for cell 'system_i/SPI/U0/NO_DUAL_QUAD_MODE.QSPI_NORMAL/QSPI_LEGACY_MD_GEN.QSPI_CORE_INTERFACE_I/FIFO_EXISTS.TX_FIFO_II/xpm_fifo_instance.xpm_fifo_async_inst/gnuram_async_fifo.xpm_fifo_base_inst/gen_cdc_pntr.wr_pntr_cdc_dc_inst'
Sourcing Tcl File [C:/Xilinx/Vivado/2019.1/data/ip/xpm/xpm_cdc/tcl/xpm_cdc_gray.tcl] for cell 'system_i/SPI/U0/NO_DUAL_QUAD_MODE.QSPI_NORMAL/QSPI_LEGACY_MD_GEN.QSPI_CORE_INTERFACE_I/FIFO_EXISTS.RX_FIFO_II/gnuram_async_fifo.xpm_fifo_base_inst/gen_cdc_pntr.wr_pntr_cdc_dc_inst'
Finished Sourcing Tcl File [C:/Xilinx/Vivado/2019.1/data/ip/xpm/xpm_cdc/tcl/xpm_cdc_gray.tcl] for cell 'system_i/SPI/U0/NO_DUAL_QUAD_MODE.QSPI_NORMAL/QSPI_LEGACY_MD_GEN.QSPI_CORE_INTERFACE_I/FIFO_EXISTS.RX_FIFO_II/gnuram_async_fifo.xpm_fifo_base_inst/gen_cdc_pntr.wr_pntr_cdc_dc_inst'
Sourcing Tcl File [C:/Xilinx/Vivado/2019.1/data/ip/xpm/xpm_cdc/tcl/xpm_cdc_gray.tcl] for cell 'system_i/SPI/U0/NO_DUAL_QUAD_MODE.QSPI_NORMAL/QSPI_LEGACY_MD_GEN.QSPI_CORE_INTERFACE_I/FIFO_EXISTS.TX_FIFO_II/xpm_fifo_instance.xpm_fifo_async_inst/gnuram_async_fifo.xpm_fifo_base_inst/gen_cdc_pntr.rd_pntr_cdc_dc_inst'
Finished Sourcing Tcl File [C:/Xilinx/Vivado/2019.1/data/ip/xpm/xpm_cdc/tcl/xpm_cdc_gray.tcl] for cell 'system_i/SPI/U0/NO_DUAL_QUAD_MODE.QSPI_NORMAL/QSPI_LEGACY_MD_GEN.QSPI_CORE_INTERFACE_I/FIFO_EXISTS.TX_FIFO_II/xpm_fifo_instance.xpm_fifo_async_inst/gnuram_async_fifo.xpm_fifo_base_inst/gen_cdc_pntr.rd_pntr_cdc_dc_inst'
Sourcing Tcl File [C:/Xilinx/Vivado/2019.1/data/ip/xpm/xpm_cdc/tcl/xpm_cdc_gray.tcl] for cell 'system_i/SPI/U0/NO_DUAL_QUAD_MODE.QSPI_NORMAL/QSPI_LEGACY_MD_GEN.QSPI_CORE_INTERFACE_I/FIFO_EXISTS.RX_FIFO_II/gnuram_async_fifo.xpm_fifo_base_inst/gen_cdc_pntr.rd_pntr_cdc_dc_inst'
Finished Sourcing Tcl File [C:/Xilinx/Vivado/2019.1/data/ip/xpm/xpm_cdc/tcl/xpm_cdc_gray.tcl] for cell 'system_i/SPI/U0/NO_DUAL_QUAD_MODE.QSPI_NORMAL/QSPI_LEGACY_MD_GEN.QSPI_CORE_INTERFACE_I/FIFO_EXISTS.RX_FIFO_II/gnuram_async_fifo.xpm_fifo_base_inst/gen_cdc_pntr.rd_pntr_cdc_dc_inst'
Sourcing Tcl File [C:/Xilinx/Vivado/2019.1/data/ip/xpm/xpm_cdc/tcl/xpm_cdc_sync_rst.tcl] for cell 'system_i/SPI/U0/NO_DUAL_QUAD_MODE.QSPI_NORMAL/QSPI_LEGACY_MD_GEN.QSPI_CORE_INTERFACE_I/FIFO_EXISTS.TX_FIFO_II/xpm_fifo_instance.xpm_fifo_async_inst/gnuram_async_fifo.xpm_fifo_base_inst/xpm_fifo_rst_inst/gen_rst_ic.rrst_wr_inst'
Finished Sourcing Tcl File [C:/Xilinx/Vivado/2019.1/data/ip/xpm/xpm_cdc/tcl/xpm_cdc_sync_rst.tcl] for cell 'system_i/SPI/U0/NO_DUAL_QUAD_MODE.QSPI_NORMAL/QSPI_LEGACY_MD_GEN.QSPI_CORE_INTERFACE_I/FIFO_EXISTS.TX_FIFO_II/xpm_fifo_instance.xpm_fifo_async_inst/gnuram_async_fifo.xpm_fifo_base_inst/xpm_fifo_rst_inst/gen_rst_ic.rrst_wr_inst'
Sourcing Tcl File [C:/Xilinx/Vivado/2019.1/data/ip/xpm/xpm_cdc/tcl/xpm_cdc_sync_rst.tcl] for cell 'system_i/SPI/U0/NO_DUAL_QUAD_MODE.QSPI_NORMAL/QSPI_LEGACY_MD_GEN.QSPI_CORE_INTERFACE_I/FIFO_EXISTS.RX_FIFO_II/gnuram_async_fifo.xpm_fifo_base_inst/xpm_fifo_rst_inst/gen_rst_ic.wrst_rd_inst'
Finished Sourcing Tcl File [C:/Xilinx/Vivado/2019.1/data/ip/xpm/xpm_cdc/tcl/xpm_cdc_sync_rst.tcl] for cell 'system_i/SPI/U0/NO_DUAL_QUAD_MODE.QSPI_NORMAL/QSPI_LEGACY_MD_GEN.QSPI_CORE_INTERFACE_I/FIFO_EXISTS.RX_FIFO_II/gnuram_async_fifo.xpm_fifo_base_inst/xpm_fifo_rst_inst/gen_rst_ic.wrst_rd_inst'
Sourcing Tcl File [C:/Xilinx/Vivado/2019.1/data/ip/xpm/xpm_cdc/tcl/xpm_cdc_sync_rst.tcl] for cell 'system_i/SPI/U0/NO_DUAL_QUAD_MODE.QSPI_NORMAL/QSPI_LEGACY_MD_GEN.QSPI_CORE_INTERFACE_I/FIFO_EXISTS.RX_FIFO_II/gnuram_async_fifo.xpm_fifo_base_inst/xpm_fifo_rst_inst/gen_rst_ic.rrst_wr_inst'
Finished Sourcing Tcl File [C:/Xilinx/Vivado/2019.1/data/ip/xpm/xpm_cdc/tcl/xpm_cdc_sync_rst.tcl] for cell 'system_i/SPI/U0/NO_DUAL_QUAD_MODE.QSPI_NORMAL/QSPI_LEGACY_MD_GEN.QSPI_CORE_INTERFACE_I/FIFO_EXISTS.RX_FIFO_II/gnuram_async_fifo.xpm_fifo_base_inst/xpm_fifo_rst_inst/gen_rst_ic.rrst_wr_inst'
Sourcing Tcl File [C:/Xilinx/Vivado/2019.1/data/ip/xpm/xpm_cdc/tcl/xpm_cdc_sync_rst.tcl] for cell 'system_i/SPI/U0/NO_DUAL_QUAD_MODE.QSPI_NORMAL/QSPI_LEGACY_MD_GEN.QSPI_CORE_INTERFACE_I/FIFO_EXISTS.TX_FIFO_II/xpm_fifo_instance.xpm_fifo_async_inst/gnuram_async_fifo.xpm_fifo_base_inst/xpm_fifo_rst_inst/gen_rst_ic.wrst_rd_inst'
Finished Sourcing Tcl File [C:/Xilinx/Vivado/2019.1/data/ip/xpm/xpm_cdc/tcl/xpm_cdc_sync_rst.tcl] for cell 'system_i/SPI/U0/NO_DUAL_QUAD_MODE.QSPI_NORMAL/QSPI_LEGACY_MD_GEN.QSPI_CORE_INTERFACE_I/FIFO_EXISTS.TX_FIFO_II/xpm_fifo_instance.xpm_fifo_async_inst/gnuram_async_fifo.xpm_fifo_base_inst/xpm_fifo_rst_inst/gen_rst_ic.wrst_rd_inst'
Sourcing Tcl File [C:/Xilinx/Vivado/2019.1/data/ip/xpm/xpm_fifo/tcl/xpm_fifo_rst.tcl] for cell 'system_i/SPI/U0/NO_DUAL_QUAD_MODE.QSPI_NORMAL/QSPI_LEGACY_MD_GEN.QSPI_CORE_INTERFACE_I/FIFO_EXISTS.RX_FIFO_II'
Finished Sourcing Tcl File [C:/Xilinx/Vivado/2019.1/data/ip/xpm/xpm_fifo/tcl/xpm_fifo_rst.tcl] for cell 'system_i/SPI/U0/NO_DUAL_QUAD_MODE.QSPI_NORMAL/QSPI_LEGACY_MD_GEN.QSPI_CORE_INTERFACE_I/FIFO_EXISTS.RX_FIFO_II'
Sourcing Tcl File [C:/Xilinx/Vivado/2019.1/data/ip/xpm/xpm_fifo/tcl/xpm_fifo_rst.tcl] for cell 'system_i/SPI/U0/NO_DUAL_QUAD_MODE.QSPI_NORMAL/QSPI_LEGACY_MD_GEN.QSPI_CORE_INTERFACE_I/FIFO_EXISTS.TX_FIFO_II/xpm_fifo_instance.xpm_fifo_async_inst'
Finished Sourcing Tcl File [C:/Xilinx/Vivado/2019.1/data/ip/xpm/xpm_fifo/tcl/xpm_fifo_rst.tcl] for cell 'system_i/SPI/U0/NO_DUAL_QUAD_MODE.QSPI_NORMAL/QSPI_LEGACY_MD_GEN.QSPI_CORE_INTERFACE_I/FIFO_EXISTS.TX_FIFO_II/xpm_fifo_instance.xpm_fifo_async_inst'
Sourcing Tcl File [C:/Xilinx/Vivado/2019.1/data/ip/xpm/xpm_memory/tcl/xpm_memory_xdc.tcl] for cell 'system_i/axi_smc/inst/m00_nodes/m00_ar_node/inst/inst_mi_handler/gen_normal_area.gen_node_prog_full.inst_node_prog_full/gen_xpm_memory_fifo.inst_fifo/gen_mem_rep[0].inst_xpm_memory'
Finished Sourcing Tcl File [C:/Xilinx/Vivado/2019.1/data/ip/xpm/xpm_memory/tcl/xpm_memory_xdc.tcl] for cell 'system_i/axi_smc/inst/m00_nodes/m00_ar_node/inst/inst_mi_handler/gen_normal_area.gen_node_prog_full.inst_node_prog_full/gen_xpm_memory_fifo.inst_fifo/gen_mem_rep[0].inst_xpm_memory'
Sourcing Tcl File [C:/Xilinx/Vivado/2019.1/data/ip/xpm/xpm_memory/tcl/xpm_memory_xdc.tcl] for cell 'system_i/axi_smc/inst/m00_nodes/m00_aw_node/inst/inst_mi_handler/gen_normal_area.gen_node_prog_full.inst_node_prog_full/gen_xpm_memory_fifo.inst_fifo/gen_mem_rep[0].inst_xpm_memory'
Finished Sourcing Tcl File [C:/Xilinx/Vivado/2019.1/data/ip/xpm/xpm_memory/tcl/xpm_memory_xdc.tcl] for cell 'system_i/axi_smc/inst/m00_nodes/m00_aw_node/inst/inst_mi_handler/gen_normal_area.gen_node_prog_full.inst_node_prog_full/gen_xpm_memory_fifo.inst_fifo/gen_mem_rep[0].inst_xpm_memory'
Sourcing Tcl File [C:/Xilinx/Vivado/2019.1/data/ip/xpm/xpm_memory/tcl/xpm_memory_xdc.tcl] for cell 'system_i/axi_smc/inst/s01_nodes/s01_r_node/inst/inst_mi_handler/gen_normal_area.gen_node_prog_full.inst_node_prog_full/gen_xpm_memory_fifo.inst_fifo/gen_mem_rep[0].inst_xpm_memory'
Finished Sourcing Tcl File [C:/Xilinx/Vivado/2019.1/data/ip/xpm/xpm_memory/tcl/xpm_memory_xdc.tcl] for cell 'system_i/axi_smc/inst/s01_nodes/s01_r_node/inst/inst_mi_handler/gen_normal_area.gen_node_prog_full.inst_node_prog_full/gen_xpm_memory_fifo.inst_fifo/gen_mem_rep[0].inst_xpm_memory'
Sourcing Tcl File [C:/Xilinx/Vivado/2019.1/data/ip/xpm/xpm_memory/tcl/xpm_memory_xdc.tcl] for cell 'system_i/axi_smc/inst/s00_nodes/s00_r_node/inst/inst_mi_handler/gen_normal_area.gen_node_prog_full.inst_node_prog_full/gen_xpm_memory_fifo.inst_fifo/gen_mem_rep[0].inst_xpm_memory'
Finished Sourcing Tcl File [C:/Xilinx/Vivado/2019.1/data/ip/xpm/xpm_memory/tcl/xpm_memory_xdc.tcl] for cell 'system_i/axi_smc/inst/s00_nodes/s00_r_node/inst/inst_mi_handler/gen_normal_area.gen_node_prog_full.inst_node_prog_full/gen_xpm_memory_fifo.inst_fifo/gen_mem_rep[0].inst_xpm_memory'
Sourcing Tcl File [C:/Xilinx/Vivado/2019.1/data/ip/xpm/xpm_memory/tcl/xpm_memory_xdc.tcl] for cell 'system_i/axi_smc/inst/s00_nodes/s00_b_node/inst/inst_mi_handler/gen_normal_area.gen_node_prog_full.inst_node_prog_full/gen_xpm_memory_fifo.inst_fifo/gen_mem_rep[0].inst_xpm_memory'
Finished Sourcing Tcl File [C:/Xilinx/Vivado/2019.1/data/ip/xpm/xpm_memory/tcl/xpm_memory_xdc.tcl] for cell 'system_i/axi_smc/inst/s00_nodes/s00_b_node/inst/inst_mi_handler/gen_normal_area.gen_node_prog_full.inst_node_prog_full/gen_xpm_memory_fifo.inst_fifo/gen_mem_rep[0].inst_xpm_memory'
Sourcing Tcl File [C:/Xilinx/Vivado/2019.1/data/ip/xpm/xpm_memory/tcl/xpm_memory_xdc.tcl] for cell 'system_i/axi_smc/inst/m00_nodes/m00_w_node/inst/inst_mi_handler/gen_normal_area.gen_node_prog_full.inst_node_prog_full/gen_xpm_memory_fifo.inst_fifo/gen_mem_rep[0].inst_xpm_memory'
Finished Sourcing Tcl File [C:/Xilinx/Vivado/2019.1/data/ip/xpm/xpm_memory/tcl/xpm_memory_xdc.tcl] for cell 'system_i/axi_smc/inst/m00_nodes/m00_w_node/inst/inst_mi_handler/gen_normal_area.gen_node_prog_full.inst_node_prog_full/gen_xpm_memory_fifo.inst_fifo/gen_mem_rep[0].inst_xpm_memory'
Sourcing Tcl File [C:/Xilinx/Vivado/2019.1/data/ip/xpm/xpm_memory/tcl/xpm_memory_xdc.tcl] for cell 'system_i/axi_smc/inst/m00_nodes/m00_ar_node/inst/inst_mi_handler/gen_normal_area.inst_fifo_node_payld/gen_xpm_memory_fifo.inst_fifo/gen_mem_rep[0].inst_xpm_memory'
Finished Sourcing Tcl File [C:/Xilinx/Vivado/2019.1/data/ip/xpm/xpm_memory/tcl/xpm_memory_xdc.tcl] for cell 'system_i/axi_smc/inst/m00_nodes/m00_ar_node/inst/inst_mi_handler/gen_normal_area.inst_fifo_node_payld/gen_xpm_memory_fifo.inst_fifo/gen_mem_rep[0].inst_xpm_memory'
Sourcing Tcl File [C:/Xilinx/Vivado/2019.1/data/ip/xpm/xpm_memory/tcl/xpm_memory_xdc.tcl] for cell 'system_i/axi_smc/inst/m00_nodes/m00_aw_node/inst/inst_mi_handler/gen_normal_area.inst_fifo_node_payld/gen_xpm_memory_fifo.inst_fifo/gen_mem_rep[0].inst_xpm_memory'
Finished Sourcing Tcl File [C:/Xilinx/Vivado/2019.1/data/ip/xpm/xpm_memory/tcl/xpm_memory_xdc.tcl] for cell 'system_i/axi_smc/inst/m00_nodes/m00_aw_node/inst/inst_mi_handler/gen_normal_area.inst_fifo_node_payld/gen_xpm_memory_fifo.inst_fifo/gen_mem_rep[0].inst_xpm_memory'
Sourcing Tcl File [C:/Xilinx/Vivado/2019.1/data/ip/xpm/xpm_memory/tcl/xpm_memory_xdc.tcl] for cell 'system_i/axi_smc/inst/m00_nodes/m00_b_node/inst/inst_mi_handler/gen_normal_area.gen_fifo_req.inst_fifo_req/gen_xpm_memory_fifo.inst_fifo/gen_mem_rep[0].inst_xpm_memory'
Finished Sourcing Tcl File [C:/Xilinx/Vivado/2019.1/data/ip/xpm/xpm_memory/tcl/xpm_memory_xdc.tcl] for cell 'system_i/axi_smc/inst/m00_nodes/m00_b_node/inst/inst_mi_handler/gen_normal_area.gen_fifo_req.inst_fifo_req/gen_xpm_memory_fifo.inst_fifo/gen_mem_rep[0].inst_xpm_memory'
Sourcing Tcl File [C:/Xilinx/Vivado/2019.1/data/ip/xpm/xpm_memory/tcl/xpm_memory_xdc.tcl] for cell 'system_i/axi_smc/inst/s00_nodes/s00_w_node/inst/inst_mi_handler/gen_normal_area.inst_fifo_node_payld/gen_xpm_memory_fifo.inst_fifo/gen_mem_rep[0].inst_xpm_memory'
Finished Sourcing Tcl File [C:/Xilinx/Vivado/2019.1/data/ip/xpm/xpm_memory/tcl/xpm_memory_xdc.tcl] for cell 'system_i/axi_smc/inst/s00_nodes/s00_w_node/inst/inst_mi_handler/gen_normal_area.inst_fifo_node_payld/gen_xpm_memory_fifo.inst_fifo/gen_mem_rep[0].inst_xpm_memory'
Sourcing Tcl File [C:/Xilinx/Vivado/2019.1/data/ip/xpm/xpm_memory/tcl/xpm_memory_xdc.tcl] for cell 'system_i/axi_smc/inst/s01_nodes/s01_r_node/inst/inst_mi_handler/gen_normal_area.inst_fifo_node_payld/gen_xpm_memory_fifo.inst_fifo/gen_mem_rep[0].inst_xpm_memory'
Finished Sourcing Tcl File [C:/Xilinx/Vivado/2019.1/data/ip/xpm/xpm_memory/tcl/xpm_memory_xdc.tcl] for cell 'system_i/axi_smc/inst/s01_nodes/s01_r_node/inst/inst_mi_handler/gen_normal_area.inst_fifo_node_payld/gen_xpm_memory_fifo.inst_fifo/gen_mem_rep[0].inst_xpm_memory'
Sourcing Tcl File [C:/Xilinx/Vivado/2019.1/data/ip/xpm/xpm_memory/tcl/xpm_memory_xdc.tcl] for cell 'system_i/axi_smc/inst/m00_nodes/m00_r_node/inst/inst_mi_handler/gen_normal_area.gen_fifo_req.inst_fifo_req/gen_xpm_memory_fifo.inst_fifo/gen_mem_rep[0].inst_xpm_memory'
Finished Sourcing Tcl File [C:/Xilinx/Vivado/2019.1/data/ip/xpm/xpm_memory/tcl/xpm_memory_xdc.tcl] for cell 'system_i/axi_smc/inst/m00_nodes/m00_r_node/inst/inst_mi_handler/gen_normal_area.gen_fifo_req.inst_fifo_req/gen_xpm_memory_fifo.inst_fifo/gen_mem_rep[0].inst_xpm_memory'
Sourcing Tcl File [C:/Xilinx/Vivado/2019.1/data/ip/xpm/xpm_memory/tcl/xpm_memory_xdc.tcl] for cell 'system_i/axi_smc/inst/m00_nodes/m00_b_node/inst/inst_mi_handler/gen_normal_area.inst_fifo_node_payld/gen_xpm_memory_fifo.inst_fifo/gen_mem_rep[0].inst_xpm_memory'
Finished Sourcing Tcl File [C:/Xilinx/Vivado/2019.1/data/ip/xpm/xpm_memory/tcl/xpm_memory_xdc.tcl] for cell 'system_i/axi_smc/inst/m00_nodes/m00_b_node/inst/inst_mi_handler/gen_normal_area.inst_fifo_node_payld/gen_xpm_memory_fifo.inst_fifo/gen_mem_rep[0].inst_xpm_memory'
Sourcing Tcl File [C:/Xilinx/Vivado/2019.1/data/ip/xpm/xpm_memory/tcl/xpm_memory_xdc.tcl] for cell 'system_i/axi_smc/inst/m00_nodes/m00_r_node/inst/inst_mi_handler/gen_normal_area.inst_fifo_node_payld/gen_xpm_memory_fifo.inst_fifo/gen_mem_rep[0].inst_xpm_memory'
Finished Sourcing Tcl File [C:/Xilinx/Vivado/2019.1/data/ip/xpm/xpm_memory/tcl/xpm_memory_xdc.tcl] for cell 'system_i/axi_smc/inst/m00_nodes/m00_r_node/inst/inst_mi_handler/gen_normal_area.inst_fifo_node_payld/gen_xpm_memory_fifo.inst_fifo/gen_mem_rep[0].inst_xpm_memory'
Sourcing Tcl File [C:/Xilinx/Vivado/2019.1/data/ip/xpm/xpm_memory/tcl/xpm_memory_xdc.tcl] for cell 'system_i/axi_smc/inst/m00_nodes/m00_w_node/inst/inst_si_handler/gen_si_handler.gen_request_fifos.gen_req_fifo[0].inst_req_fifo/gen_xpm_memory_fifo.inst_fifo/gen_mem_rep[0].inst_xpm_memory'
Finished Sourcing Tcl File [C:/Xilinx/Vivado/2019.1/data/ip/xpm/xpm_memory/tcl/xpm_memory_xdc.tcl] for cell 'system_i/axi_smc/inst/m00_nodes/m00_w_node/inst/inst_si_handler/gen_si_handler.gen_request_fifos.gen_req_fifo[0].inst_req_fifo/gen_xpm_memory_fifo.inst_fifo/gen_mem_rep[0].inst_xpm_memory'
Sourcing Tcl File [C:/Xilinx/Vivado/2019.1/data/ip/xpm/xpm_memory/tcl/xpm_memory_xdc.tcl] for cell 'system_i/axi_smc/inst/m00_nodes/m00_w_node/inst/inst_si_handler/gen_si_handler.gen_request_fifos.gen_req_fifo[1].inst_req_fifo/gen_xpm_memory_fifo.inst_fifo/gen_mem_rep[0].inst_xpm_memory'
Finished Sourcing Tcl File [C:/Xilinx/Vivado/2019.1/data/ip/xpm/xpm_memory/tcl/xpm_memory_xdc.tcl] for cell 'system_i/axi_smc/inst/m00_nodes/m00_w_node/inst/inst_si_handler/gen_si_handler.gen_request_fifos.gen_req_fifo[1].inst_req_fifo/gen_xpm_memory_fifo.inst_fifo/gen_mem_rep[0].inst_xpm_memory'
Sourcing Tcl File [C:/Xilinx/Vivado/2019.1/data/ip/xpm/xpm_memory/tcl/xpm_memory_xdc.tcl] for cell 'system_i/axi_smc/inst/m00_nodes/m00_w_node/inst/inst_mi_handler/gen_normal_area.inst_fifo_node_payld/gen_xpm_memory_fifo.inst_fifo/gen_mem_rep[0].inst_xpm_memory'
Finished Sourcing Tcl File [C:/Xilinx/Vivado/2019.1/data/ip/xpm/xpm_memory/tcl/xpm_memory_xdc.tcl] for cell 'system_i/axi_smc/inst/m00_nodes/m00_w_node/inst/inst_mi_handler/gen_normal_area.inst_fifo_node_payld/gen_xpm_memory_fifo.inst_fifo/gen_mem_rep[0].inst_xpm_memory'
Sourcing Tcl File [C:/Xilinx/Vivado/2019.1/data/ip/xpm/xpm_memory/tcl/xpm_memory_xdc.tcl] for cell 'system_i/axi_smc/inst/s00_nodes/s00_ar_node/inst/inst_mi_handler/gen_normal_area.gen_fifo_req.inst_fifo_req/gen_xpm_memory_fifo.inst_fifo/gen_mem_rep[0].inst_xpm_memory'
Finished Sourcing Tcl File [C:/Xilinx/Vivado/2019.1/data/ip/xpm/xpm_memory/tcl/xpm_memory_xdc.tcl] for cell 'system_i/axi_smc/inst/s00_nodes/s00_ar_node/inst/inst_mi_handler/gen_normal_area.gen_fifo_req.inst_fifo_req/gen_xpm_memory_fifo.inst_fifo/gen_mem_rep[0].inst_xpm_memory'
Sourcing Tcl File [C:/Xilinx/Vivado/2019.1/data/ip/xpm/xpm_memory/tcl/xpm_memory_xdc.tcl] for cell 'system_i/axi_smc/inst/s01_nodes/s01_ar_node/inst/inst_mi_handler/gen_normal_area.gen_fifo_req.inst_fifo_req/gen_xpm_memory_fifo.inst_fifo/gen_mem_rep[0].inst_xpm_memory'
Finished Sourcing Tcl File [C:/Xilinx/Vivado/2019.1/data/ip/xpm/xpm_memory/tcl/xpm_memory_xdc.tcl] for cell 'system_i/axi_smc/inst/s01_nodes/s01_ar_node/inst/inst_mi_handler/gen_normal_area.gen_fifo_req.inst_fifo_req/gen_xpm_memory_fifo.inst_fifo/gen_mem_rep[0].inst_xpm_memory'
Sourcing Tcl File [C:/Xilinx/Vivado/2019.1/data/ip/xpm/xpm_memory/tcl/xpm_memory_xdc.tcl] for cell 'system_i/axi_smc/inst/s00_nodes/s00_w_node/inst/inst_mi_handler/gen_normal_area.gen_fifo_req.inst_fifo_req/gen_xpm_memory_fifo.inst_fifo/gen_mem_rep[0].inst_xpm_memory'
Finished Sourcing Tcl File [C:/Xilinx/Vivado/2019.1/data/ip/xpm/xpm_memory/tcl/xpm_memory_xdc.tcl] for cell 'system_i/axi_smc/inst/s00_nodes/s00_w_node/inst/inst_mi_handler/gen_normal_area.gen_fifo_req.inst_fifo_req/gen_xpm_memory_fifo.inst_fifo/gen_mem_rep[0].inst_xpm_memory'
Sourcing Tcl File [C:/Xilinx/Vivado/2019.1/data/ip/xpm/xpm_memory/tcl/xpm_memory_xdc.tcl] for cell 'system_i/axi_smc/inst/s00_nodes/s00_aw_node/inst/inst_mi_handler/gen_normal_area.gen_fifo_req.inst_fifo_req/gen_xpm_memory_fifo.inst_fifo/gen_mem_rep[0].inst_xpm_memory'
Finished Sourcing Tcl File [C:/Xilinx/Vivado/2019.1/data/ip/xpm/xpm_memory/tcl/xpm_memory_xdc.tcl] for cell 'system_i/axi_smc/inst/s00_nodes/s00_aw_node/inst/inst_mi_handler/gen_normal_area.gen_fifo_req.inst_fifo_req/gen_xpm_memory_fifo.inst_fifo/gen_mem_rep[0].inst_xpm_memory'
Sourcing Tcl File [C:/Xilinx/Vivado/2019.1/data/ip/xpm/xpm_memory/tcl/xpm_memory_xdc.tcl] for cell 'system_i/axi_smc/inst/s00_nodes/s00_ar_node/inst/inst_mi_handler/gen_normal_area.inst_fifo_node_payld/gen_xpm_memory_fifo.inst_fifo/gen_mem_rep[0].inst_xpm_memory'
Finished Sourcing Tcl File [C:/Xilinx/Vivado/2019.1/data/ip/xpm/xpm_memory/tcl/xpm_memory_xdc.tcl] for cell 'system_i/axi_smc/inst/s00_nodes/s00_ar_node/inst/inst_mi_handler/gen_normal_area.inst_fifo_node_payld/gen_xpm_memory_fifo.inst_fifo/gen_mem_rep[0].inst_xpm_memory'
Sourcing Tcl File [C:/Xilinx/Vivado/2019.1/data/ip/xpm/xpm_memory/tcl/xpm_memory_xdc.tcl] for cell 'system_i/axi_smc/inst/s01_nodes/s01_ar_node/inst/inst_mi_handler/gen_normal_area.inst_fifo_node_payld/gen_xpm_memory_fifo.inst_fifo/gen_mem_rep[0].inst_xpm_memory'
Finished Sourcing Tcl File [C:/Xilinx/Vivado/2019.1/data/ip/xpm/xpm_memory/tcl/xpm_memory_xdc.tcl] for cell 'system_i/axi_smc/inst/s01_nodes/s01_ar_node/inst/inst_mi_handler/gen_normal_area.inst_fifo_node_payld/gen_xpm_memory_fifo.inst_fifo/gen_mem_rep[0].inst_xpm_memory'
Sourcing Tcl File [C:/Xilinx/Vivado/2019.1/data/ip/xpm/xpm_memory/tcl/xpm_memory_xdc.tcl] for cell 'system_i/axi_smc/inst/s00_nodes/s00_aw_node/inst/inst_mi_handler/gen_normal_area.inst_fifo_node_payld/gen_xpm_memory_fifo.inst_fifo/gen_mem_rep[0].inst_xpm_memory'
Finished Sourcing Tcl File [C:/Xilinx/Vivado/2019.1/data/ip/xpm/xpm_memory/tcl/xpm_memory_xdc.tcl] for cell 'system_i/axi_smc/inst/s00_nodes/s00_aw_node/inst/inst_mi_handler/gen_normal_area.inst_fifo_node_payld/gen_xpm_memory_fifo.inst_fifo/gen_mem_rep[0].inst_xpm_memory'
Sourcing Tcl File [C:/Xilinx/Vivado/2019.1/data/ip/xpm/xpm_memory/tcl/xpm_memory_xdc.tcl] for cell 'system_i/axi_smc/inst/s00_nodes/s00_b_node/inst/inst_mi_handler/gen_normal_area.inst_fifo_node_payld/gen_xpm_memory_fifo.inst_fifo/gen_mem_rep[0].inst_xpm_memory'
Finished Sourcing Tcl File [C:/Xilinx/Vivado/2019.1/data/ip/xpm/xpm_memory/tcl/xpm_memory_xdc.tcl] for cell 'system_i/axi_smc/inst/s00_nodes/s00_b_node/inst/inst_mi_handler/gen_normal_area.inst_fifo_node_payld/gen_xpm_memory_fifo.inst_fifo/gen_mem_rep[0].inst_xpm_memory'
Sourcing Tcl File [C:/Xilinx/Vivado/2019.1/data/ip/xpm/xpm_memory/tcl/xpm_memory_xdc.tcl] for cell 'system_i/axi_smc/inst/s00_nodes/s00_r_node/inst/inst_mi_handler/gen_normal_area.inst_fifo_node_payld/gen_xpm_memory_fifo.inst_fifo/gen_mem_rep[0].inst_xpm_memory'
Finished Sourcing Tcl File [C:/Xilinx/Vivado/2019.1/data/ip/xpm/xpm_memory/tcl/xpm_memory_xdc.tcl] for cell 'system_i/axi_smc/inst/s00_nodes/s00_r_node/inst/inst_mi_handler/gen_normal_area.inst_fifo_node_payld/gen_xpm_memory_fifo.inst_fifo/gen_mem_rep[0].inst_xpm_memory'
INFO: [Opt 31-138] Pushed 0 inverter(s) to 0 load pin(s).
Generating merged BMM file for the design top 'system_wrapper'...
INFO: [Memdata 28-144] Successfully populated the BRAM INIT strings from the following elf files: c:/Users/zande/Documents/VSCODE/SchoolStuff/ece153a/Labs/HardwareSetup/lab2b/lab2b.srcs/sources_1/bd/system/ip/system_microblaze_0_0/data/mb_bootloop_le.elf 
Netlist sorting complete. Time (s): cpu = 00:00:00 ; elapsed = 00:00:00.016 . Memory (MB): peak = 1510.277 ; gain = 0.000
INFO: [Project 1-111] Unisim Transformation Summary:
  A total of 511 instances were transformed.
  IOBUFDS_INTERMDISABLE => IOBUFDS_INTERMDISABLE (IBUFDS_INTERMDISABLE_INT, IBUFDS_INTERMDISABLE_INT, INV, OBUFTDS, OBUFTDS): 2 instances
  IOBUF_INTERMDISABLE => IOBUF_INTERMDISABLE (IBUF_INTERMDISABLE, OBUFT): 16 instances
  LUT6_2 => LUT6_2 (LUT5, LUT6): 64 instances
  OBUFDS => OBUFDS_DUAL_BUF (INV, OBUFDS, OBUFDS): 1 instances
  RAM16X1D => RAM32X1D (RAMD32, RAMD32): 34 instances
  RAM32M => RAM32M (RAMD32, RAMD32, RAMD32, RAMD32, RAMD32, RAMD32, RAMS32, RAMS32): 388 instances
  RAM32X1D => RAM32X1D (RAMD32, RAMD32): 6 instances

36 Infos, 4 Warnings, 0 Critical Warnings and 0 Errors encountered.
link_design completed successfully
link_design: Time (s): cpu = 00:00:20 ; elapsed = 00:00:36 . Memory (MB): peak = 1510.277 ; gain = 1181.781
Command: opt_design
Attempting to get a license for feature 'Implementation' and/or device 'xc7a100t'
INFO: [Common 17-349] Got license for feature 'Implementation' and/or device 'xc7a100t'
Running DRC as a precondition to command opt_design

Starting DRC Task
INFO: [DRC 23-27] Running DRC with 2 threads
INFO: [Project 1-461] DRC finished with 0 Errors
INFO: [Project 1-462] Please refer to the DRC report (report_drc) for more information.

Time (s): cpu = 00:00:01 ; elapsed = 00:00:00.692 . Memory (MB): peak = 1510.277 ; gain = 0.000

Starting Cache Timing Information Task
INFO: [Timing 38-35] Done setting XDC timing constraints.
Ending Cache Timing Information Task | Checksum: 221060f00

Time (s): cpu = 00:00:02 ; elapsed = 00:00:01 . Memory (MB): peak = 1510.277 ; gain = 0.000

Starting Logic Optimization Task

Phase 1 Generate And Synthesize Debug Cores
INFO: [Chipscope 16-329] Generating Script for core instance : dbg_hub 
INFO: [IP_Flow 19-3806] Processing IP xilinx.com:ip:xsdbm:3.0 for cell dbg_hub_CV.
INFO: [Chipscope 16-329] Generating Script for core instance : u_ila_0 
INFO: [IP_Flow 19-3806] Processing IP xilinx.com:ip:ila:6.2 for cell u_ila_0_CV.
INFO: [Chipscope 16-220] Re-using generated and synthesized IP, "xilinx.com:ip:xsdbm:3.0", from Vivado IP cache entry "23acc83093541110".
INFO: [Chipscope 16-220] Re-using generated and synthesized IP, "xilinx.com:ip:ila:6.2", from Vivado IP cache entry "9f78ad2009ec63a9".
Netlist sorting complete. Time (s): cpu = 00:00:00 ; elapsed = 00:00:00.060 . Memory (MB): peak = 1685.566 ; gain = 0.000
Phase 1 Generate And Synthesize Debug Cores | Checksum: 245e06780

Time (s): cpu = 00:00:04 ; elapsed = 00:00:16 . Memory (MB): peak = 1685.566 ; gain = 67.176

Phase 2 Retarget
INFO: [Opt 31-138] Pushed 18 inverter(s) to 104 load pin(s).
INFO: [Opt 31-49] Retargeted 0 cell(s).
Phase 2 Retarget | Checksum: 1ff7bf481

Time (s): cpu = 00:00:06 ; elapsed = 00:00:18 . Memory (MB): peak = 1685.566 ; gain = 67.176
INFO: [Opt 31-389] Phase Retarget created 335 cells and removed 533 cells
INFO: [Opt 31-1021] In phase Retarget, 134 netlist objects are constrained preventing optimization. Please run opt_design with -debug_log to get more detail. 

Phase 3 Constant propagation
INFO: [Opt 31-138] Pushed 11 inverter(s) to 12 load pin(s).
Phase 3 Constant propagation | Checksum: 1657b27d2

Time (s): cpu = 00:00:07 ; elapsed = 00:00:19 . Memory (MB): peak = 1685.566 ; gain = 67.176
INFO: [Opt 31-389] Phase Constant propagation created 465 cells and removed 1568 cells
INFO: [Opt 31-1021] In phase Constant propagation, 113 netlist objects are constrained preventing optimization. Please run opt_design with -debug_log to get more detail. 

Phase 4 Sweep
Phase 4 Sweep | Checksum: 1ae8638ef

Time (s): cpu = 00:00:10 ; elapsed = 00:00:22 . Memory (MB): peak = 1685.566 ; gain = 67.176
INFO: [Opt 31-389] Phase Sweep created 1 cells and removed 2777 cells
INFO: [Opt 31-1021] In phase Sweep, 966 netlist objects are constrained preventing optimization. Please run opt_design with -debug_log to get more detail. 

Phase 5 BUFG optimization
INFO: [Opt 31-193] Inserted 1 BUFG(s) on clock nets
Phase 5 BUFG optimization | Checksum: 236ec46d9

Time (s): cpu = 00:00:11 ; elapsed = 00:00:22 . Memory (MB): peak = 1685.566 ; gain = 67.176
INFO: [Opt 31-662] Phase BUFG optimization created 0 cells of which 0 are BUFGs and removed 0 cells.

Phase 6 Shift Register Optimization
INFO: [Opt 31-1064] SRL Remap converted 0 SRLs to 0 registers and converted 0 registers of register chains to 0 SRLs
Phase 6 Shift Register Optimization | Checksum: 236ec46d9

Time (s): cpu = 00:00:11 ; elapsed = 00:00:23 . Memory (MB): peak = 1685.566 ; gain = 67.176
INFO: [Opt 31-389] Phase Shift Register Optimization created 0 cells and removed 0 cells

Phase 7 Post Processing Netlist
Phase 7 Post Processing Netlist | Checksum: 1f0246c1a

Time (s): cpu = 00:00:11 ; elapsed = 00:00:23 . Memory (MB): peak = 1685.566 ; gain = 67.176
INFO: [Opt 31-389] Phase Post Processing Netlist created 0 cells and removed 2 cells
INFO: [Opt 31-1021] In phase Post Processing Netlist, 93 netlist objects are constrained preventing optimization. Please run opt_design with -debug_log to get more detail. 
Opt_design Change Summary
=========================


-------------------------------------------------------------------------------------------------------------------------
|  Phase                        |  #Cells created  |  #Cells Removed  |  #Constrained objects preventing optimizations  |
-------------------------------------------------------------------------------------------------------------------------
|  Retarget                     |             335  |             533  |                                            134  |
|  Constant propagation         |             465  |            1568  |                                            113  |
|  Sweep                        |               1  |            2777  |                                            966  |
|  BUFG optimization            |               0  |               0  |                                              0  |
|  Shift Register Optimization  |               0  |               0  |                                              0  |
|  Post Processing Netlist      |               0  |               2  |                                             93  |
-------------------------------------------------------------------------------------------------------------------------



Starting Connectivity Check Task

Time (s): cpu = 00:00:00 ; elapsed = 00:00:00.043 . Memory (MB): peak = 1685.566 ; gain = 0.000
Ending Logic Optimization Task | Checksum: 178945f4e

Time (s): cpu = 00:00:12 ; elapsed = 00:00:24 . Memory (MB): peak = 1685.566 ; gain = 67.176

Starting Power Optimization Task
INFO: [Pwropt 34-132] Skipping clock gating for clocks with a period < 2.00 ns.
INFO: [Timing 38-35] Done setting XDC timing constraints.
INFO: [Pwropt 34-9] Applying IDT optimizations ...
INFO: [Pwropt 34-10] Applying ODC optimizations ...
INFO: [Physopt 32-619] Estimated Timing Summary | WNS=2.268 | TNS=0.000 |
Running Vector-less Activity Propagation...

Finished Running Vector-less Activity Propagation


Starting PowerOpt Patch Enables Task
INFO: [Pwropt 34-162] WRITE_MODE attribute of 0 BRAM(s) out of a total of 74 has been updated to save power. Run report_power_opt to get a complete listing of the BRAMs updated.
INFO: [Pwropt 34-201] Structural ODC has moved 0 WE to EN ports
Number of BRAM Ports augmented: 5 newly gated: 11 Total Ports: 148
Ending PowerOpt Patch Enables Task | Checksum: 14bc8f281

Time (s): cpu = 00:00:01 ; elapsed = 00:00:00.330 . Memory (MB): peak = 2241.113 ; gain = 0.000
Ending Power Optimization Task | Checksum: 14bc8f281

Time (s): cpu = 00:00:14 ; elapsed = 00:00:09 . Memory (MB): peak = 2241.113 ; gain = 555.547

Starting Final Cleanup Task

Starting Logic Optimization Task
INFO: [Timing 38-35] Done setting XDC timing constraints.
Ending Logic Optimization Task | Checksum: 1e76dff04

Time (s): cpu = 00:00:02 ; elapsed = 00:00:02 . Memory (MB): peak = 2241.113 ; gain = 0.000
Ending Final Cleanup Task | Checksum: 1e76dff04

Time (s): cpu = 00:00:03 ; elapsed = 00:00:03 . Memory (MB): peak = 2241.113 ; gain = 0.000

Starting Netlist Obfuscation Task
Netlist sorting complete. Time (s): cpu = 00:00:00 ; elapsed = 00:00:00.014 . Memory (MB): peak = 2241.113 ; gain = 0.000
Ending Netlist Obfuscation Task | Checksum: 1e76dff04

Time (s): cpu = 00:00:00 ; elapsed = 00:00:00.015 . Memory (MB): peak = 2241.113 ; gain = 0.000
INFO: [Common 17-83] Releasing license: Implementation
77 Infos, 4 Warnings, 0 Critical Warnings and 0 Errors encountered.
opt_design completed successfully
opt_design: Time (s): cpu = 00:00:34 ; elapsed = 00:00:40 . Memory (MB): peak = 2241.113 ; gain = 730.836
Netlist sorting complete. Time (s): cpu = 00:00:00 ; elapsed = 00:00:00.014 . Memory (MB): peak = 2241.113 ; gain = 0.000
INFO: [Timing 38-480] Writing timing data to binary archive.
Writing placer database...
Writing XDEF routing.
Writing XDEF routing logical nets.
Writing XDEF routing special nets.
Write XDEF Complete: Time (s): cpu = 00:00:00 ; elapsed = 00:00:00.033 . Memory (MB): peak = 2241.113 ; gain = 0.000
INFO: [Common 17-1381] The checkpoint 'C:/Users/zande/Documents/VSCODE/SchoolStuff/ece153a/Labs/HardwareSetup/lab2b/lab2b.runs/impl_1/system_wrapper_opt.dcp' has been generated.
write_checkpoint: Time (s): cpu = 00:00:07 ; elapsed = 00:00:06 . Memory (MB): peak = 2241.113 ; gain = 0.000
INFO: [runtcl-4] Executing : report_drc -file system_wrapper_drc_opted.rpt -pb system_wrapper_drc_opted.pb -rpx system_wrapper_drc_opted.rpx
Command: report_drc -file system_wrapper_drc_opted.rpt -pb system_wrapper_drc_opted.pb -rpx system_wrapper_drc_opted.rpx
INFO: [IP_Flow 19-1839] IP Catalog is up to date.
INFO: [DRC 23-27] Running DRC with 2 threads
INFO: [Coretcl 2-168] The results of DRC are in file C:/Users/zande/Documents/VSCODE/SchoolStuff/ece153a/Labs/HardwareSetup/lab2b/lab2b.runs/impl_1/system_wrapper_drc_opted.rpt.
report_drc completed successfully
INFO: [Chipscope 16-240] Debug cores have already been implemented
Command: place_design
Attempting to get a license for feature 'Implementation' and/or device 'xc7a100t'
INFO: [Common 17-349] Got license for feature 'Implementation' and/or device 'xc7a100t'
INFO: [DRC 23-27] Running DRC with 2 threads
INFO: [Vivado_Tcl 4-198] DRC finished with 0 Errors
INFO: [Vivado_Tcl 4-199] Please refer to the DRC report (report_drc) for more information.
Running DRC as a precondition to command place_design
INFO: [DRC 23-27] Running DRC with 2 threads
INFO: [Vivado_Tcl 4-198] DRC finished with 0 Errors
INFO: [Vivado_Tcl 4-199] Please refer to the DRC report (report_drc) for more information.

Starting Placer Task
INFO: [Place 30-611] Multithreading enabled for place_design using a maximum of 2 CPUs

Phase 1 Placer Initialization

Phase 1.1 Placer Initialization Netlist Sorting
Netlist sorting complete. Time (s): cpu = 00:00:00 ; elapsed = 00:00:00.015 . Memory (MB): peak = 2241.113 ; gain = 0.000
Phase 1.1 Placer Initialization Netlist Sorting | Checksum: 12389e323

Time (s): cpu = 00:00:00 ; elapsed = 00:00:00.021 . Memory (MB): peak = 2241.113 ; gain = 0.000
Netlist sorting complete. Time (s): cpu = 00:00:00 ; elapsed = 00:00:00.013 . Memory (MB): peak = 2241.113 ; gain = 0.000

Phase 1.2 IO Placement/ Clock Placement/ Build Placer Device
INFO: [Timing 38-35] Done setting XDC timing constraints.
Phase 1.2 IO Placement/ Clock Placement/ Build Placer Device | Checksum: 1306ae95a

Time (s): cpu = 00:00:04 ; elapsed = 00:00:04 . Memory (MB): peak = 2241.113 ; gain = 0.000

Phase 1.3 Build Placer Netlist Model
Phase 1.3 Build Placer Netlist Model | Checksum: ebcc8ffe

Time (s): cpu = 00:00:08 ; elapsed = 00:00:08 . Memory (MB): peak = 2241.113 ; gain = 0.000

Phase 1.4 Constrain Clocks/Macros
Phase 1.4 Constrain Clocks/Macros | Checksum: ebcc8ffe

Time (s): cpu = 00:00:08 ; elapsed = 00:00:08 . Memory (MB): peak = 2241.113 ; gain = 0.000
Phase 1 Placer Initialization | Checksum: ebcc8ffe

Time (s): cpu = 00:00:08 ; elapsed = 00:00:08 . Memory (MB): peak = 2241.113 ; gain = 0.000

Phase 2 Global Placement

Phase 2.1 Floorplanning
Phase 2.1 Floorplanning | Checksum: 147a56b32

Time (s): cpu = 00:00:09 ; elapsed = 00:00:09 . Memory (MB): peak = 2241.113 ; gain = 0.000

Phase 2.2 Global Placement Core

Phase 2.2.1 Physical Synthesis In Placer
INFO: [Physopt 32-65] No nets found for high-fanout optimization.
INFO: [Physopt 32-232] Optimized 0 net. Created 0 new instance.
INFO: [Physopt 32-775] End 1 Pass. Optimized 0 net or cell. Created 0 new cell, deleted 0 existing cell and moved 0 existing cell
INFO: [Physopt 32-670] No setup violation found.  Fanout Optimization was not performed.
INFO: [Physopt 32-670] No setup violation found.  DSP Register Optimization was not performed.
INFO: [Physopt 32-670] No setup violation found.  Shift Register Optimization was not performed.
INFO: [Physopt 32-670] No setup violation found.  BRAM Register Optimization was not performed.
INFO: [Physopt 32-949] No candidate nets found for HD net replication
INFO: [Physopt 32-775] End 1 Pass. Optimized 0 net or cell. Created 0 new cell, deleted 0 existing cell and moved 0 existing cell
Netlist sorting complete. Time (s): cpu = 00:00:00 ; elapsed = 00:00:00.014 . Memory (MB): peak = 2241.113 ; gain = 0.000

Summary of Physical Synthesis Optimizations
============================================


----------------------------------------------------------------------------------------------------------------------------------------
|  Optimization                  |  Added Cells  |  Removed Cells  |  Optimized Cells/Nets  |  Dont Touch  |  Iterations  |  Elapsed   |
----------------------------------------------------------------------------------------------------------------------------------------
|  Very High Fanout              |            0  |              0  |                     0  |           0  |           1  |  00:00:00  |
|  Fanout                        |            0  |              0  |                     0  |           0  |           0  |  00:00:00  |
|  DSP Register                  |            0  |              0  |                     0  |           0  |           0  |  00:00:00  |
|  Shift Register                |            0  |              0  |                     0  |           0  |           0  |  00:00:00  |
|  BRAM Register                 |            0  |              0  |                     0  |           0  |           0  |  00:00:00  |
|  HD Interface Net Replication  |            0  |              0  |                     0  |           0  |           1  |  00:00:00  |
|  Total                         |            0  |              0  |                     0  |           0  |           2  |  00:00:00  |
----------------------------------------------------------------------------------------------------------------------------------------


Phase 2.2.1 Physical Synthesis In Placer | Checksum: ab0afba6

Time (s): cpu = 00:00:20 ; elapsed = 00:00:20 . Memory (MB): peak = 2241.113 ; gain = 0.000
Phase 2.2 Global Placement Core | Checksum: a21949fe

Time (s): cpu = 00:00:21 ; elapsed = 00:00:21 . Memory (MB): peak = 2241.113 ; gain = 0.000
Phase 2 Global Placement | Checksum: a21949fe

Time (s): cpu = 00:00:21 ; elapsed = 00:00:21 . Memory (MB): peak = 2241.113 ; gain = 0.000

Phase 3 Detail Placement

Phase 3.1 Commit Multi Column Macros
Phase 3.1 Commit Multi Column Macros | Checksum: 14963d35c

Time (s): cpu = 00:00:21 ; elapsed = 00:00:22 . Memory (MB): peak = 2241.113 ; gain = 0.000

Phase 3.2 Commit Most Macros & LUTRAMs
Phase 3.2 Commit Most Macros & LUTRAMs | Checksum: 4e186f18

Time (s): cpu = 00:00:23 ; elapsed = 00:00:25 . Memory (MB): peak = 2241.113 ; gain = 0.000

Phase 3.3 Area Swap Optimization
Phase 3.3 Area Swap Optimization | Checksum: 39d83493

Time (s): cpu = 00:00:23 ; elapsed = 00:00:25 . Memory (MB): peak = 2241.113 ; gain = 0.000

Phase 3.4 Pipeline Register Optimization
Phase 3.4 Pipeline Register Optimization | Checksum: ca1ad8a5

Time (s): cpu = 00:00:23 ; elapsed = 00:00:25 . Memory (MB): peak = 2241.113 ; gain = 0.000

Phase 3.5 Fast Optimization
Phase 3.5 Fast Optimization | Checksum: 9cd903f3

Time (s): cpu = 00:00:23 ; elapsed = 00:00:27 . Memory (MB): peak = 2241.113 ; gain = 0.000

Phase 3.6 Small Shape Detail Placement
Phase 3.6 Small Shape Detail Placement | Checksum: be02b620

Time (s): cpu = 00:00:27 ; elapsed = 00:00:32 . Memory (MB): peak = 2241.113 ; gain = 0.000

Phase 3.7 Re-assign LUT pins
Phase 3.7 Re-assign LUT pins | Checksum: 1292af68b

Time (s): cpu = 00:00:28 ; elapsed = 00:00:33 . Memory (MB): peak = 2241.113 ; gain = 0.000

Phase 3.8 Pipeline Register Optimization
Phase 3.8 Pipeline Register Optimization | Checksum: 14175bfee

Time (s): cpu = 00:00:29 ; elapsed = 00:00:33 . Memory (MB): peak = 2241.113 ; gain = 0.000
Phase 3 Detail Placement | Checksum: 14175bfee

Time (s): cpu = 00:00:29 ; elapsed = 00:00:33 . Memory (MB): peak = 2241.113 ; gain = 0.000

Phase 4 Post Placement Optimization and Clean-Up

Phase 4.1 Post Commit Optimization
INFO: [Timing 38-35] Done setting XDC timing constraints.

Phase 4.1.1 Post Placement Optimization
Post Placement Optimization Initialization | Checksum: 183597a6d

Phase 4.1.1.1 BUFG Insertion
INFO: [Place 46-33] Processed net system_i/microblaze_0/U0/MicroBlaze_Core_I/sync_reset, BUFG insertion was skipped due to placement/routing conflicts.
INFO: [Place 46-56] BUFG insertion identified 1 candidate nets. Inserted BUFG: 0, Replicated BUFG Driver: 0, Skipped due to Placement/Routing Conflicts: 1, Skipped due to Timing Degradation: 0, Skipped due to Illegal Netlist: 0.
Phase 4.1.1.1 BUFG Insertion | Checksum: 183597a6d

Time (s): cpu = 00:00:31 ; elapsed = 00:00:37 . Memory (MB): peak = 2241.113 ; gain = 0.000
INFO: [Place 30-746] Post Placement Timing Summary WNS=0.585. For the most accurate timing information please run report_timing.
Phase 4.1.1 Post Placement Optimization | Checksum: d7be8487

Time (s): cpu = 00:00:32 ; elapsed = 00:00:38 . Memory (MB): peak = 2241.113 ; gain = 0.000
Phase 4.1 Post Commit Optimization | Checksum: d7be8487

Time (s): cpu = 00:00:32 ; elapsed = 00:00:38 . Memory (MB): peak = 2241.113 ; gain = 0.000

Phase 4.2 Post Placement Cleanup
Phase 4.2 Post Placement Cleanup | Checksum: d7be8487

Time (s): cpu = 00:00:32 ; elapsed = 00:00:38 . Memory (MB): peak = 2241.113 ; gain = 0.000

Phase 4.3 Placer Reporting
Phase 4.3 Placer Reporting | Checksum: d7be8487

Time (s): cpu = 00:00:33 ; elapsed = 00:00:38 . Memory (MB): peak = 2241.113 ; gain = 0.000

Phase 4.4 Final Placement Cleanup
Netlist sorting complete. Time (s): cpu = 00:00:00 ; elapsed = 00:00:00.015 . Memory (MB): peak = 2241.113 ; gain = 0.000
Phase 4.4 Final Placement Cleanup | Checksum: b9cb6906

Time (s): cpu = 00:00:33 ; elapsed = 00:00:38 . Memory (MB): peak = 2241.113 ; gain = 0.000
Phase 4 Post Placement Optimization and Clean-Up | Checksum: b9cb6906

Time (s): cpu = 00:00:33 ; elapsed = 00:00:39 . Memory (MB): peak = 2241.113 ; gain = 0.000
Ending Placer Task | Checksum: b7df9975

Time (s): cpu = 00:00:33 ; elapsed = 00:00:39 . Memory (MB): peak = 2241.113 ; gain = 0.000
INFO: [Common 17-83] Releasing license: Implementation
107 Infos, 4 Warnings, 0 Critical Warnings and 0 Errors encountered.
place_design completed successfully
place_design: Time (s): cpu = 00:00:35 ; elapsed = 00:00:40 . Memory (MB): peak = 2241.113 ; gain = 0.000
Netlist sorting complete. Time (s): cpu = 00:00:00 ; elapsed = 00:00:00.013 . Memory (MB): peak = 2241.113 ; gain = 0.000
INFO: [Timing 38-480] Writing timing data to binary archive.
Writing placer database...
Writing XDEF routing.
Writing XDEF routing logical nets.
Writing XDEF routing special nets.
Write XDEF Complete: Time (s): cpu = 00:00:04 ; elapsed = 00:00:01 . Memory (MB): peak = 2241.113 ; gain = 0.000
INFO: [Common 17-1381] The checkpoint 'C:/Users/zande/Documents/VSCODE/SchoolStuff/ece153a/Labs/HardwareSetup/lab2b/lab2b.runs/impl_1/system_wrapper_placed.dcp' has been generated.
write_checkpoint: Time (s): cpu = 00:00:08 ; elapsed = 00:00:06 . Memory (MB): peak = 2241.113 ; gain = 0.000
INFO: [runtcl-4] Executing : report_io -file system_wrapper_io_placed.rpt
report_io: Time (s): cpu = 00:00:00 ; elapsed = 00:00:00.049 . Memory (MB): peak = 2241.113 ; gain = 0.000
INFO: [runtcl-4] Executing : report_utilization -file system_wrapper_utilization_placed.rpt -pb system_wrapper_utilization_placed.pb
INFO: [runtcl-4] Executing : report_control_sets -verbose -file system_wrapper_control_sets_placed.rpt
report_control_sets: Time (s): cpu = 00:00:01 ; elapsed = 00:00:00.683 . Memory (MB): peak = 2241.113 ; gain = 0.000
Command: route_design
Attempting to get a license for feature 'Implementation' and/or device 'xc7a100t'
INFO: [Common 17-349] Got license for feature 'Implementation' and/or device 'xc7a100t'
Running DRC as a precondition to command route_design
INFO: [DRC 23-27] Running DRC with 2 threads
INFO: [Vivado_Tcl 4-198] DRC finished with 0 Errors
INFO: [Vivado_Tcl 4-199] Please refer to the DRC report (report_drc) for more information.


Starting Routing Task
INFO: [Route 35-254] Multithreading enabled for route_design using a maximum of 2 CPUs
Checksum: PlaceDB: a265670f ConstDB: 0 ShapeSum: 157a3266 RouteDB: 0

Phase 1 Build RT Design
Phase 1 Build RT Design | Checksum: 11fa6307b

Time (s): cpu = 00:00:24 ; elapsed = 00:00:19 . Memory (MB): peak = 2241.113 ; gain = 0.000
Post Restoration Checksum: NetGraph: 61a9a285 NumContArr: bdfc8df6 Constraints: 0 Timing: 0

Phase 2 Router Initialization

Phase 2.1 Create Timer
Phase 2.1 Create Timer | Checksum: 11fa6307b

Time (s): cpu = 00:00:24 ; elapsed = 00:00:19 . Memory (MB): peak = 2241.113 ; gain = 0.000

Phase 2.2 Fix Topology Constraints
Phase 2.2 Fix Topology Constraints | Checksum: 11fa6307b

Time (s): cpu = 00:00:24 ; elapsed = 00:00:19 . Memory (MB): peak = 2241.113 ; gain = 0.000

Phase 2.3 Pre Route Cleanup
Phase 2.3 Pre Route Cleanup | Checksum: 11fa6307b

Time (s): cpu = 00:00:24 ; elapsed = 00:00:19 . Memory (MB): peak = 2241.113 ; gain = 0.000
 Number of Nodes with overlaps = 0

Phase 2.4 Update Timing
Phase 2.4 Update Timing | Checksum: 1485e53b8

Time (s): cpu = 00:00:28 ; elapsed = 00:00:24 . Memory (MB): peak = 2241.113 ; gain = 0.000
INFO: [Route 35-416] Intermediate Timing Summary | WNS=0.709  | TNS=0.000  | WHS=-0.303 | THS=-652.106|


Phase 2.5 Update Timing for Bus Skew

Phase 2.5.1 Update Timing
Phase 2.5.1 Update Timing | Checksum: f12c9169

Time (s): cpu = 00:00:30 ; elapsed = 00:00:27 . Memory (MB): peak = 2241.113 ; gain = 0.000
INFO: [Route 35-416] Intermediate Timing Summary | WNS=0.709  | TNS=0.000  | WHS=N/A    | THS=N/A    |

Phase 2.5 Update Timing for Bus Skew | Checksum: 1aa6931da

Time (s): cpu = 00:00:30 ; elapsed = 00:00:27 . Memory (MB): peak = 2241.113 ; gain = 0.000
Phase 2 Router Initialization | Checksum: 15d70944d

Time (s): cpu = 00:00:30 ; elapsed = 00:00:27 . Memory (MB): peak = 2241.113 ; gain = 0.000

Router Utilization Summary
  Global Vertical Routing Utilization    = 0 %
  Global Horizontal Routing Utilization  = 0 %
  Routable Net Status*
  *Does not include unroutable nets such as driverless and loadless.
  Run report_route_status for detailed report.
  Number of Failed Nets               = 23391
    (Failed Nets is the sum of unrouted and partially routed nets)
  Number of Unrouted Nets             = 23391
  Number of Partially Routed Nets     = 0
  Number of Node Overlaps             = 0


Phase 3 Initial Routing
Phase 3 Initial Routing | Checksum: 14203f7bd

Time (s): cpu = 00:00:46 ; elapsed = 00:00:37 . Memory (MB): peak = 2241.113 ; gain = 0.000

Phase 4 Rip-up And Reroute

Phase 4.1 Global Iteration 0
 Number of Nodes with overlaps = 2887
 Number of Nodes with overlaps = 411
 Number of Nodes with overlaps = 101
 Number of Nodes with overlaps = 47
 Number of Nodes with overlaps = 19
 Number of Nodes with overlaps = 6
 Number of Nodes with overlaps = 1
 Number of Nodes with overlaps = 0
INFO: [Route 35-416] Intermediate Timing Summary | WNS=0.781  | TNS=0.000  | WHS=N/A    | THS=N/A    |

Phase 4.1 Global Iteration 0 | Checksum: f9612c09

Time (s): cpu = 00:00:59 ; elapsed = 00:00:53 . Memory (MB): peak = 2241.113 ; gain = 0.000

Phase 4.2 Global Iteration 1
 Number of Nodes with overlaps = 4
 Number of Nodes with overlaps = 13
 Number of Nodes with overlaps = 9
 Number of Nodes with overlaps = 3
 Number of Nodes with overlaps = 0
INFO: [Route 35-416] Intermediate Timing Summary | WNS=0.781  | TNS=0.000  | WHS=N/A    | THS=N/A    |

Phase 4.2 Global Iteration 1 | Checksum: 1800bfb74

Time (s): cpu = 00:01:02 ; elapsed = 00:00:57 . Memory (MB): peak = 2241.113 ; gain = 0.000
Phase 4 Rip-up And Reroute | Checksum: 1800bfb74

Time (s): cpu = 00:01:02 ; elapsed = 00:00:57 . Memory (MB): peak = 2241.113 ; gain = 0.000

Phase 5 Delay and Skew Optimization

Phase 5.1 Delay CleanUp

Phase 5.1.1 Update Timing
Phase 5.1.1 Update Timing | Checksum: 22534e17c

Time (s): cpu = 00:01:02 ; elapsed = 00:00:57 . Memory (MB): peak = 2241.113 ; gain = 0.000
INFO: [Route 35-416] Intermediate Timing Summary | WNS=0.860  | TNS=0.000  | WHS=N/A    | THS=N/A    |

Phase 5.1 Delay CleanUp | Checksum: 1b8a7ae8d

Time (s): cpu = 00:01:02 ; elapsed = 00:00:58 . Memory (MB): peak = 2241.113 ; gain = 0.000

Phase 5.2 Clock Skew Optimization
Phase 5.2 Clock Skew Optimization | Checksum: 1b8a7ae8d

Time (s): cpu = 00:01:02 ; elapsed = 00:00:58 . Memory (MB): peak = 2241.113 ; gain = 0.000
Phase 5 Delay and Skew Optimization | Checksum: 1b8a7ae8d

Time (s): cpu = 00:01:02 ; elapsed = 00:00:58 . Memory (MB): peak = 2241.113 ; gain = 0.000

Phase 6 Post Hold Fix

Phase 6.1 Hold Fix Iter

Phase 6.1.1 Update Timing
Phase 6.1.1 Update Timing | Checksum: 133ba5e5d

Time (s): cpu = 00:01:03 ; elapsed = 00:00:59 . Memory (MB): peak = 2241.113 ; gain = 0.000
INFO: [Route 35-416] Intermediate Timing Summary | WNS=0.860  | TNS=0.000  | WHS=0.021  | THS=0.000  |

Phase 6.1 Hold Fix Iter | Checksum: 16b32664d

Time (s): cpu = 00:01:03 ; elapsed = 00:00:59 . Memory (MB): peak = 2241.113 ; gain = 0.000
Phase 6 Post Hold Fix | Checksum: 16b32664d

Time (s): cpu = 00:01:03 ; elapsed = 00:00:59 . Memory (MB): peak = 2241.113 ; gain = 0.000

Phase 7 Route finalize

Router Utilization Summary
  Global Vertical Routing Utilization    = 5.01249 %
  Global Horizontal Routing Utilization  = 5.80037 %
  Routable Net Status*
  *Does not include unroutable nets such as driverless and loadless.
  Run report_route_status for detailed report.
  Number of Failed Nets               = 0
    (Failed Nets is the sum of unrouted and partially routed nets)
  Number of Unrouted Nets             = 0
  Number of Partially Routed Nets     = 0
  Number of Node Overlaps             = 0

Phase 7 Route finalize | Checksum: 1f2d6dd74

Time (s): cpu = 00:01:04 ; elapsed = 00:00:59 . Memory (MB): peak = 2241.113 ; gain = 0.000

Phase 8 Verifying routed nets

 Verification completed successfully
Phase 8 Verifying routed nets | Checksum: 1f2d6dd74

Time (s): cpu = 00:01:04 ; elapsed = 00:00:59 . Memory (MB): peak = 2241.113 ; gain = 0.000

Phase 9 Depositing Routes
Phase 9 Depositing Routes | Checksum: 227428f56

Time (s): cpu = 00:01:05 ; elapsed = 00:01:01 . Memory (MB): peak = 2241.113 ; gain = 0.000

Phase 10 Post Router Timing
INFO: [Route 35-57] Estimated Timing Summary | WNS=0.860  | TNS=0.000  | WHS=0.021  | THS=0.000  |

INFO: [Route 35-327] The final timing numbers are based on the router estimated timing analysis. For a complete and accurate timing signoff, please run report_timing_summary.
Phase 10 Post Router Timing | Checksum: 227428f56

Time (s): cpu = 00:01:05 ; elapsed = 00:01:01 . Memory (MB): peak = 2241.113 ; gain = 0.000
INFO: [Route 35-16] Router Completed Successfully

Time (s): cpu = 00:01:05 ; elapsed = 00:01:01 . Memory (MB): peak = 2241.113 ; gain = 0.000

Routing Is Done.
INFO: [Common 17-83] Releasing license: Implementation
127 Infos, 4 Warnings, 0 Critical Warnings and 0 Errors encountered.
route_design completed successfully
route_design: Time (s): cpu = 00:01:08 ; elapsed = 00:01:21 . Memory (MB): peak = 2241.113 ; gain = 0.000
Netlist sorting complete. Time (s): cpu = 00:00:00 ; elapsed = 00:00:00.016 . Memory (MB): peak = 2241.113 ; gain = 0.000
INFO: [Timing 38-480] Writing timing data to binary archive.
Writing placer database...
Writing XDEF routing.
Writing XDEF routing logical nets.
Writing XDEF routing special nets.
Write XDEF Complete: Time (s): cpu = 00:00:04 ; elapsed = 00:00:02 . Memory (MB): peak = 2241.113 ; gain = 0.000
INFO: [Common 17-1381] The checkpoint 'C:/Users/zande/Documents/VSCODE/SchoolStuff/ece153a/Labs/HardwareSetup/lab2b/lab2b.runs/impl_1/system_wrapper_routed.dcp' has been generated.
write_checkpoint: Time (s): cpu = 00:00:09 ; elapsed = 00:00:06 . Memory (MB): peak = 2241.113 ; gain = 0.000
INFO: [runtcl-4] Executing : report_drc -file system_wrapper_drc_routed.rpt -pb system_wrapper_drc_routed.pb -rpx system_wrapper_drc_routed.rpx
Command: report_drc -file system_wrapper_drc_routed.rpt -pb system_wrapper_drc_routed.pb -rpx system_wrapper_drc_routed.rpx
INFO: [IP_Flow 19-1839] IP Catalog is up to date.
INFO: [DRC 23-27] Running DRC with 2 threads
INFO: [Coretcl 2-168] The results of DRC are in file C:/Users/zande/Documents/VSCODE/SchoolStuff/ece153a/Labs/HardwareSetup/lab2b/lab2b.runs/impl_1/system_wrapper_drc_routed.rpt.
report_drc completed successfully
INFO: [runtcl-4] Executing : report_methodology -file system_wrapper_methodology_drc_routed.rpt -pb system_wrapper_methodology_drc_routed.pb -rpx system_wrapper_methodology_drc_routed.rpx
Command: report_methodology -file system_wrapper_methodology_drc_routed.rpt -pb system_wrapper_methodology_drc_routed.pb -rpx system_wrapper_methodology_drc_routed.rpx
INFO: [Timing 38-35] Done setting XDC timing constraints.
INFO: [DRC 23-133] Running Methodology with 2 threads
INFO: [Coretcl 2-1520] The results of Report Methodology are in file C:/Users/zande/Documents/VSCODE/SchoolStuff/ece153a/Labs/HardwareSetup/lab2b/lab2b.runs/impl_1/system_wrapper_methodology_drc_routed.rpt.
report_methodology completed successfully
report_methodology: Time (s): cpu = 00:00:10 ; elapsed = 00:00:07 . Memory (MB): peak = 2266.402 ; gain = 25.289
INFO: [runtcl-4] Executing : report_power -file system_wrapper_power_routed.rpt -pb system_wrapper_power_summary_routed.pb -rpx system_wrapper_power_routed.rpx
Command: report_power -file system_wrapper_power_routed.rpt -pb system_wrapper_power_summary_routed.pb -rpx system_wrapper_power_routed.rpx
INFO: [Timing 38-35] Done setting XDC timing constraints.
Running Vector-less Activity Propagation...

Finished Running Vector-less Activity Propagation
WARNING: [Power 33-332] Found switching activity that implies high-fanout reset nets being asserted for excessive periods of time which may result in inaccurate power analysis.
Resolution: To review and fix problems, please run Power Constraints Advisor in the GUI from Tools > Power Constraints Advisor or run report_power with the -advisory option to generate a text report.
139 Infos, 5 Warnings, 0 Critical Warnings and 0 Errors encountered.
report_power completed successfully
report_power: Time (s): cpu = 00:00:08 ; elapsed = 00:00:07 . Memory (MB): peak = 2267.367 ; gain = 0.965
INFO: [runtcl-4] Executing : report_route_status -file system_wrapper_route_status.rpt -pb system_wrapper_route_status.pb
INFO: [runtcl-4] Executing : report_timing_summary -max_paths 10 -file system_wrapper_timing_summary_routed.rpt -pb system_wrapper_timing_summary_routed.pb -rpx system_wrapper_timing_summary_routed.rpx -warn_on_violation 
INFO: [Timing 38-91] UpdateTimingParams: Speed grade: -1, Delay Type: min_max.
INFO: [Timing 38-191] Multithreading enabled for timing update using a maximum of 2 CPUs
WARNING: [Timing 38-436] There are set_bus_skew constraint(s) in this design. Please run report_bus_skew to ensure that bus skew requirements are met.
INFO: [runtcl-4] Executing : report_incremental_reuse -file system_wrapper_incremental_reuse_routed.rpt
INFO: [Vivado_Tcl 4-1062] Incremental flow is disabled. No incremental reuse Info to report.
INFO: [runtcl-4] Executing : report_clock_utilization -file system_wrapper_clock_utilization_routed.rpt
INFO: [runtcl-4] Executing : report_bus_skew -warn_on_violation -file system_wrapper_bus_skew_routed.rpt -pb system_wrapper_bus_skew_routed.pb -rpx system_wrapper_bus_skew_routed.rpx
INFO: [Timing 38-91] UpdateTimingParams: Speed grade: -1, Delay Type: min_max.
INFO: [Timing 38-191] Multithreading enabled for timing update using a maximum of 2 CPUs
INFO: [Common 17-206] Exiting Vivado at Thu Nov  2 16:16:46 2023...

*** Running vivado
    with args -log system_wrapper.vdi -applog -m64 -product Vivado -messageDb vivado.pb -mode batch -source system_wrapper.tcl -notrace


****** Vivado v2019.1 (64-bit)
  **** SW Build 2552052 on Fri May 24 14:49:42 MDT 2019
  **** IP Build 2548770 on Fri May 24 18:01:18 MDT 2019
    ** Copyright 1986-2019 Xilinx, Inc. All Rights Reserved.

source system_wrapper.tcl -notrace
Command: open_checkpoint system_wrapper_routed.dcp

Starting open_checkpoint Task

Time (s): cpu = 00:00:00 ; elapsed = 00:00:00.022 . Memory (MB): peak = 291.020 ; gain = 0.000
INFO: [Device 21-403] Loading part xc7a100tcsg324-1
INFO: [Netlist 29-17] Analyzing 1228 Unisim elements for replacement
INFO: [Netlist 29-28] Unisim Transformation completed in 0 CPU seconds
INFO: [Project 1-479] Netlist was created with Vivado 2019.1
INFO: [Project 1-570] Preparing netlist for logic optimization
WARNING: [Constraints 18-550] Could not create 'IBUF_LOW_PWR' constraint because net 'system_i/clk_wiz_0/clk_in1' is not directly connected to top level port. Synthesis is ignored for IBUF_LOW_PWR but preserved for implementation.
INFO: [Timing 38-478] Restoring timing data from binary archive.
INFO: [Timing 38-479] Binary timing data restore complete.
INFO: [Project 1-856] Restoring constraints from binary archive.
INFO: [Project 1-853] Binary constraint restore complete.
Reading XDEF placement.
Reading placer database...
Reading XDEF routing.
Read XDEF File: Time (s): cpu = 00:00:02 ; elapsed = 00:00:02 . Memory (MB): peak = 1447.121 ; gain = 9.910
Restored from archive | CPU: 2.000000 secs | Memory: 0.000000 MB |
Finished XDEF File Restore: Time (s): cpu = 00:00:02 ; elapsed = 00:00:02 . Memory (MB): peak = 1447.121 ; gain = 9.910
Netlist sorting complete. Time (s): cpu = 00:00:00 ; elapsed = 00:00:00.013 . Memory (MB): peak = 1447.121 ; gain = 0.000
INFO: [Project 1-111] Unisim Transformation Summary:
  A total of 462 instances were transformed.
  CFGLUT5 => CFGLUT5 (SRLC32E, SRL16E): 56 instances
  IOBUFDS_INTERMDISABLE => IOBUFDS_INTERMDISABLE (IBUFDS_INTERMDISABLE_INT, IBUFDS_INTERMDISABLE_INT, INV, OBUFTDS, OBUFTDS): 2 instances
  IOBUF_INTERMDISABLE => IOBUF_INTERMDISABLE (IBUF_INTERMDISABLE, OBUFT): 16 instances
  LUT6_2 => LUT6_2 (LUT5, LUT6): 63 instances
  OBUFDS => OBUFDS_DUAL_BUF (INV, OBUFDS, OBUFDS): 1 instances
  RAM16X1D => RAM32X1D (RAMD32, RAMD32): 33 instances
  RAM32M => RAM32M (RAMD32, RAMD32, RAMD32, RAMD32, RAMD32, RAMD32, RAMS32, RAMS32): 289 instances
  SRLC16E => SRL16E: 1 instances
  SRLC32E => SRL16E: 1 instances

INFO: [Project 1-604] Checkpoint was created with Vivado v2019.1 (64-bit) build 2552052
open_checkpoint: Time (s): cpu = 00:00:17 ; elapsed = 00:00:31 . Memory (MB): peak = 1447.121 ; gain = 1156.102
INFO: [Memdata 28-167] Found XPM memory block system_i/axi_smc/inst/s01_nodes/s01_r_node/inst/inst_mi_handler/gen_normal_area.inst_fifo_node_payld/gen_xpm_memory_fifo.inst_fifo/gen_mem_rep[0].inst_xpm_memory/xpm_memory_base_inst with a P_MEMORY_PRIMITIVE property set to distributed. A value of block is required. You will not be able to use the updatemem program to update the bitstream with new data for the system_i/axi_smc/inst/s01_nodes/s01_r_node/inst/inst_mi_handler/gen_normal_area.inst_fifo_node_payld/gen_xpm_memory_fifo.inst_fifo/gen_mem_rep[0].inst_xpm_memory/xpm_memory_base_inst block.
INFO: [Memdata 28-167] Found XPM memory block system_i/axi_smc/inst/s01_nodes/s01_ar_node/inst/inst_mi_handler/gen_normal_area.inst_fifo_node_payld/gen_xpm_memory_fifo.inst_fifo/gen_mem_rep[0].inst_xpm_memory/xpm_memory_base_inst with a P_MEMORY_PRIMITIVE property set to distributed. A value of block is required. You will not be able to use the updatemem program to update the bitstream with new data for the system_i/axi_smc/inst/s01_nodes/s01_ar_node/inst/inst_mi_handler/gen_normal_area.inst_fifo_node_payld/gen_xpm_memory_fifo.inst_fifo/gen_mem_rep[0].inst_xpm_memory/xpm_memory_base_inst block.
INFO: [Memdata 28-167] Found XPM memory block system_i/axi_smc/inst/s00_nodes/s00_w_node/inst/inst_mi_handler/gen_normal_area.inst_fifo_node_payld/gen_xpm_memory_fifo.inst_fifo/gen_mem_rep[0].inst_xpm_memory/xpm_memory_base_inst with a P_MEMORY_PRIMITIVE property set to distributed. A value of block is required. You will not be able to use the updatemem program to update the bitstream with new data for the system_i/axi_smc/inst/s00_nodes/s00_w_node/inst/inst_mi_handler/gen_normal_area.inst_fifo_node_payld/gen_xpm_memory_fifo.inst_fifo/gen_mem_rep[0].inst_xpm_memory/xpm_memory_base_inst block.
INFO: [Memdata 28-167] Found XPM memory block system_i/axi_smc/inst/s00_nodes/s00_w_node/inst/inst_mi_handler/gen_normal_area.gen_fifo_req.inst_fifo_req/gen_xpm_memory_fifo.inst_fifo/gen_mem_rep[0].inst_xpm_memory/xpm_memory_base_inst with a P_MEMORY_PRIMITIVE property set to distributed. A value of block is required. You will not be able to use the updatemem program to update the bitstream with new data for the system_i/axi_smc/inst/s00_nodes/s00_w_node/inst/inst_mi_handler/gen_normal_area.gen_fifo_req.inst_fifo_req/gen_xpm_memory_fifo.inst_fifo/gen_mem_rep[0].inst_xpm_memory/xpm_memory_base_inst block.
INFO: [Memdata 28-167] Found XPM memory block system_i/axi_smc/inst/s00_nodes/s00_r_node/inst/inst_mi_handler/gen_normal_area.inst_fifo_node_payld/gen_xpm_memory_fifo.inst_fifo/gen_mem_rep[0].inst_xpm_memory/xpm_memory_base_inst with a P_MEMORY_PRIMITIVE property set to distributed. A value of block is required. You will not be able to use the updatemem program to update the bitstream with new data for the system_i/axi_smc/inst/s00_nodes/s00_r_node/inst/inst_mi_handler/gen_normal_area.inst_fifo_node_payld/gen_xpm_memory_fifo.inst_fifo/gen_mem_rep[0].inst_xpm_memory/xpm_memory_base_inst block.
INFO: [Memdata 28-167] Found XPM memory block system_i/axi_smc/inst/s00_nodes/s00_aw_node/inst/inst_mi_handler/gen_normal_area.inst_fifo_node_payld/gen_xpm_memory_fifo.inst_fifo/gen_mem_rep[0].inst_xpm_memory/xpm_memory_base_inst with a P_MEMORY_PRIMITIVE property set to distributed. A value of block is required. You will not be able to use the updatemem program to update the bitstream with new data for the system_i/axi_smc/inst/s00_nodes/s00_aw_node/inst/inst_mi_handler/gen_normal_area.inst_fifo_node_payld/gen_xpm_memory_fifo.inst_fifo/gen_mem_rep[0].inst_xpm_memory/xpm_memory_base_inst block.
INFO: [Memdata 28-167] Found XPM memory block system_i/axi_smc/inst/s00_nodes/s00_ar_node/inst/inst_mi_handler/gen_normal_area.inst_fifo_node_payld/gen_xpm_memory_fifo.inst_fifo/gen_mem_rep[0].inst_xpm_memory/xpm_memory_base_inst with a P_MEMORY_PRIMITIVE property set to distributed. A value of block is required. You will not be able to use the updatemem program to update the bitstream with new data for the system_i/axi_smc/inst/s00_nodes/s00_ar_node/inst/inst_mi_handler/gen_normal_area.inst_fifo_node_payld/gen_xpm_memory_fifo.inst_fifo/gen_mem_rep[0].inst_xpm_memory/xpm_memory_base_inst block.
INFO: [Memdata 28-167] Found XPM memory block system_i/axi_smc/inst/m00_nodes/m00_w_node/inst/inst_si_handler/gen_si_handler.gen_request_fifos.gen_req_fifo[0].inst_req_fifo/gen_xpm_memory_fifo.inst_fifo/gen_mem_rep[0].inst_xpm_memory/xpm_memory_base_inst with a P_MEMORY_PRIMITIVE property set to distributed. A value of block is required. You will not be able to use the updatemem program to update the bitstream with new data for the system_i/axi_smc/inst/m00_nodes/m00_w_node/inst/inst_si_handler/gen_si_handler.gen_request_fifos.gen_req_fifo[0].inst_req_fifo/gen_xpm_memory_fifo.inst_fifo/gen_mem_rep[0].inst_xpm_memory/xpm_memory_base_inst block.
INFO: [Memdata 28-167] Found XPM memory block system_i/axi_smc/inst/m00_nodes/m00_w_node/inst/inst_mi_handler/gen_normal_area.inst_fifo_node_payld/gen_xpm_memory_fifo.inst_fifo/gen_mem_rep[0].inst_xpm_memory/xpm_memory_base_inst with a P_MEMORY_PRIMITIVE property set to distributed. A value of block is required. You will not be able to use the updatemem program to update the bitstream with new data for the system_i/axi_smc/inst/m00_nodes/m00_w_node/inst/inst_mi_handler/gen_normal_area.inst_fifo_node_payld/gen_xpm_memory_fifo.inst_fifo/gen_mem_rep[0].inst_xpm_memory/xpm_memory_base_inst block.
INFO: [Memdata 28-167] Found XPM memory block system_i/axi_smc/inst/m00_nodes/m00_r_node/inst/inst_mi_handler/gen_normal_area.inst_fifo_node_payld/gen_xpm_memory_fifo.inst_fifo/gen_mem_rep[0].inst_xpm_memory/xpm_memory_base_inst with a P_MEMORY_PRIMITIVE property set to distributed. A value of block is required. You will not be able to use the updatemem program to update the bitstream with new data for the system_i/axi_smc/inst/m00_nodes/m00_r_node/inst/inst_mi_handler/gen_normal_area.inst_fifo_node_payld/gen_xpm_memory_fifo.inst_fifo/gen_mem_rep[0].inst_xpm_memory/xpm_memory_base_inst block.
INFO: [Memdata 28-167] Found XPM memory block system_i/axi_smc/inst/m00_nodes/m00_r_node/inst/inst_mi_handler/gen_normal_area.gen_fifo_req.inst_fifo_req/gen_xpm_memory_fifo.inst_fifo/gen_mem_rep[0].inst_xpm_memory/xpm_memory_base_inst with a P_MEMORY_PRIMITIVE property set to distributed. A value of block is required. You will not be able to use the updatemem program to update the bitstream with new data for the system_i/axi_smc/inst/m00_nodes/m00_r_node/inst/inst_mi_handler/gen_normal_area.gen_fifo_req.inst_fifo_req/gen_xpm_memory_fifo.inst_fifo/gen_mem_rep[0].inst_xpm_memory/xpm_memory_base_inst block.
INFO: [Memdata 28-167] Found XPM memory block system_i/axi_smc/inst/m00_nodes/m00_b_node/inst/inst_mi_handler/gen_normal_area.gen_fifo_req.inst_fifo_req/gen_xpm_memory_fifo.inst_fifo/gen_mem_rep[0].inst_xpm_memory/xpm_memory_base_inst with a P_MEMORY_PRIMITIVE property set to distributed. A value of block is required. You will not be able to use the updatemem program to update the bitstream with new data for the system_i/axi_smc/inst/m00_nodes/m00_b_node/inst/inst_mi_handler/gen_normal_area.gen_fifo_req.inst_fifo_req/gen_xpm_memory_fifo.inst_fifo/gen_mem_rep[0].inst_xpm_memory/xpm_memory_base_inst block.
INFO: [Memdata 28-167] Found XPM memory block system_i/axi_smc/inst/m00_nodes/m00_aw_node/inst/inst_mi_handler/gen_normal_area.inst_fifo_node_payld/gen_xpm_memory_fifo.inst_fifo/gen_mem_rep[0].inst_xpm_memory/xpm_memory_base_inst with a P_MEMORY_PRIMITIVE property set to distributed. A value of block is required. You will not be able to use the updatemem program to update the bitstream with new data for the system_i/axi_smc/inst/m00_nodes/m00_aw_node/inst/inst_mi_handler/gen_normal_area.inst_fifo_node_payld/gen_xpm_memory_fifo.inst_fifo/gen_mem_rep[0].inst_xpm_memory/xpm_memory_base_inst block.
INFO: [Memdata 28-167] Found XPM memory block system_i/axi_smc/inst/m00_nodes/m00_ar_node/inst/inst_mi_handler/gen_normal_area.inst_fifo_node_payld/gen_xpm_memory_fifo.inst_fifo/gen_mem_rep[0].inst_xpm_memory/xpm_memory_base_inst with a P_MEMORY_PRIMITIVE property set to distributed. A value of block is required. You will not be able to use the updatemem program to update the bitstream with new data for the system_i/axi_smc/inst/m00_nodes/m00_ar_node/inst/inst_mi_handler/gen_normal_area.inst_fifo_node_payld/gen_xpm_memory_fifo.inst_fifo/gen_mem_rep[0].inst_xpm_memory/xpm_memory_base_inst block.
INFO: [Memdata 28-208] The XPM instance: <system_i/SPI/U0/NO_DUAL_QUAD_MODE.QSPI_NORMAL/QSPI_LEGACY_MD_GEN.QSPI_CORE_INTERFACE_I/FIFO_EXISTS.TX_FIFO_II/xpm_fifo_instance.xpm_fifo_async_inst/gnuram_async_fifo.xpm_fifo_base_inst/gen_sdpram.xpm_memory_base_inst> is part of IP: <system_i/SPI>. This XPM instance will be excluded from the .mmi because updatemem is prohibited from making changes to an XPM that is part of an IP.
INFO: [Memdata 28-208] The XPM instance: <system_i/SPI/U0/NO_DUAL_QUAD_MODE.QSPI_NORMAL/QSPI_LEGACY_MD_GEN.QSPI_CORE_INTERFACE_I/FIFO_EXISTS.RX_FIFO_II/gnuram_async_fifo.xpm_fifo_base_inst/gen_sdpram.xpm_memory_base_inst> is part of IP: <system_i/SPI>. This XPM instance will be excluded from the .mmi because updatemem is prohibited from making changes to an XPM that is part of an IP.
Command: write_bitstream -force system_wrapper.bit
Attempting to get a license for feature 'Implementation' and/or device 'xc7a100t'
INFO: [Common 17-349] Got license for feature 'Implementation' and/or device 'xc7a100t'
Running DRC as a precondition to command write_bitstream
INFO: [IP_Flow 19-234] Refreshing IP repositories
INFO: [IP_Flow 19-1704] No user IP repositories specified
INFO: [IP_Flow 19-2313] Loaded Vivado IP repository 'C:/Xilinx/Vivado/2019.1/data/ip'.
INFO: [DRC 23-27] Running DRC with 2 threads
WARNING: [DRC DPIP-1] Input pipelining: DSP system_i/microblaze_0/U0/MicroBlaze_Core_I/Performance.Core/Data_Flow_I/MUL_Unit_I/Use_HW_MUL.Using_DSP48_Architectures.No_MUL64.dsp_module_I2/Using_DSP48E1.DSP48E1_I1/Using_FPGA.DSP48E1_I1 input system_i/microblaze_0/U0/MicroBlaze_Core_I/Performance.Core/Data_Flow_I/MUL_Unit_I/Use_HW_MUL.Using_DSP48_Architectures.No_MUL64.dsp_module_I2/Using_DSP48E1.DSP48E1_I1/Using_FPGA.DSP48E1_I1/A[29:0] is not pipelined. Pipelining DSP48 input will improve performance.
WARNING: [DRC DPIP-1] Input pipelining: DSP system_i/microblaze_0/U0/MicroBlaze_Core_I/Performance.Core/Data_Flow_I/MUL_Unit_I/Use_HW_MUL.Using_DSP48_Architectures.No_MUL64.dsp_module_I2/Using_DSP48E1.DSP48E1_I1/Using_FPGA.DSP48E1_I1 input system_i/microblaze_0/U0/MicroBlaze_Core_I/Performance.Core/Data_Flow_I/MUL_Unit_I/Use_HW_MUL.Using_DSP48_Architectures.No_MUL64.dsp_module_I2/Using_DSP48E1.DSP48E1_I1/Using_FPGA.DSP48E1_I1/B[17:0] is not pipelined. Pipelining DSP48 input will improve performance.
WARNING: [DRC DPIP-1] Input pipelining: DSP system_i/microblaze_0/U0/MicroBlaze_Core_I/Performance.Core/Data_Flow_I/MUL_Unit_I/Use_HW_MUL.Using_DSP48_Architectures.dsp_module_I1/Using_DSP48E1.DSP48E1_I1/Using_FPGA.DSP48E1_I1 input system_i/microblaze_0/U0/MicroBlaze_Core_I/Performance.Core/Data_Flow_I/MUL_Unit_I/Use_HW_MUL.Using_DSP48_Architectures.dsp_module_I1/Using_DSP48E1.DSP48E1_I1/Using_FPGA.DSP48E1_I1/A[29:0] is not pipelined. Pipelining DSP48 input will improve performance.
WARNING: [DRC DPIP-1] Input pipelining: DSP system_i/microblaze_0/U0/MicroBlaze_Core_I/Performance.Core/Data_Flow_I/MUL_Unit_I/Use_HW_MUL.Using_DSP48_Architectures.dsp_module_I1/Using_DSP48E1.DSP48E1_I1/Using_FPGA.DSP48E1_I1 input system_i/microblaze_0/U0/MicroBlaze_Core_I/Performance.Core/Data_Flow_I/MUL_Unit_I/Use_HW_MUL.Using_DSP48_Architectures.dsp_module_I1/Using_DSP48E1.DSP48E1_I1/Using_FPGA.DSP48E1_I1/B[17:0] is not pipelined. Pipelining DSP48 input will improve performance.
WARNING: [DRC DPOP-1] PREG Output pipelining: DSP system_i/microblaze_0/U0/MicroBlaze_Core_I/Performance.Core/Data_Flow_I/MUL_Unit_I/Use_HW_MUL.Using_DSP48_Architectures.No_MUL64.dsp_module_I3/Using_DSP48E1.DSP48E1_I1/Using_FPGA.DSP48E1_I1 output system_i/microblaze_0/U0/MicroBlaze_Core_I/Performance.Core/Data_Flow_I/MUL_Unit_I/Use_HW_MUL.Using_DSP48_Architectures.No_MUL64.dsp_module_I3/Using_DSP48E1.DSP48E1_I1/Using_FPGA.DSP48E1_I1/P[47:0] is not pipelined (PREG=0). Pipelining the DSP48 output will improve performance and often saves power so it is suggested whenever possible to fully pipeline this function.  If this DSP48 function was inferred, it is suggested to describe an additional register stage after this function.  If the DSP48 was instantiated in the design, it is suggested to set the PREG attribute to 1.
WARNING: [DRC DPOP-2] MREG Output pipelining: DSP system_i/microblaze_0/U0/MicroBlaze_Core_I/Performance.Core/Data_Flow_I/MUL_Unit_I/Use_HW_MUL.Using_DSP48_Architectures.dsp_module_I1/Using_DSP48E1.DSP48E1_I1/Using_FPGA.DSP48E1_I1 multiplier stage system_i/microblaze_0/U0/MicroBlaze_Core_I/Performance.Core/Data_Flow_I/MUL_Unit_I/Use_HW_MUL.Using_DSP48_Architectures.dsp_module_I1/Using_DSP48E1.DSP48E1_I1/Using_FPGA.DSP48E1_I1/P[47:0] is not pipelined (MREG=0). Pipelining the multiplier function will improve performance and will save significant power so it is suggested whenever possible to fully pipeline this function.  If this multiplier was inferred, it is suggested to describe an additional register stage after this function.  If there is no registered adder/accumulator following the multiply function, two pipeline stages are suggested to allow both the MREG and PREG registers to be used.  If the DSP48 was instantiated in the design, it is suggested to set both the MREG and PREG attributes to 1 when performing multiply functions.
WARNING: [DRC REQP-1709] Clock output buffering: PLLE2_ADV connectivity violation. The signal system_i/mig_7series_0/u_system_mig_7series_0_1_mig/u_ddr2_infrastructure/pll_clk3_out on the system_i/mig_7series_0/u_system_mig_7series_0_1_mig/u_ddr2_infrastructure/plle2_i/CLKOUT3 pin of system_i/mig_7series_0/u_system_mig_7series_0_1_mig/u_ddr2_infrastructure/plle2_i does not drive the same kind of BUFFER load as the other CLKOUT pins. Routing from the different buffer types will not be phase aligned.
WARNING: [DRC RTSTAT-10] No routable loads: 25 net(s) have no routable loads. The problem bus(es) and/or net(s) are dbg_hub/inst/BSCANID.u_xsdbm_id/CORE_XSDB.UUT_MASTER/U_ICON_INTERFACE/U_CMD6_RD/U_RD_FIFO/SUBCORE_FIFO.xsdbm_v3_0_0_rdfifo_inst/inst_fifo_gen/gconvfifo.rf/grf.rf/gntv_or_sync_fifo.gl0.rd/gr1.gr1_int.rfwft/aempty_fwft_i, dbg_hub/inst/BSCANID.u_xsdbm_id/CORE_XSDB.UUT_MASTER/U_ICON_INTERFACE/U_CMD7_CTL/ctl_reg[2:0], dbg_hub/inst/BSCANID.u_xsdbm_id/CORE_XSDB.UUT_MASTER/U_ICON_INTERFACE/U_CMD1/ctl_reg_en_2[1], dbg_hub/inst/BSCANID.u_xsdbm_id/CORE_XSDB.UUT_MASTER/U_ICON_INTERFACE/U_CMD7_CTL/ctl_reg_en_2[1], dbg_hub/inst/BSCANID.u_xsdbm_id/SWITCH_N_EXT_BSCAN.bscan_switch/m_bscan_capture[0], dbg_hub/inst/BSCANID.u_xsdbm_id/SWITCH_N_EXT_BSCAN.bscan_switch/m_bscan_drck[0], dbg_hub/inst/BSCANID.u_xsdbm_id/SWITCH_N_EXT_BSCAN.bscan_switch/m_bscan_runtest[0], dbg_hub/inst/BSCANID.u_xsdbm_id/CORE_XSDB.UUT_MASTER/U_ICON_INTERFACE/U_CMD6_RD/U_RD_FIFO/SUBCORE_FIFO.xsdbm_v3_0_0_rdfifo_inst/inst_fifo_gen/gconvfifo.rf/grf.rf/gntv_or_sync_fifo.gl0.wr/gwhf.whf/overflow, dbg_hub/inst/BSCANID.u_xsdbm_id/CORE_XSDB.UUT_MASTER/U_ICON_INTERFACE/U_CMD6_WR/U_WR_FIFO/SUBCORE_FIFO.xsdbm_v3_0_0_wrfifo_inst/inst_fifo_gen/gconvfifo.rf/grf.rf/gntv_or_sync_fifo.gl0.wr/gwhf.whf/overflow, dbg_hub/inst/BSCANID.u_xsdbm_id/CORE_XSDB.UUT_MASTER/U_ICON_INTERFACE/U_CMD6_RD/U_RD_FIFO/SUBCORE_FIFO.xsdbm_v3_0_0_rdfifo_inst/inst_fifo_gen/gconvfifo.rf/grf.rf/gntv_or_sync_fifo.gl0.rd/gras.rsts/ram_empty_i, dbg_hub/inst/BSCANID.u_xsdbm_id/CORE_XSDB.UUT_MASTER/U_ICON_INTERFACE/U_CMD6_WR/U_WR_FIFO/SUBCORE_FIFO.xsdbm_v3_0_0_wrfifo_inst/inst_fifo_gen/gconvfifo.rf/grf.rf/gntv_or_sync_fifo.gl0.wr/gwas.wsts/ram_full_i, dbg_hub/inst/BSCANID.u_xsdbm_id/CORE_XSDB.UUT_MASTER/U_ICON_INTERFACE/U_CMD6_WR/U_WR_FIFO/SUBCORE_FIFO.xsdbm_v3_0_0_wrfifo_inst/inst_fifo_gen/gconvfifo.rf/grf.rf/rstblk/rd_rst_reg[0], dbg_hub/inst/BSCANID.u_xsdbm_id/SWITCH_N_EXT_BSCAN.bscan_inst/s_bscan_tms, u_ila_0/inst/ila_core_inst/u_ila_regs/U_XSDB_SLAVE/s_daddr_o[13], u_ila_0/inst/ila_core_inst/u_ila_regs/U_XSDB_SLAVE/s_daddr_o[14]... and (the first 15 of 23 listed).
INFO: [Vivado 12-3199] DRC finished with 0 Errors, 8 Warnings
INFO: [Vivado 12-3200] Please refer to the DRC report (report_drc) for more information.
INFO: [Memdata 28-144] Successfully populated the BRAM INIT strings from the following elf files: c:/Users/zande/Documents/VSCODE/SchoolStuff/ece153a/Labs/HardwareSetup/lab2b/lab2b.srcs/sources_1/bd/system/ip/system_microblaze_0_0/data/mb_bootloop_le.elf 
INFO: [Designutils 20-2272] Running write_bitstream with 2 threads.
Loading data files...
Loading site data...
Loading route data...
Processing options...
Creating bitmap...
Creating bitstream...
Writing bitstream ./system_wrapper.bit...
INFO: [Vivado 12-1842] Bitgen Completed Successfully.
INFO: [Project 1-120] WebTalk data collection is mandatory when using a WebPACK part without a full Vivado license. To see the specific WebTalk data collected for your design, open the usage_statistics_webtalk.html or usage_statistics_webtalk.xml file in the implementation directory.
INFO: [Common 17-83] Releasing license: Implementation
39 Infos, 9 Warnings, 0 Critical Warnings and 0 Errors encountered.
write_bitstream completed successfully
write_bitstream: Time (s): cpu = 00:00:29 ; elapsed = 00:00:51 . Memory (MB): peak = 1994.805 ; gain = 524.848
INFO: [Common 17-206] Exiting Vivado at Thu Nov  2 16:18:30 2023...
